[W11] Starting hourly-chunked worker for 2 dates
[W11] Rebuilding 2025-10-16 (hourly chunks)...
[W11]   Hour 00:00 - Fetching events...
[W11]   Hour 00:00 - Processing 209,549 events...
[W11]   Hour 00:00 - Complete (59,417 total rows so far)
[W11]   Hour 01:00 - Fetching events...
[W11]   Hour 01:00 - Processing 403,779 events...
[W11]   Hour 01:00 - Complete (154,873 total rows so far)
[W11]   Hour 02:00 - Fetching events...
[W11]   Hour 02:00 - Processing 420,918 events...
[W11]   Hour 02:00 - Complete (261,441 total rows so far)
[W11]   Hour 03:00 - Fetching events...
[W11]   Hour 03:00 - Processing 774,821 events...
[W11]   Hour 03:00 - Complete (418,266 total rows so far)
[W11]   Hour 04:00 - Fetching events...
[W11]   Hour 04:00 - Processing 516,799 events...
[W11]   Hour 04:00 - Complete (541,432 total rows so far)
[W11]   Hour 05:00 - Fetching events...
[W11]   Hour 05:00 - Processing 350,008 events...
[W11]   Hour 05:00 - Complete (637,471 total rows so far)
[W11]   Hour 06:00 - Fetching events...
[W11]   Hour 06:00 - Processing 314,527 events...
[W11]   Hour 06:00 - Complete (722,305 total rows so far)
[W11]   Hour 07:00 - Fetching events...
[W11]   Hour 07:00 - Processing 309,620 events...
[W11]   Hour 07:00 - Complete (807,621 total rows so far)
[W11]   Hour 08:00 - Fetching events...
[W11]   Hour 08:00 - Processing 629,942 events...
[W11]   Hour 08:00 - Complete (951,972 total rows so far)
[W11]   Hour 09:00 - Fetching events...
[W11]   Hour 09:00 - Processing 4,792,789 events...
[W11]   Hour 09:00 - Complete (1,327,219 total rows so far)
[W11]   Hour 10:00 - Fetching events...
[W11]   Hour 10:00 - Processing 7,051,925 events...
[W11]   Hour 10:00 - Complete (1,820,147 total rows so far)
[W11]   Hour 11:00 - Fetching events...
[W11]   Hour 11:00 - Processing 6,703,676 events...
[W11]   Hour 11:00 - Complete (2,235,142 total rows so far)
[W11]   Hour 12:00 - Fetching events...
[W11]   Hour 12:00 - Processing 8,094,259 events...
[W11]   Hour 12:00 - Complete (2,666,968 total rows so far)
[W11]   Hour 13:00 - Fetching events...
[W11]   Hour 13:00 - Processing 5,570,765 events...
[W11]   Hour 13:00 - Complete (3,110,337 total rows so far)
[W11]   Hour 14:00 - Fetching events...
[W11]   Hour 14:00 - Processing 6,049,062 events...
[W11]   Hour 14:00 - Complete (3,617,525 total rows so far)
[W11]   Hour 15:00 - Fetching events...
[W11]   Hour 15:00 - Processing 4,989,409 events...
[W11]   Hour 15:00 - Complete (4,059,147 total rows so far)
[W11]   Hour 16:00 - Fetching events...
[W11]   Hour 16:00 - Processing 711,188 events...
[W11]   Hour 16:00 - Complete (4,190,656 total rows so far)
[W11]   Hour 17:00 - Fetching events...
[W11]   Hour 17:00 - Processing 4,185 events...
[W11]   Hour 17:00 - Complete (4,192,694 total rows so far)
[W11]   Hour 18:00 - Fetching events...
[W11]   Hour 18:00 - Processing 404,648 events...
[W11]   Hour 18:00 - Complete (4,313,963 total rows so far)
[W11]   Hour 19:00 - Fetching events...
[W11]   Hour 19:00 - Processing 577,973 events...
[W11]   Hour 19:00 - Complete (4,462,086 total rows so far)
[W11]   Hour 20:00 - Fetching events...
[W11]   Hour 20:00 - Processing 594,546 events...
[W11]   Hour 20:00 - Complete (4,588,061 total rows so far)
[W11]   Hour 21:00 - Fetching events...
[W11]   Hour 21:00 - Processing 594,202 events...
[W11]   Hour 21:00 - Complete (4,710,466 total rows so far)
[W11]   Hour 22:00 - Fetching events...
[W11]   Hour 22:00 - Processing 468,652 events...
[W11]   Hour 22:00 - Complete (4,815,886 total rows so far)
[W11]   Hour 23:00 - Fetching events...
[W11]   Hour 23:00 - Processing 408,940 events...
[W11]   Hour 23:00 - Complete (4,907,511 total rows so far)
[W11]   Complete: 4,907,511 heatmap rows, 6,380 active orders, 50,946,182 events
[W11] Rebuilding 2025-10-17 (hourly chunks)...
[W11]   Hour 00:00 - Fetching events...
[W11]   Hour 00:00 - Processing 344,877 events...
[W11]   Hour 00:00 - Complete (87,021 total rows so far)
[W11]   Hour 01:00 - Fetching events...
[W11]   Hour 01:00 - Processing 640,118 events...
[W11]   Hour 01:00 - Complete (236,037 total rows so far)
[W11]   Hour 02:00 - Fetching events...
[W11]   Hour 02:00 - Processing 864,190 events...
[W11]   Hour 02:00 - Complete (433,249 total rows so far)
[W11]   Hour 03:00 - Fetching events...
[W11]   Hour 03:00 - Processing 1,982,640 events...
[W11]   Hour 03:00 - Complete (721,980 total rows so far)
[W11]   Hour 04:00 - Fetching events...
[W11]   Hour 04:00 - Processing 1,381,256 events...
[W11]   Hour 04:00 - Complete (925,320 total rows so far)
[W11]   Hour 05:00 - Fetching events...
[W11]   Hour 05:00 - Processing 750,193 events...
[W11]   Hour 05:00 - Complete (1,070,471 total rows so far)
[W11]   Hour 06:00 - Fetching events...
[W11]   Hour 06:00 - Processing 1,019,244 events...
[W11]   Hour 06:00 - Complete (1,244,590 total rows so far)
[W11]   Hour 07:00 - Fetching events...
[W11]   Hour 07:00 - Processing 1,544,523 events...
[W11]   Hour 07:00 - Complete (1,472,351 total rows so far)
[W11]   Hour 08:00 - Fetching events...
[W11]   Hour 08:00 - Processing 1,151,417 events...
[W11]   Hour 08:00 - Complete (1,657,284 total rows so far)
[W11]   Hour 09:00 - Fetching events...
[W11]   Hour 09:00 - Processing 5,443,471 events...
[W11]   Hour 09:00 - Complete (2,080,424 total rows so far)
[W11]   Hour 10:00 - Fetching events...
[W11]   Hour 10:00 - Processing 7,793,754 events...
[W11]   Hour 10:00 - Complete (2,634,845 total rows so far)
[W11]   Hour 11:00 - Fetching events...
[W11]   Hour 11:00 - Processing 6,423,476 events...
[W11]   Hour 11:00 - Complete (3,138,564 total rows so far)
[W11]   Hour 12:00 - Fetching events...
[W11]   Hour 12:00 - Processing 4,099,467 events...
[W11]   Hour 12:00 - Complete (3,519,411 total rows so far)
[W11]   Hour 13:00 - Fetching events...
[W11]   Hour 13:00 - Processing 3,878,155 events...
[W11]   Hour 13:00 - Complete (3,881,642 total rows so far)
[W11]   Hour 14:00 - Fetching events...
[W11]   Hour 14:00 - Processing 2,623,053 events...
[W11]   Hour 14:00 - Complete (4,134,052 total rows so far)
[W11]   Hour 15:00 - Fetching events...
[W11]   Hour 15:00 - Processing 2,685,969 events...
[W11]   Hour 15:00 - Complete (4,381,718 total rows so far)
[W11]   Hour 16:00 - Fetching events...
[W11]   Hour 16:00 - Processing 376,477 events...
[W11]   Hour 16:00 - Complete (4,459,362 total rows so far)
[W11]   Hour 17:00 - Fetching events...
[W11]   Hour 17:00 - Processing 3,532 events...
[W11]   Hour 17:00 - Complete (4,460,870 total rows so far)
[W11]   Hour 18:00 - Fetching events...
[W11]   Hour 18:00 - No events
[W11]   Hour 19:00 - Fetching events...
[W11]   Hour 19:00 - No events
[W11]   Hour 20:00 - Fetching events...
[W11]   Hour 20:00 - No events
[W11]   Hour 21:00 - Fetching events...
[W11]   Hour 21:00 - No events
[W11]   Hour 22:00 - Fetching events...
[W11]   Hour 22:00 - No events
[W11]   Hour 23:00 - Fetching events...
[W11]   Hour 23:00 - No events
[W11]   Complete: 4,460,870 heatmap rows, 1,332 active orders, 43,005,812 events
[W11] Worker complete: 9,368,381 total rows
