[W9] Starting hourly-chunked worker for 1 dates
[W9] Rebuilding 2025-10-13 (hourly chunks)...
[W9]   Hour 00:00 - Fetching events...
[W9]   Hour 00:00 - Processing 288,672 events...
[W9]   Hour 00:00 - Complete (79,713 total rows so far)
[W9]   Hour 01:00 - Fetching events...
[W9]   Hour 01:00 - Processing 306,577 events...
[W9]   Hour 01:00 - Complete (163,649 total rows so far)
[W9]   Hour 02:00 - Fetching events...
[W9]   Hour 02:00 - Processing 476,322 events...
[W9]   Hour 02:00 - Complete (277,124 total rows so far)
[W9]   Hour 03:00 - Fetching events...
[W9]   Hour 03:00 - Processing 841,789 events...
[W9]   Hour 03:00 - Complete (441,303 total rows so far)
[W9]   Hour 04:00 - Fetching events...
[W9]   Hour 04:00 - Processing 631,043 events...
[W9]   Hour 04:00 - Complete (588,222 total rows so far)
[W9]   Hour 05:00 - Fetching events...
[W9]   Hour 05:00 - Processing 392,952 events...
[W9]   Hour 05:00 - Complete (698,147 total rows so far)
[W9]   Hour 06:00 - Fetching events...
[W9]   Hour 06:00 - Processing 434,248 events...
[W9]   Hour 06:00 - Complete (814,383 total rows so far)
[W9]   Hour 07:00 - Fetching events...
[W9]   Hour 07:00 - Processing 1,344,030 events...
[W9]   Hour 07:00 - Complete (1,076,416 total rows so far)
[W9]   Hour 08:00 - Fetching events...
[W9]   Hour 08:00 - Processing 845,203 events...
[W9]   Hour 08:00 - Complete (1,250,648 total rows so far)
[W9]   Hour 09:00 - Fetching events...
[W9]   Hour 09:00 - Processing 6,321,847 events...
[W9]   Hour 09:00 - Complete (1,727,140 total rows so far)
[W9]   Hour 10:00 - Fetching events...
[W9]   Hour 10:00 - Processing 7,230,204 events...
[W9]   Hour 10:00 - Complete (2,190,423 total rows so far)
[W9]   Hour 11:00 - Fetching events...
[W9]   Hour 11:00 - Processing 3,931,286 events...
[W9]   Hour 11:00 - Complete (2,495,600 total rows so far)
[W9]   Hour 12:00 - Fetching events...
[W9]   Hour 12:00 - Processing 2,677,330 events...
[W9]   Hour 12:00 - Complete (2,735,492 total rows so far)
[W9]   Hour 13:00 - Fetching events...
[W9]   Hour 13:00 - Processing 2,566,639 events...
[W9]   Hour 13:00 - Complete (2,967,804 total rows so far)
[W9]   Hour 14:00 - Fetching events...
[W9]   Hour 14:00 - Processing 2,037,501 events...
[W9]   Hour 14:00 - Complete (3,173,990 total rows so far)
[W9]   Hour 15:00 - Fetching events...
[W9]   Hour 15:00 - Processing 2,612,415 events...
[W9]   Hour 15:00 - Complete (3,410,141 total rows so far)
[W9]   Hour 16:00 - Fetching events...
[W9]   Hour 16:00 - Processing 364,641 events...
[W9]   Hour 16:00 - Complete (3,473,458 total rows so far)
[W9]   Hour 17:00 - Fetching events...
[W9]   Hour 17:00 - Processing 4,757 events...
[W9]   Hour 17:00 - Complete (3,475,555 total rows so far)
[W9]   Hour 18:00 - Fetching events...
[W9]   Hour 18:00 - Processing 162,742 events...
[W9]   Hour 18:00 - Complete (3,534,741 total rows so far)
[W9]   Hour 19:00 - Fetching events...
[W9]   Hour 19:00 - Processing 204,603 events...
[W9]   Hour 19:00 - Complete (3,601,545 total rows so far)
[W9]   Hour 20:00 - Fetching events...
[W9]   Hour 20:00 - Processing 624,164 events...
[W9]   Hour 20:00 - Complete (3,722,930 total rows so far)
[W9]   Hour 21:00 - Fetching events...
[W9]   Hour 21:00 - Processing 489,620 events...
[W9]   Hour 21:00 - Complete (3,833,694 total rows so far)
[W9]   Hour 22:00 - Fetching events...
[W9]   Hour 22:00 - Processing 343,430 events...
[W9]   Hour 22:00 - Complete (3,922,675 total rows so far)
[W9]   Hour 23:00 - Fetching events...
[W9]   Hour 23:00 - Processing 432,230 events...
[W9]   Hour 23:00 - Complete (4,027,643 total rows so far)
[W9]   Complete: 4,027,643 heatmap rows, 6,239 active orders, 35,564,245 events
[W9] Worker complete: 4,027,643 total rows
