=== Safe Multi-Scale Rollup Builder ===

Fetching trading dates...
Found 28 trading dates: 2025-09-21 to 2025-10-22

Creating canonical symbol function...
Setting up 5S heatmap table...
Setting up 30S heatmap table...
Setting up 1M heatmap table...
Setting up 5M heatmap table...

Processing dates...

[1/28] Processing 2025-09-21...
  Rolling up 1S -> 5S for 2025-09-21...
  Rolling up 5S -> 30S for 2025-09-21...
  Rolling up 30S -> 1M for 2025-09-21...
  Rolling up 1M -> 5M for 2025-09-21...
  ✓ Complete: 2025-09-21

[2/28] Processing 2025-09-22...
  Rolling up 1S -> 5S for 2025-09-22...
  Rolling up 5S -> 30S for 2025-09-22...
  Rolling up 30S -> 1M for 2025-09-22...
  Rolling up 1M -> 5M for 2025-09-22...
  ✓ Complete: 2025-09-22

[3/28] Processing 2025-09-23...
  Rolling up 1S -> 5S for 2025-09-23...
  Rolling up 5S -> 30S for 2025-09-23...
  Rolling up 30S -> 1M for 2025-09-23...
  Rolling up 1M -> 5M for 2025-09-23...
  ✓ Complete: 2025-09-23

[4/28] Processing 2025-09-24...
  Rolling up 1S -> 5S for 2025-09-24...
  Rolling up 5S -> 30S for 2025-09-24...
  Rolling up 30S -> 1M for 2025-09-24...
  Rolling up 1M -> 5M for 2025-09-24...
  ✓ Complete: 2025-09-24

[5/28] Processing 2025-09-25...
  Rolling up 1S -> 5S for 2025-09-25...
  Rolling up 5S -> 30S for 2025-09-25...
  Rolling up 30S -> 1M for 2025-09-25...
  Rolling up 1M -> 5M for 2025-09-25...
  ✓ Complete: 2025-09-25

[6/28] Processing 2025-09-26...
  Rolling up 1S -> 5S for 2025-09-26...
  Rolling up 5S -> 30S for 2025-09-26...
  Rolling up 30S -> 1M for 2025-09-26...
  Rolling up 1M -> 5M for 2025-09-26...
  ✓ Complete: 2025-09-26

[7/28] Processing 2025-09-28...
  Rolling up 1S -> 5S for 2025-09-28...
  Rolling up 5S -> 30S for 2025-09-28...
  Rolling up 30S -> 1M for 2025-09-28...
  Rolling up 1M -> 5M for 2025-09-28...
  ✓ Complete: 2025-09-28

[8/28] Processing 2025-09-29...
  Rolling up 1S -> 5S for 2025-09-29...
  Rolling up 5S -> 30S for 2025-09-29...
  Rolling up 30S -> 1M for 2025-09-29...
  Rolling up 1M -> 5M for 2025-09-29...
  ✓ Complete: 2025-09-29

[9/28] Processing 2025-09-30...
  Rolling up 1S -> 5S for 2025-09-30...
  Rolling up 5S -> 30S for 2025-09-30...
  Rolling up 30S -> 1M for 2025-09-30...
  Rolling up 1M -> 5M for 2025-09-30...
  ✓ Complete: 2025-09-30

[10/28] Processing 2025-10-01...
  Rolling up 1S -> 5S for 2025-10-01...
  Rolling up 5S -> 30S for 2025-10-01...
  Rolling up 30S -> 1M for 2025-10-01...
  Rolling up 1M -> 5M for 2025-10-01...
  ✓ Complete: 2025-10-01

[11/28] Processing 2025-10-02...
  Rolling up 1S -> 5S for 2025-10-02...
  Rolling up 5S -> 30S for 2025-10-02...
  Rolling up 30S -> 1M for 2025-10-02...
  Rolling up 1M -> 5M for 2025-10-02...
  ✓ Complete: 2025-10-02

[12/28] Processing 2025-10-03...
  Rolling up 1S -> 5S for 2025-10-03...
  Rolling up 5S -> 30S for 2025-10-03...
  Rolling up 30S -> 1M for 2025-10-03...
  Rolling up 1M -> 5M for 2025-10-03...
  ✓ Complete: 2025-10-03

[13/28] Processing 2025-10-05...
  Rolling up 1S -> 5S for 2025-10-05...
  Rolling up 5S -> 30S for 2025-10-05...
  Rolling up 30S -> 1M for 2025-10-05...
  Rolling up 1M -> 5M for 2025-10-05...
  ✓ Complete: 2025-10-05

[14/28] Processing 2025-10-06...
  Rolling up 1S -> 5S for 2025-10-06...
  Rolling up 5S -> 30S for 2025-10-06...
  Rolling up 30S -> 1M for 2025-10-06...
  Rolling up 1M -> 5M for 2025-10-06...
  ✓ Complete: 2025-10-06

[15/28] Processing 2025-10-07...
  Rolling up 1S -> 5S for 2025-10-07...
  Rolling up 5S -> 30S for 2025-10-07...
  Rolling up 30S -> 1M for 2025-10-07...
  Rolling up 1M -> 5M for 2025-10-07...
  ✓ Complete: 2025-10-07

[16/28] Processing 2025-10-08...
  Rolling up 1S -> 5S for 2025-10-08...
  Rolling up 5S -> 30S for 2025-10-08...
  Rolling up 30S -> 1M for 2025-10-08...
  Rolling up 1M -> 5M for 2025-10-08...
  ✓ Complete: 2025-10-08

[17/28] Processing 2025-10-09...
  Rolling up 1S -> 5S for 2025-10-09...
  Rolling up 5S -> 30S for 2025-10-09...
  Rolling up 30S -> 1M for 2025-10-09...
  Rolling up 1M -> 5M for 2025-10-09...
  ✓ Complete: 2025-10-09

[18/28] Processing 2025-10-10...
  Rolling up 1S -> 5S for 2025-10-10...
  Rolling up 5S -> 30S for 2025-10-10...
  Rolling up 30S -> 1M for 2025-10-10...
  Rolling up 1M -> 5M for 2025-10-10...
  ✓ Complete: 2025-10-10

[19/28] Processing 2025-10-12...
  Rolling up 1S -> 5S for 2025-10-12...
  Rolling up 5S -> 30S for 2025-10-12...
  Rolling up 30S -> 1M for 2025-10-12...
  Rolling up 1M -> 5M for 2025-10-12...
  ✓ Complete: 2025-10-12

[20/28] Processing 2025-10-13...
  Rolling up 1S -> 5S for 2025-10-13...
  Rolling up 5S -> 30S for 2025-10-13...
  Rolling up 30S -> 1M for 2025-10-13...
  Rolling up 1M -> 5M for 2025-10-13...
  ✓ Complete: 2025-10-13

[21/28] Processing 2025-10-14...
  Rolling up 1S -> 5S for 2025-10-14...
  Rolling up 5S -> 30S for 2025-10-14...
  Rolling up 30S -> 1M for 2025-10-14...
  Rolling up 1M -> 5M for 2025-10-14...
  ✓ Complete: 2025-10-14

[22/28] Processing 2025-10-15...
  Rolling up 1S -> 5S for 2025-10-15...
  Rolling up 5S -> 30S for 2025-10-15...
  Rolling up 30S -> 1M for 2025-10-15...
  Rolling up 1M -> 5M for 2025-10-15...
  ✓ Complete: 2025-10-15

[23/28] Processing 2025-10-16...
  Rolling up 1S -> 5S for 2025-10-16...
  Rolling up 5S -> 30S for 2025-10-16...
  Rolling up 30S -> 1M for 2025-10-16...
  Rolling up 1M -> 5M for 2025-10-16...
  ✓ Complete: 2025-10-16

[24/28] Processing 2025-10-17...
  Rolling up 1S -> 5S for 2025-10-17...
  Rolling up 5S -> 30S for 2025-10-17...
  Rolling up 30S -> 1M for 2025-10-17...
  Rolling up 1M -> 5M for 2025-10-17...
  ✓ Complete: 2025-10-17

[25/28] Processing 2025-10-19...
  Rolling up 1S -> 5S for 2025-10-19...
  Rolling up 5S -> 30S for 2025-10-19...
  Rolling up 30S -> 1M for 2025-10-19...
  Rolling up 1M -> 5M for 2025-10-19...
  ✓ Complete: 2025-10-19

[26/28] Processing 2025-10-20...
  Rolling up 1S -> 5S for 2025-10-20...
  Rolling up 5S -> 30S for 2025-10-20...
  Rolling up 30S -> 1M for 2025-10-20...
  Rolling up 1M -> 5M for 2025-10-20...
  ✓ Complete: 2025-10-20

[27/28] Processing 2025-10-21...
  Rolling up 1S -> 5S for 2025-10-21...
  Rolling up 5S -> 30S for 2025-10-21...
  Rolling up 30S -> 1M for 2025-10-21...
  Rolling up 1M -> 5M for 2025-10-21...
  ✓ Complete: 2025-10-21

[28/28] Processing 2025-10-22...
  Rolling up 1S -> 5S for 2025-10-22...
  Rolling up 5S -> 30S for 2025-10-22...
  Rolling up 30S -> 1M for 2025-10-22...
  Rolling up 1M -> 5M for 2025-10-22...
  ✓ Complete: 2025-10-22

=== Final Row Counts ===
  5S: 629,120,490 rows
  30S: 106,612,449 rows
  1M: 53,943,197 rows
  5M: 11,385,032 rows

✓ All rollups complete!
