[W11] Starting worker for 2 dates
[W11] Rebuilding 2025-10-16...
[W11]   Fetching MBO events...
[W11]   Loaded 50,946,182 events
[W11]   Processing 86,401 time buckets
[W11]   → Inserted 100,258 rows (452/86,401 buckets)
[W11]   → Inserted 200,315 rows (731/86,401 buckets)
[W11]   → Inserted 300,568 rows (973/86,401 buckets)
[W11]   → Inserted 400,623 rows (1,199/86,401 buckets)
[W11]   → Inserted 500,679 rows (1,412/86,401 buckets)
[W11]   → Inserted 600,979 rows (1,615/86,401 buckets)
[W11]   → Inserted 701,431 rows (1,810/86,401 buckets)
[W11]   → Inserted 801,689 rows (2,004/86,401 buckets)
[W11]   → Inserted 901,967 rows (2,196/86,401 buckets)
[W11]   → Inserted 1,002,155 rows (2,385/86,401 buckets)
[W11]   → Inserted 1,102,602 rows (2,570/86,401 buckets)
[W11]   → Inserted 1,202,725 rows (2,750/86,401 buckets)
[W11]   → Inserted 1,302,940 rows (2,926/86,401 buckets)
[W11]   → Inserted 1,403,309 rows (3,100/86,401 buckets)
[W11]   → Inserted 1,503,576 rows (3,272/86,401 buckets)
[W11]   → Inserted 1,603,928 rows (3,444/86,401 buckets)
[W11]   → Inserted 1,704,295 rows (3,614/86,401 buckets)
[W11]   → Inserted 1,804,587 rows (3,779/86,401 buckets)
[W11]   → Inserted 1,904,688 rows (3,944/86,401 buckets)
[W11]   → Inserted 2,005,178 rows (4,108/86,401 buckets)
[W11]   → Inserted 2,105,730 rows (4,271/86,401 buckets)
[W11]   → Inserted 2,206,024 rows (4,432/86,401 buckets)
[W11]   → Inserted 2,306,482 rows (4,593/86,401 buckets)
[W11]   → Inserted 2,406,809 rows (4,754/86,401 buckets)
[W11]   → Inserted 2,507,118 rows (4,913/86,401 buckets)
[W11]   → Inserted 2,607,210 rows (5,070/86,401 buckets)
[W11]   → Inserted 2,707,649 rows (5,227/86,401 buckets)
[W11]   → Inserted 2,808,263 rows (5,382/86,401 buckets)
[W11]   → Inserted 2,908,592 rows (5,510/86,401 buckets)
[W11]   → Inserted 3,009,404 rows (5,633/86,401 buckets)
[W11]   → Inserted 3,109,442 rows (5,753/86,401 buckets)
[W11]   → Inserted 3,210,065 rows (5,873/86,401 buckets)
[W11]   → Inserted 3,310,659 rows (5,993/86,401 buckets)
[W11]   → Inserted 3,411,398 rows (6,110/86,401 buckets)
[W11]   → Inserted 3,511,970 rows (6,225/86,401 buckets)
[W11]   → Inserted 3,612,387 rows (6,339/86,401 buckets)
[W11]   → Inserted 3,712,919 rows (6,453/86,401 buckets)
[W11]   → Inserted 3,813,048 rows (6,567/86,401 buckets)
[W11]   → Inserted 3,913,209 rows (6,680/86,401 buckets)
[W11]   → Inserted 4,014,055 rows (6,795/86,401 buckets)
[W11]   → Inserted 4,114,563 rows (6,910/86,401 buckets)
[W11]   → Inserted 4,215,408 rows (7,024/86,401 buckets)
[W11]   → Inserted 4,315,905 rows (7,137/86,401 buckets)
[W11]   → Inserted 4,416,315 rows (7,249/86,401 buckets)
[W11]   → Inserted 4,516,640 rows (7,358/86,401 buckets)
[W11]   → Inserted 4,617,548 rows (7,467/86,401 buckets)
[W11]   → Inserted 4,717,904 rows (7,576/86,401 buckets)
[W11]   → Inserted 4,818,432 rows (7,686/86,401 buckets)
[W11]   → Inserted 4,919,064 rows (7,791/86,401 buckets)
[W11]   → Inserted 5,019,664 rows (7,894/86,401 buckets)
[W11]   → Inserted 5,120,194 rows (7,994/86,401 buckets)
[W11]   → Inserted 5,220,673 rows (8,093/86,401 buckets)
[W11]   → Inserted 5,321,611 rows (8,192/86,401 buckets)
[W11]   → Inserted 5,421,760 rows (8,290/86,401 buckets)
[W11]   → Inserted 5,521,835 rows (8,388/86,401 buckets)
[W11]   → Inserted 5,621,845 rows (8,485/86,401 buckets)
[W11]   → Inserted 5,721,904 rows (8,581/86,401 buckets)
[W11]   → Inserted 5,822,419 rows (8,677/86,401 buckets)
[W11]   → Inserted 5,922,479 rows (8,772/86,401 buckets)
[W11]   → Inserted 6,022,857 rows (8,867/86,401 buckets)
[W11]   → Inserted 6,123,658 rows (8,961/86,401 buckets)
[W11]   → Inserted 6,224,190 rows (9,053/86,401 buckets)
[W11]   → Inserted 6,324,245 rows (9,144/86,401 buckets)
[W11]   → Inserted 6,425,349 rows (9,235/86,401 buckets)
[W11]   → Inserted 6,526,264 rows (9,324/86,401 buckets)
[W11]   → Inserted 6,626,778 rows (9,412/86,401 buckets)
[W11]   → Inserted 6,727,687 rows (9,500/86,401 buckets)
[W11]   → Inserted 6,827,764 rows (9,587/86,401 buckets)
[W11]   → Inserted 6,928,552 rows (9,674/86,401 buckets)
[W11]   → Inserted 7,029,461 rows (9,761/86,401 buckets)
[W11]   → Inserted 7,130,358 rows (9,848/86,401 buckets)
[W11]   → Inserted 7,230,651 rows (9,933/86,401 buckets)
[W11]   10,000/86,401 buckets, 962,373/50,946,182 events, 7,310,455 rows
[W11]   → Inserted 7,330,720 rows (10,017/86,401 buckets)
[W11]   → Inserted 7,431,677 rows (10,102/86,401 buckets)
[W11]   → Inserted 7,532,153 rows (10,186/86,401 buckets)
[W11]   → Inserted 7,632,154 rows (10,269/86,401 buckets)
[W11]   → Inserted 7,732,385 rows (10,352/86,401 buckets)
[W11]   → Inserted 7,832,693 rows (10,435/86,401 buckets)
[W11]   → Inserted 7,933,741 rows (10,518/86,401 buckets)
[W11]   → Inserted 8,034,908 rows (10,601/86,401 buckets)
[W11]   → Inserted 8,135,231 rows (10,683/86,401 buckets)
[W11]   → Inserted 8,236,006 rows (10,765/86,401 buckets)
[W11]   → Inserted 8,336,125 rows (10,846/86,401 buckets)
[W11]   → Inserted 8,436,378 rows (10,927/86,401 buckets)
[W11]   → Inserted 8,536,385 rows (11,007/86,401 buckets)
[W11]   → Inserted 8,636,564 rows (11,087/86,401 buckets)
[W11]   → Inserted 8,736,783 rows (11,167/86,401 buckets)
[W11]   → Inserted 8,837,995 rows (11,248/86,401 buckets)
[W11]   → Inserted 8,939,102 rows (11,329/86,401 buckets)
[W11]   → Inserted 9,040,216 rows (11,410/86,401 buckets)
[W11]   → Inserted 9,140,243 rows (11,490/86,401 buckets)
[W11]   → Inserted 9,241,443 rows (11,571/86,401 buckets)
[W11]   → Inserted 9,341,971 rows (11,651/86,401 buckets)
[W11]   → Inserted 9,443,000 rows (11,731/86,401 buckets)
[W11]   → Inserted 9,543,277 rows (11,810/86,401 buckets)
[W11]   → Inserted 9,644,084 rows (11,889/86,401 buckets)
[W11]   → Inserted 9,744,950 rows (11,968/86,401 buckets)
[W11]   → Inserted 9,845,043 rows (12,046/86,401 buckets)
[W11]   → Inserted 9,945,429 rows (12,124/86,401 buckets)
[W11]   → Inserted 10,046,058 rows (12,202/86,401 buckets)
[W11]   → Inserted 10,146,866 rows (12,280/86,401 buckets)
[W11]   → Inserted 10,246,986 rows (12,357/86,401 buckets)
[W11]   → Inserted 10,347,074 rows (12,434/86,401 buckets)
[W11]   → Inserted 10,447,482 rows (12,511/86,401 buckets)
[W11]   → Inserted 10,547,991 rows (12,588/86,401 buckets)
[W11]   → Inserted 10,648,724 rows (12,665/86,401 buckets)
[W11]   → Inserted 10,749,611 rows (12,743/86,401 buckets)
[W11]   → Inserted 10,850,194 rows (12,821/86,401 buckets)
[W11]   → Inserted 10,950,730 rows (12,899/86,401 buckets)
[W11]   → Inserted 11,051,964 rows (12,977/86,401 buckets)
[W11]   → Inserted 11,153,041 rows (13,055/86,401 buckets)
[W11]   → Inserted 11,254,311 rows (13,133/86,401 buckets)
[W11]   → Inserted 11,355,222 rows (13,211/86,401 buckets)
[W11]   → Inserted 11,455,918 rows (13,289/86,401 buckets)
[W11]   → Inserted 11,556,141 rows (13,367/86,401 buckets)
[W11]   → Inserted 11,656,405 rows (13,445/86,401 buckets)
[W11]   → Inserted 11,757,222 rows (13,523/86,401 buckets)
[W11]   → Inserted 11,857,340 rows (13,600/86,401 buckets)
[W11]   → Inserted 11,957,389 rows (13,677/86,401 buckets)
[W11]   → Inserted 12,057,788 rows (13,754/86,401 buckets)
[W11]   → Inserted 12,158,356 rows (13,831/86,401 buckets)
[W11]   → Inserted 12,259,234 rows (13,908/86,401 buckets)
[W11]   → Inserted 12,360,339 rows (13,985/86,401 buckets)
[W11]   → Inserted 12,460,413 rows (14,061/86,401 buckets)
[W11]   → Inserted 12,560,553 rows (14,137/86,401 buckets)
[W11]   → Inserted 12,660,950 rows (14,214/86,401 buckets)
[W11]   → Inserted 12,761,103 rows (14,289/86,401 buckets)
[W11]   → Inserted 12,861,305 rows (14,363/86,401 buckets)
[W11]   → Inserted 12,961,458 rows (14,437/86,401 buckets)
[W11]   → Inserted 13,062,109 rows (14,511/86,401 buckets)
[W11]   → Inserted 13,163,388 rows (14,585/86,401 buckets)
[W11]   → Inserted 13,263,642 rows (14,658/86,401 buckets)
[W11]   → Inserted 13,364,155 rows (14,731/86,401 buckets)
[W11]   → Inserted 13,464,789 rows (14,804/86,401 buckets)
[W11]   → Inserted 13,565,516 rows (14,877/86,401 buckets)
[W11]   → Inserted 13,666,678 rows (14,950/86,401 buckets)
[W11]   → Inserted 13,767,188 rows (15,022/86,401 buckets)
[W11]   → Inserted 13,867,481 rows (15,094/86,401 buckets)
[W11]   → Inserted 13,967,864 rows (15,166/86,401 buckets)
[W11]   → Inserted 14,068,603 rows (15,238/86,401 buckets)
[W11]   → Inserted 14,169,312 rows (15,310/86,401 buckets)
[W11]   → Inserted 14,270,049 rows (15,382/86,401 buckets)
[W11]   → Inserted 14,370,737 rows (15,454/86,401 buckets)
[W11]   → Inserted 14,471,359 rows (15,526/86,401 buckets)
[W11]   → Inserted 14,572,033 rows (15,598/86,401 buckets)
[W11]   → Inserted 14,673,299 rows (15,670/86,401 buckets)
[W11]   → Inserted 14,773,765 rows (15,741/86,401 buckets)
[W11]   → Inserted 14,874,575 rows (15,812/86,401 buckets)
[W11]   → Inserted 14,975,445 rows (15,883/86,401 buckets)
[W11]   → Inserted 15,076,112 rows (15,954/86,401 buckets)
[W11]   → Inserted 15,176,907 rows (16,025/86,401 buckets)
[W11]   → Inserted 15,277,223 rows (16,096/86,401 buckets)
[W11]   → Inserted 15,378,484 rows (16,168/86,401 buckets)
[W11]   → Inserted 15,479,680 rows (16,240/86,401 buckets)
[W11]   → Inserted 15,580,947 rows (16,312/86,401 buckets)
[W11]   → Inserted 15,681,354 rows (16,383/86,401 buckets)
[W11]   → Inserted 15,781,618 rows (16,454/86,401 buckets)
[W11]   → Inserted 15,881,658 rows (16,525/86,401 buckets)
[W11]   → Inserted 15,981,703 rows (16,596/86,401 buckets)
[W11]   → Inserted 16,081,847 rows (16,667/86,401 buckets)
[W11]   → Inserted 16,183,012 rows (16,739/86,401 buckets)
[W11]   → Inserted 16,283,017 rows (16,810/86,401 buckets)
[W11]   → Inserted 16,383,280 rows (16,881/86,401 buckets)
[W11]   → Inserted 16,483,597 rows (16,952/86,401 buckets)
[W11]   → Inserted 16,584,106 rows (17,023/86,401 buckets)
[W11]   → Inserted 16,684,475 rows (17,094/86,401 buckets)
[W11]   → Inserted 16,784,839 rows (17,165/86,401 buckets)
[W11]   → Inserted 16,885,135 rows (17,236/86,401 buckets)
[W11]   → Inserted 16,985,720 rows (17,307/86,401 buckets)
[W11]   → Inserted 17,086,357 rows (17,379/86,401 buckets)
[W11]   → Inserted 17,186,535 rows (17,451/86,401 buckets)
[W11]   → Inserted 17,286,704 rows (17,523/86,401 buckets)
[W11]   → Inserted 17,386,818 rows (17,595/86,401 buckets)
[W11]   → Inserted 17,487,256 rows (17,667/86,401 buckets)
[W11]   → Inserted 17,587,524 rows (17,739/86,401 buckets)
[W11]   → Inserted 17,688,052 rows (17,811/86,401 buckets)
[W11]   → Inserted 17,788,356 rows (17,883/86,401 buckets)
[W11]   → Inserted 17,888,591 rows (17,955/86,401 buckets)
[W11]   → Inserted 17,989,034 rows (18,027/86,401 buckets)
[W11]   → Inserted 18,089,521 rows (18,099/86,401 buckets)
[W11]   → Inserted 18,189,746 rows (18,171/86,401 buckets)
[W11]   → Inserted 18,289,897 rows (18,243/86,401 buckets)
[W11]   → Inserted 18,390,275 rows (18,315/86,401 buckets)
[W11]   → Inserted 18,490,622 rows (18,387/86,401 buckets)
[W11]   → Inserted 18,591,129 rows (18,459/86,401 buckets)
[W11]   → Inserted 18,691,459 rows (18,531/86,401 buckets)
[W11]   → Inserted 18,791,553 rows (18,603/86,401 buckets)
[W11]   → Inserted 18,891,799 rows (18,675/86,401 buckets)
[W11]   → Inserted 18,992,492 rows (18,747/86,401 buckets)
[W11]   → Inserted 19,093,011 rows (18,819/86,401 buckets)
[W11]   → Inserted 19,193,490 rows (18,891/86,401 buckets)
[W11]   → Inserted 19,294,019 rows (18,963/86,401 buckets)
[W11]   → Inserted 19,394,297 rows (19,035/86,401 buckets)
[W11]   → Inserted 19,494,384 rows (19,107/86,401 buckets)
[W11]   → Inserted 19,595,699 rows (19,180/86,401 buckets)
[W11]   → Inserted 19,695,879 rows (19,252/86,401 buckets)
[W11]   → Inserted 19,796,447 rows (19,324/86,401 buckets)
[W11]   → Inserted 19,897,228 rows (19,396/86,401 buckets)
[W11]   → Inserted 19,998,107 rows (19,468/86,401 buckets)
[W11]   → Inserted 20,098,851 rows (19,540/86,401 buckets)
[W11]   → Inserted 20,199,615 rows (19,612/86,401 buckets)
[W11]   → Inserted 20,300,224 rows (19,684/86,401 buckets)
[W11]   → Inserted 20,400,970 rows (19,756/86,401 buckets)
[W11]   → Inserted 20,501,887 rows (19,828/86,401 buckets)
[W11]   → Inserted 20,602,705 rows (19,900/86,401 buckets)
[W11]   → Inserted 20,703,807 rows (19,972/86,401 buckets)
[W11]   20,000/86,401 buckets, 2,501,126/50,946,182 events, 20,743,112 rows
[W11]   → Inserted 20,804,967 rows (20,044/86,401 buckets)
[W11]   → Inserted 20,906,348 rows (20,116/86,401 buckets)
[W11]   → Inserted 21,007,313 rows (20,188/86,401 buckets)
[W11]   → Inserted 21,108,110 rows (20,260/86,401 buckets)
[W11]   → Inserted 21,208,630 rows (20,332/86,401 buckets)
[W11]   → Inserted 21,308,863 rows (20,404/86,401 buckets)
[W11]   → Inserted 21,409,232 rows (20,476/86,401 buckets)
[W11]   → Inserted 21,510,109 rows (20,548/86,401 buckets)
[W11]   → Inserted 21,610,765 rows (20,620/86,401 buckets)
[W11]   → Inserted 21,711,338 rows (20,692/86,401 buckets)
[W11]   → Inserted 21,812,463 rows (20,764/86,401 buckets)
[W11]   → Inserted 21,913,677 rows (20,836/86,401 buckets)
[W11]   → Inserted 22,013,922 rows (20,907/86,401 buckets)
[W11]   → Inserted 22,114,373 rows (20,978/86,401 buckets)
[W11]   → Inserted 22,215,066 rows (21,049/86,401 buckets)
[W11]   → Inserted 22,315,897 rows (21,120/86,401 buckets)
[W11]   → Inserted 22,416,148 rows (21,190/86,401 buckets)
[W11]   → Inserted 22,517,044 rows (21,260/86,401 buckets)
[W11]   → Inserted 22,617,893 rows (21,330/86,401 buckets)
[W11]   → Inserted 22,719,039 rows (21,400/86,401 buckets)
[W11]   → Inserted 22,820,332 rows (21,470/86,401 buckets)
[W11]   → Inserted 22,921,628 rows (21,540/86,401 buckets)
[W11]   → Inserted 23,023,013 rows (21,610/86,401 buckets)
[W11]   → Inserted 23,124,350 rows (21,680/86,401 buckets)
[W11]   → Inserted 23,225,583 rows (21,750/86,401 buckets)
[W11]   → Inserted 23,326,933 rows (21,820/86,401 buckets)
[W11]   → Inserted 23,427,085 rows (21,889/86,401 buckets)
[W11]   → Inserted 23,527,531 rows (21,958/86,401 buckets)
[W11]   → Inserted 23,628,030 rows (22,027/86,401 buckets)
[W11]   → Inserted 23,729,347 rows (22,096/86,401 buckets)
[W11]   → Inserted 23,829,726 rows (22,164/86,401 buckets)
[W11]   → Inserted 23,930,180 rows (22,232/86,401 buckets)
[W11]   → Inserted 24,030,242 rows (22,300/86,401 buckets)
[W11]   → Inserted 24,131,580 rows (22,369/86,401 buckets)
[W11]   → Inserted 24,232,034 rows (22,437/86,401 buckets)
[W11]   → Inserted 24,333,051 rows (22,505/86,401 buckets)
[W11]   → Inserted 24,434,308 rows (22,573/86,401 buckets)
[W11]   → Inserted 24,535,620 rows (22,641/86,401 buckets)
[W11]   → Inserted 24,637,062 rows (22,709/86,401 buckets)
[W11]   → Inserted 24,738,015 rows (22,777/86,401 buckets)
[W11]   → Inserted 24,839,161 rows (22,845/86,401 buckets)
[W11]   → Inserted 24,940,515 rows (22,913/86,401 buckets)
[W11]   → Inserted 25,040,719 rows (22,980/86,401 buckets)
[W11]   → Inserted 25,141,236 rows (23,047/86,401 buckets)
[W11]   → Inserted 25,241,606 rows (23,114/86,401 buckets)
[W11]   → Inserted 25,342,152 rows (23,181/86,401 buckets)
[W11]   → Inserted 25,442,755 rows (23,248/86,401 buckets)
[W11]   → Inserted 25,543,313 rows (23,315/86,401 buckets)
[W11]   → Inserted 25,644,077 rows (23,382/86,401 buckets)
[W11]   → Inserted 25,744,673 rows (23,449/86,401 buckets)
[W11]   → Inserted 25,845,396 rows (23,516/86,401 buckets)
[W11]   → Inserted 25,946,314 rows (23,583/86,401 buckets)
[W11]   → Inserted 26,047,626 rows (23,650/86,401 buckets)
[W11]   → Inserted 26,148,855 rows (23,717/86,401 buckets)
[W11]   → Inserted 26,250,056 rows (23,784/86,401 buckets)
[W11]   → Inserted 26,351,041 rows (23,851/86,401 buckets)
[W11]   → Inserted 26,452,050 rows (23,918/86,401 buckets)
[W11]   → Inserted 26,552,053 rows (23,984/86,401 buckets)
[W11]   → Inserted 26,652,102 rows (24,050/86,401 buckets)
[W11]   → Inserted 26,752,139 rows (24,116/86,401 buckets)
[W11]   → Inserted 26,852,328 rows (24,182/86,401 buckets)
[W11]   → Inserted 26,953,588 rows (24,249/86,401 buckets)
[W11]   → Inserted 27,053,590 rows (24,315/86,401 buckets)
[W11]   → Inserted 27,153,733 rows (24,381/86,401 buckets)
[W11]   → Inserted 27,254,833 rows (24,448/86,401 buckets)
[W11]   → Inserted 27,356,166 rows (24,515/86,401 buckets)
[W11]   → Inserted 27,457,636 rows (24,582/86,401 buckets)
[W11]   → Inserted 27,557,707 rows (24,648/86,401 buckets)
[W11]   → Inserted 27,659,162 rows (24,715/86,401 buckets)
[W11]   → Inserted 27,760,668 rows (24,782/86,401 buckets)
[W11]   → Inserted 27,860,800 rows (24,848/86,401 buckets)
[W11]   → Inserted 27,960,938 rows (24,914/86,401 buckets)
[W11]   → Inserted 28,061,090 rows (24,980/86,401 buckets)
[W11]   → Inserted 28,161,864 rows (25,046/86,401 buckets)
[W11]   → Inserted 28,262,501 rows (25,112/86,401 buckets)
[W11]   → Inserted 28,363,358 rows (25,178/86,401 buckets)
[W11]   → Inserted 28,464,827 rows (25,244/86,401 buckets)
[W11]   → Inserted 28,565,172 rows (25,309/86,401 buckets)
[W11]   → Inserted 28,666,090 rows (25,374/86,401 buckets)
[W11]   → Inserted 28,767,489 rows (25,439/86,401 buckets)
[W11]   → Inserted 28,868,885 rows (25,504/86,401 buckets)
[W11]   → Inserted 28,970,241 rows (25,569/86,401 buckets)
[W11]   → Inserted 29,071,644 rows (25,634/86,401 buckets)
[W11]   → Inserted 29,173,151 rows (25,699/86,401 buckets)
[W11]   → Inserted 29,274,481 rows (25,764/86,401 buckets)
[W11]   → Inserted 29,376,012 rows (25,829/86,401 buckets)
[W11]   → Inserted 29,476,337 rows (25,893/86,401 buckets)
[W11]   → Inserted 29,576,952 rows (25,957/86,401 buckets)
[W11]   → Inserted 29,677,832 rows (26,021/86,401 buckets)
[W11]   → Inserted 29,778,637 rows (26,085/86,401 buckets)
[W11]   → Inserted 29,879,547 rows (26,149/86,401 buckets)
[W11]   → Inserted 29,980,842 rows (26,213/86,401 buckets)
[W11]   → Inserted 30,081,942 rows (26,277/86,401 buckets)
[W11]   → Inserted 30,182,986 rows (26,341/86,401 buckets)
[W11]   → Inserted 30,284,077 rows (26,405/86,401 buckets)
[W11]   → Inserted 30,385,228 rows (26,469/86,401 buckets)
[W11]   → Inserted 30,486,770 rows (26,533/86,401 buckets)
[W11]   → Inserted 30,587,349 rows (26,596/86,401 buckets)
[W11]   → Inserted 30,688,007 rows (26,659/86,401 buckets)
[W11]   → Inserted 30,788,820 rows (26,722/86,401 buckets)
[W11]   → Inserted 30,889,909 rows (26,785/86,401 buckets)
[W11]   → Inserted 30,991,188 rows (26,848/86,401 buckets)
[W11]   → Inserted 31,092,699 rows (26,911/86,401 buckets)
[W11]   → Inserted 31,192,854 rows (26,973/86,401 buckets)
[W11]   → Inserted 31,293,109 rows (27,035/86,401 buckets)
[W11]   → Inserted 31,393,151 rows (27,097/86,401 buckets)
[W11]   → Inserted 31,493,379 rows (27,159/86,401 buckets)
[W11]   → Inserted 31,593,695 rows (27,221/86,401 buckets)
[W11]   → Inserted 31,694,190 rows (27,283/86,401 buckets)
[W11]   → Inserted 31,794,654 rows (27,345/86,401 buckets)
[W11]   → Inserted 31,895,002 rows (27,407/86,401 buckets)
[W11]   → Inserted 31,995,393 rows (27,469/86,401 buckets)
[W11]   → Inserted 32,095,953 rows (27,531/86,401 buckets)
[W11]   → Inserted 32,197,365 rows (27,594/86,401 buckets)
[W11]   → Inserted 32,297,894 rows (27,656/86,401 buckets)
[W11]   → Inserted 32,398,451 rows (27,718/86,401 buckets)
[W11]   → Inserted 32,499,055 rows (27,779/86,401 buckets)
[W11]   → Inserted 32,600,037 rows (27,840/86,401 buckets)
[W11]   → Inserted 32,700,949 rows (27,901/86,401 buckets)
[W11]   → Inserted 32,802,229 rows (27,962/86,401 buckets)
[W11]   → Inserted 32,903,596 rows (28,023/86,401 buckets)
[W11]   → Inserted 33,004,902 rows (28,084/86,401 buckets)
[W11]   → Inserted 33,106,321 rows (28,145/86,401 buckets)
[W11]   → Inserted 33,207,421 rows (28,206/86,401 buckets)
[W11]   → Inserted 33,308,294 rows (28,267/86,401 buckets)
[W11]   → Inserted 33,409,229 rows (28,328/86,401 buckets)
[W11]   → Inserted 33,510,285 rows (28,389/86,401 buckets)
[W11]   → Inserted 33,611,537 rows (28,450/86,401 buckets)
[W11]   → Inserted 33,712,819 rows (28,511/86,401 buckets)
[W11]   → Inserted 33,814,440 rows (28,572/86,401 buckets)
[W11]   → Inserted 33,914,459 rows (28,632/86,401 buckets)
[W11]   → Inserted 34,016,025 rows (28,693/86,401 buckets)
[W11]   → Inserted 34,117,682 rows (28,754/86,401 buckets)
[W11]   → Inserted 34,217,931 rows (28,814/86,401 buckets)
[W11]   → Inserted 34,318,536 rows (28,874/86,401 buckets)
[W11]   → Inserted 34,419,590 rows (28,934/86,401 buckets)
[W11]   → Inserted 34,521,040 rows (28,994/86,401 buckets)
[W11]   → Inserted 34,622,469 rows (29,054/86,401 buckets)
[W11]   → Inserted 34,724,016 rows (29,114/86,401 buckets)
[W11]   → Inserted 34,825,409 rows (29,174/86,401 buckets)
[W11]   → Inserted 34,926,857 rows (29,234/86,401 buckets)
[W11]   → Inserted 35,028,297 rows (29,294/86,401 buckets)
[W11]   → Inserted 35,129,689 rows (29,354/86,401 buckets)
[W11]   → Inserted 35,230,804 rows (29,414/86,401 buckets)
[W11]   → Inserted 35,331,553 rows (29,474/86,401 buckets)
[W11]   → Inserted 35,432,205 rows (29,534/86,401 buckets)
[W11]   → Inserted 35,532,964 rows (29,594/86,401 buckets)
[W11]   → Inserted 35,633,236 rows (29,654/86,401 buckets)
[W11]   → Inserted 35,733,338 rows (29,714/86,401 buckets)
[W11]   → Inserted 35,833,362 rows (29,774/86,401 buckets)
[W11]   → Inserted 35,933,592 rows (29,834/86,401 buckets)
[W11]   → Inserted 36,033,944 rows (29,894/86,401 buckets)
[W11]   → Inserted 36,134,580 rows (29,954/86,401 buckets)
[W11]   30,000/86,401 buckets, 3,513,332/50,946,182 events, 36,211,884 rows
[W11]   → Inserted 36,235,407 rows (30,014/86,401 buckets)
[W11]   → Inserted 36,336,211 rows (30,074/86,401 buckets)
[W11]   → Inserted 36,436,919 rows (30,134/86,401 buckets)
[W11]   → Inserted 36,537,742 rows (30,194/86,401 buckets)
[W11]   → Inserted 36,638,794 rows (30,254/86,401 buckets)
[W11]   → Inserted 36,739,829 rows (30,314/86,401 buckets)
[W11]   → Inserted 36,841,095 rows (30,374/86,401 buckets)
[W11]   → Inserted 36,942,359 rows (30,434/86,401 buckets)
[W11]   → Inserted 37,043,662 rows (30,494/86,401 buckets)
[W11]   → Inserted 37,144,780 rows (30,554/86,401 buckets)
[W11]   → Inserted 37,245,085 rows (30,617/86,401 buckets)
[W11]   → Inserted 37,346,178 rows (30,677/86,401 buckets)
[W11]   → Inserted 37,447,131 rows (30,736/86,401 buckets)
[W11]   → Inserted 37,548,235 rows (30,795/86,401 buckets)
[W11]   → Inserted 37,649,317 rows (30,854/86,401 buckets)
[W11]   → Inserted 37,750,100 rows (30,913/86,401 buckets)
[W11]   → Inserted 37,850,961 rows (30,972/86,401 buckets)
[W11]   → Inserted 37,951,812 rows (31,031/86,401 buckets)
[W11]   → Inserted 38,053,162 rows (31,090/86,401 buckets)
[W11]   → Inserted 38,154,760 rows (31,149/86,401 buckets)
[W11]   → Inserted 38,256,479 rows (31,208/86,401 buckets)
[W11]   → Inserted 38,356,510 rows (31,266/86,401 buckets)
[W11]   → Inserted 38,456,537 rows (31,324/86,401 buckets)
[W11]   → Inserted 38,556,735 rows (31,382/86,401 buckets)
[W11]   → Inserted 38,657,380 rows (31,440/86,401 buckets)
[W11]   → Inserted 38,758,225 rows (31,498/86,401 buckets)
[W11]   → Inserted 38,859,630 rows (31,556/86,401 buckets)
[W11]   → Inserted 38,961,046 rows (31,614/86,401 buckets)
[W11]   → Inserted 39,061,084 rows (31,671/86,401 buckets)
[W11]   → Inserted 39,162,829 rows (31,729/86,401 buckets)
[W11]   → Inserted 39,262,906 rows (31,786/86,401 buckets)
[W11]   → Inserted 39,363,355 rows (31,843/86,401 buckets)
[W11]   → Inserted 39,463,790 rows (31,900/86,401 buckets)
[W11]   → Inserted 39,564,102 rows (31,957/86,401 buckets)
[W11]   → Inserted 39,664,429 rows (32,014/86,401 buckets)
[W11]   → Inserted 39,764,882 rows (32,071/86,401 buckets)
[W11]   → Inserted 39,865,570 rows (32,128/86,401 buckets)
[W11]   → Inserted 39,966,715 rows (32,185/86,401 buckets)
[W11]   → Inserted 40,067,964 rows (32,242/86,401 buckets)
[W11]   → Inserted 40,169,294 rows (32,299/86,401 buckets)
[W11]   → Inserted 40,269,396 rows (32,355/86,401 buckets)
[W11]   → Inserted 40,370,235 rows (32,411/86,401 buckets)
[W11]   → Inserted 40,471,688 rows (32,467/86,401 buckets)
[W11]   → Inserted 40,573,150 rows (32,523/86,401 buckets)
[W11]   → Inserted 40,674,932 rows (32,579/86,401 buckets)
[W11]   → Inserted 40,776,590 rows (32,635/86,401 buckets)
[W11]   → Inserted 40,878,327 rows (32,691/86,401 buckets)
[W11]   → Inserted 40,978,352 rows (32,746/86,401 buckets)
[W11]   → Inserted 41,078,382 rows (32,801/86,401 buckets)
[W11]   → Inserted 41,178,559 rows (32,856/86,401 buckets)
[W11]   → Inserted 41,278,822 rows (32,911/86,401 buckets)
[W11]   → Inserted 41,379,253 rows (32,966/86,401 buckets)
[W11]   → Inserted 41,479,866 rows (33,021/86,401 buckets)
[W11]   → Inserted 41,580,728 rows (33,076/86,401 buckets)
[W11]   → Inserted 41,681,623 rows (33,131/86,401 buckets)
[W11]   → Inserted 41,782,671 rows (33,186/86,401 buckets)
[W11]   → Inserted 41,883,945 rows (33,241/86,401 buckets)
[W11]   → Inserted 41,985,421 rows (33,296/86,401 buckets)
[W11]   → Inserted 42,087,259 rows (33,351/86,401 buckets)
[W11]   → Inserted 42,187,498 rows (33,405/86,401 buckets)
[W11]   → Inserted 42,287,547 rows (33,459/86,401 buckets)
[W11]   → Inserted 42,387,816 rows (33,513/86,401 buckets)
[W11]   → Inserted 42,488,152 rows (33,567/86,401 buckets)
[W11]   → Inserted 42,588,651 rows (33,621/86,401 buckets)
[W11]   → Inserted 42,689,506 rows (33,675/86,401 buckets)
[W11]   → Inserted 42,790,232 rows (33,729/86,401 buckets)
[W11]   → Inserted 42,890,521 rows (33,783/86,401 buckets)
[W11]   → Inserted 42,990,587 rows (33,837/86,401 buckets)
[W11]   → Inserted 43,090,816 rows (33,891/86,401 buckets)
[W11]   → Inserted 43,191,228 rows (33,945/86,401 buckets)
[W11]   → Inserted 43,291,703 rows (33,999/86,401 buckets)
[W11]   → Inserted 43,392,654 rows (34,053/86,401 buckets)
[W11]   → Inserted 43,493,672 rows (34,107/86,401 buckets)
[W11]   → Inserted 43,594,481 rows (34,161/86,401 buckets)
[W11]   → Inserted 43,695,700 rows (34,215/86,401 buckets)
[W11]   → Inserted 43,796,612 rows (34,268/86,401 buckets)
[W11]   → Inserted 43,896,693 rows (34,320/86,401 buckets)
[W11]   → Inserted 43,997,010 rows (34,371/86,401 buckets)
[W11]   → Inserted 44,097,647 rows (34,422/86,401 buckets)
[W11]   → Inserted 44,199,120 rows (34,473/86,401 buckets)
[W11]   → Inserted 44,299,204 rows (34,523/86,401 buckets)
[W11]   → Inserted 44,399,433 rows (34,573/86,401 buckets)
[W11]   → Inserted 44,499,686 rows (34,623/86,401 buckets)
[W11]   → Inserted 44,599,862 rows (34,673/86,401 buckets)
[W11]   → Inserted 44,700,903 rows (34,723/86,401 buckets)
[W11]   → Inserted 44,802,302 rows (34,773/86,401 buckets)
[W11]   → Inserted 44,902,338 rows (34,822/86,401 buckets)
[W11]   → Inserted 45,004,212 rows (34,872/86,401 buckets)
[W11]   → Inserted 45,104,402 rows (34,921/86,401 buckets)
[W11]   → Inserted 45,206,260 rows (34,971/86,401 buckets)
[W11]   → Inserted 45,306,430 rows (35,020/86,401 buckets)
[W11]   → Inserted 45,408,399 rows (35,070/86,401 buckets)
[W11]   → Inserted 45,509,000 rows (35,119/86,401 buckets)
[W11]   → Inserted 45,611,099 rows (35,168/86,401 buckets)
[W11]   → Inserted 45,711,889 rows (35,216/86,401 buckets)
[W11]   → Inserted 45,812,448 rows (35,264/86,401 buckets)
[W11]   → Inserted 45,913,529 rows (35,313/86,401 buckets)
[W11]   → Inserted 46,014,997 rows (35,362/86,401 buckets)
[W11]   → Inserted 46,116,673 rows (35,411/86,401 buckets)
[W11]   → Inserted 46,218,660 rows (35,460/86,401 buckets)
[W11]   → Inserted 46,319,341 rows (35,508/86,401 buckets)
[W11]   → Inserted 46,420,411 rows (35,556/86,401 buckets)
[W11]   → Inserted 46,520,874 rows (35,604/86,401 buckets)
[W11]   → Inserted 46,622,110 rows (35,652/86,401 buckets)
[W11]   → Inserted 46,723,935 rows (35,700/86,401 buckets)
[W11]   → Inserted 46,826,010 rows (35,748/86,401 buckets)
[W11]   → Inserted 46,928,133 rows (35,796/86,401 buckets)
[W11]   → Inserted 47,028,415 rows (35,843/86,401 buckets)
[W11]   → Inserted 47,128,713 rows (35,890/86,401 buckets)
[W11]   → Inserted 47,229,589 rows (35,937/86,401 buckets)
[W11]   → Inserted 47,330,565 rows (35,984/86,401 buckets)
[W11]   → Inserted 47,431,626 rows (36,031/86,401 buckets)
[W11]   → Inserted 47,533,407 rows (36,078/86,401 buckets)
[W11]   → Inserted 47,635,141 rows (36,125/86,401 buckets)
[W11]   → Inserted 47,737,085 rows (36,172/86,401 buckets)
[W11]   → Inserted 47,839,222 rows (36,219/86,401 buckets)
[W11]   → Inserted 47,941,208 rows (36,266/86,401 buckets)
[W11]   → Inserted 48,043,188 rows (36,313/86,401 buckets)
[W11]   → Inserted 48,145,321 rows (36,360/86,401 buckets)
[W11]   → Inserted 48,245,386 rows (36,406/86,401 buckets)
[W11]   → Inserted 48,347,178 rows (36,453/86,401 buckets)
[W11]   → Inserted 48,448,551 rows (36,500/86,401 buckets)
[W11]   → Inserted 48,549,891 rows (36,547/86,401 buckets)
[W11]   → Inserted 48,651,240 rows (36,594/86,401 buckets)
[W11]   → Inserted 48,752,772 rows (36,641/86,401 buckets)
[W11]   → Inserted 48,854,567 rows (36,688/86,401 buckets)
[W11]   → Inserted 48,954,614 rows (36,734/86,401 buckets)
[W11]   → Inserted 49,056,624 rows (36,781/86,401 buckets)
[W11]   → Inserted 49,156,717 rows (36,827/86,401 buckets)
[W11]   → Inserted 49,257,093 rows (36,873/86,401 buckets)
[W11]   → Inserted 49,358,148 rows (36,919/86,401 buckets)
[W11]   → Inserted 49,459,316 rows (36,965/86,401 buckets)
[W11]   → Inserted 49,559,879 rows (37,011/86,401 buckets)
[W11]   → Inserted 49,661,145 rows (37,057/86,401 buckets)
[W11]   → Inserted 49,762,940 rows (37,103/86,401 buckets)
[W11]   → Inserted 49,864,893 rows (37,149/86,401 buckets)
[W11]   → Inserted 49,966,285 rows (37,195/86,401 buckets)
[W11]   → Inserted 50,067,960 rows (37,241/86,401 buckets)
[W11]   → Inserted 50,170,173 rows (37,287/86,401 buckets)
[W11]   → Inserted 50,270,439 rows (37,332/86,401 buckets)
[W11]   → Inserted 50,370,842 rows (37,377/86,401 buckets)
[W11]   → Inserted 50,471,031 rows (37,422/86,401 buckets)
[W11]   → Inserted 50,571,258 rows (37,467/86,401 buckets)
[W11]   → Inserted 50,671,638 rows (37,512/86,401 buckets)
[W11]   → Inserted 50,772,457 rows (37,557/86,401 buckets)
[W11]   → Inserted 50,873,306 rows (37,602/86,401 buckets)
[W11]   → Inserted 50,974,534 rows (37,648/86,401 buckets)
[W11]   → Inserted 51,075,743 rows (37,694/86,401 buckets)
[W11]   → Inserted 51,177,547 rows (37,740/86,401 buckets)
[W11]   → Inserted 51,277,651 rows (37,785/86,401 buckets)
[W11]   → Inserted 51,378,282 rows (37,830/86,401 buckets)
[W11]   → Inserted 51,479,391 rows (37,875/86,401 buckets)
[W11]   → Inserted 51,580,715 rows (37,920/86,401 buckets)
[W11]   → Inserted 51,682,140 rows (37,965/86,401 buckets)
[W11]   → Inserted 51,783,645 rows (38,010/86,401 buckets)
[W11]   → Inserted 51,885,322 rows (38,055/86,401 buckets)
[W11]   → Inserted 51,987,440 rows (38,100/86,401 buckets)
[W11]   → Inserted 52,088,044 rows (38,144/86,401 buckets)
[W11]   → Inserted 52,188,592 rows (38,188/86,401 buckets)
[W11]   → Inserted 52,289,421 rows (38,232/86,401 buckets)
[W11]   → Inserted 52,390,827 rows (38,276/86,401 buckets)
[W11]   → Inserted 52,492,171 rows (38,320/86,401 buckets)
[W11]   → Inserted 52,593,239 rows (38,364/86,401 buckets)
[W11]   → Inserted 52,694,506 rows (38,408/86,401 buckets)
[W11]   → Inserted 52,796,289 rows (38,452/86,401 buckets)
[W11]   → Inserted 52,898,048 rows (38,496/86,401 buckets)
[W11]   → Inserted 53,000,134 rows (38,540/86,401 buckets)
[W11]   → Inserted 53,100,937 rows (38,584/86,401 buckets)
[W11]   → Inserted 53,203,214 rows (38,628/86,401 buckets)
[W11]   → Inserted 53,305,446 rows (38,672/86,401 buckets)
[W11]   → Inserted 53,406,130 rows (38,715/86,401 buckets)
[W11]   → Inserted 53,507,755 rows (38,758/86,401 buckets)
[W11]   → Inserted 53,609,045 rows (38,801/86,401 buckets)
[W11]   → Inserted 53,709,634 rows (38,844/86,401 buckets)
[W11]   → Inserted 53,810,246 rows (38,887/86,401 buckets)
[W11]   → Inserted 53,910,472 rows (38,930/86,401 buckets)
[W11]   → Inserted 54,010,842 rows (38,973/86,401 buckets)
[W11]   → Inserted 54,111,394 rows (39,016/86,401 buckets)
[W11]   → Inserted 54,211,651 rows (39,059/86,401 buckets)
[W11]   → Inserted 54,311,883 rows (39,102/86,401 buckets)
[W11]   → Inserted 54,412,427 rows (39,145/86,401 buckets)
[W11]   → Inserted 54,512,926 rows (39,188/86,401 buckets)
[W11]   → Inserted 54,613,337 rows (39,231/86,401 buckets)
[W11]   → Inserted 54,713,837 rows (39,274/86,401 buckets)
[W11]   → Inserted 54,814,294 rows (39,317/86,401 buckets)
[W11]   → Inserted 54,914,944 rows (39,360/86,401 buckets)
[W11]   → Inserted 55,015,873 rows (39,403/86,401 buckets)
[W11]   → Inserted 55,117,311 rows (39,446/86,401 buckets)
[W11]   → Inserted 55,218,566 rows (39,489/86,401 buckets)
[W11]   → Inserted 55,319,725 rows (39,532/86,401 buckets)
[W11]   → Inserted 55,420,684 rows (39,575/86,401 buckets)
[W11]   → Inserted 55,521,866 rows (39,618/86,401 buckets)
[W11]   → Inserted 55,623,111 rows (39,661/86,401 buckets)
[W11]   → Inserted 55,724,236 rows (39,704/86,401 buckets)
[W11]   → Inserted 55,825,490 rows (39,747/86,401 buckets)
[W11]   → Inserted 55,926,637 rows (39,790/86,401 buckets)
[W11]   → Inserted 56,028,180 rows (39,833/86,401 buckets)
[W11]   → Inserted 56,129,445 rows (39,876/86,401 buckets)
[W11]   → Inserted 56,230,952 rows (39,919/86,401 buckets)
[W11]   → Inserted 56,332,589 rows (39,962/86,401 buckets)
[W11]   40,000/86,401 buckets, 16,463,324/50,946,182 events, 56,421,766 rows
[W11]   → Inserted 56,433,482 rows (40,005/86,401 buckets)
[W11]   → Inserted 56,534,477 rows (40,048/86,401 buckets)
[W11]   → Inserted 56,635,608 rows (40,091/86,401 buckets)
[W11]   → Inserted 56,736,806 rows (40,134/86,401 buckets)
[W11]   → Inserted 56,838,259 rows (40,177/86,401 buckets)
[W11]   → Inserted 56,940,107 rows (40,220/86,401 buckets)
[W11]   → Inserted 57,042,078 rows (40,263/86,401 buckets)
[W11]   → Inserted 57,144,148 rows (40,306/86,401 buckets)
[W11]   → Inserted 57,246,458 rows (40,349/86,401 buckets)
[W11]   → Inserted 57,346,883 rows (40,391/86,401 buckets)
[W11]   → Inserted 57,447,265 rows (40,433/86,401 buckets)
[W11]   → Inserted 57,547,654 rows (40,475/86,401 buckets)
[W11]   → Inserted 57,648,391 rows (40,517/86,401 buckets)
[W11]   → Inserted 57,749,141 rows (40,559/86,401 buckets)
[W11]   → Inserted 57,849,663 rows (40,601/86,401 buckets)
[W11]   → Inserted 57,950,259 rows (40,643/86,401 buckets)
[W11]   → Inserted 58,050,707 rows (40,685/86,401 buckets)
[W11]   → Inserted 58,151,212 rows (40,727/86,401 buckets)
[W11]   → Inserted 58,251,804 rows (40,769/86,401 buckets)
[W11]   → Inserted 58,352,433 rows (40,811/86,401 buckets)
[W11]   → Inserted 58,453,178 rows (40,853/86,401 buckets)
[W11]   → Inserted 58,554,050 rows (40,895/86,401 buckets)
[W11]   → Inserted 58,654,922 rows (40,937/86,401 buckets)
[W11]   → Inserted 58,756,047 rows (40,979/86,401 buckets)
[W11]   → Inserted 58,857,299 rows (41,021/86,401 buckets)
[W11]   → Inserted 58,958,711 rows (41,063/86,401 buckets)
[W11]   → Inserted 59,059,936 rows (41,105/86,401 buckets)
[W11]   → Inserted 59,160,160 rows (41,147/86,401 buckets)
[W11]   → Inserted 59,262,322 rows (41,190/86,401 buckets)
[W11]   → Inserted 59,364,519 rows (41,233/86,401 buckets)
[W11]   → Inserted 59,466,453 rows (41,276/86,401 buckets)
[W11]   → Inserted 59,567,617 rows (41,319/86,401 buckets)
[W11]   → Inserted 59,669,001 rows (41,362/86,401 buckets)
[W11]   → Inserted 59,770,384 rows (41,405/86,401 buckets)
[W11]   → Inserted 59,871,071 rows (41,448/86,401 buckets)
[W11]   → Inserted 59,971,285 rows (41,491/86,401 buckets)
[W11]   → Inserted 60,071,689 rows (41,534/86,401 buckets)
[W11]   → Inserted 60,172,197 rows (41,577/86,401 buckets)
[W11]   → Inserted 60,273,453 rows (41,620/86,401 buckets)
[W11]   → Inserted 60,374,650 rows (41,663/86,401 buckets)
[W11]   → Inserted 60,475,719 rows (41,706/86,401 buckets)
[W11]   → Inserted 60,577,201 rows (41,749/86,401 buckets)
[W11]   → Inserted 60,678,896 rows (41,792/86,401 buckets)
[W11]   → Inserted 60,780,995 rows (41,835/86,401 buckets)
[W11]   → Inserted 60,883,240 rows (41,878/86,401 buckets)
[W11]   → Inserted 60,985,413 rows (41,921/86,401 buckets)
[W11]   → Inserted 61,087,166 rows (41,964/86,401 buckets)
[W11]   → Inserted 61,188,853 rows (42,007/86,401 buckets)
[W11]   → Inserted 61,290,216 rows (42,050/86,401 buckets)
[W11]   → Inserted 61,391,325 rows (42,093/86,401 buckets)
[W11]   → Inserted 61,492,586 rows (42,136/86,401 buckets)
[W11]   → Inserted 61,594,610 rows (42,179/86,401 buckets)
[W11]   → Inserted 61,696,546 rows (42,222/86,401 buckets)
[W11]   → Inserted 61,798,148 rows (42,265/86,401 buckets)
[W11]   → Inserted 61,899,754 rows (42,308/86,401 buckets)
[W11]   → Inserted 62,001,944 rows (42,351/86,401 buckets)
[W11]   → Inserted 62,104,094 rows (42,394/86,401 buckets)
[W11]   → Inserted 62,204,432 rows (42,436/86,401 buckets)
[W11]   → Inserted 62,305,194 rows (42,478/86,401 buckets)
[W11]   → Inserted 62,406,211 rows (42,520/86,401 buckets)
[W11]   → Inserted 62,506,688 rows (42,562/86,401 buckets)
[W11]   → Inserted 62,607,431 rows (42,604/86,401 buckets)
[W11]   → Inserted 62,707,653 rows (42,646/86,401 buckets)
[W11]   → Inserted 62,807,707 rows (42,688/86,401 buckets)
[W11]   → Inserted 62,910,002 rows (42,731/86,401 buckets)
[W11]   → Inserted 63,010,024 rows (42,773/86,401 buckets)
[W11]   → Inserted 63,112,260 rows (42,816/86,401 buckets)
[W11]   → Inserted 63,214,438 rows (42,859/86,401 buckets)
[W11]   → Inserted 63,314,863 rows (42,901/86,401 buckets)
[W11]   → Inserted 63,415,502 rows (42,943/86,401 buckets)
[W11]   → Inserted 63,516,164 rows (42,985/86,401 buckets)
[W11]   → Inserted 63,616,845 rows (43,027/86,401 buckets)
[W11]   → Inserted 63,717,314 rows (43,069/86,401 buckets)
[W11]   → Inserted 63,817,772 rows (43,111/86,401 buckets)
[W11]   → Inserted 63,918,755 rows (43,153/86,401 buckets)
[W11]   → Inserted 64,020,057 rows (43,195/86,401 buckets)
[W11]   → Inserted 64,121,706 rows (43,237/86,401 buckets)
[W11]   → Inserted 64,224,040 rows (43,279/86,401 buckets)
[W11]   → Inserted 64,326,475 rows (43,321/86,401 buckets)
[W11]   → Inserted 64,428,747 rows (43,363/86,401 buckets)
[W11]   → Inserted 64,528,768 rows (43,404/86,401 buckets)
[W11]   → Inserted 64,630,978 rows (43,446/86,401 buckets)
[W11]   → Inserted 64,731,040 rows (43,487/86,401 buckets)
[W11]   → Inserted 64,831,936 rows (43,529/86,401 buckets)
[W11]   → Inserted 64,932,332 rows (43,571/86,401 buckets)
[W11]   → Inserted 65,032,556 rows (43,613/86,401 buckets)
[W11]   → Inserted 65,134,841 rows (43,656/86,401 buckets)
[W11]   → Inserted 65,235,107 rows (43,698/86,401 buckets)
[W11]   → Inserted 65,335,374 rows (43,740/86,401 buckets)
[W11]   → Inserted 65,435,693 rows (43,782/86,401 buckets)
[W11]   → Inserted 65,536,275 rows (43,824/86,401 buckets)
[W11]   → Inserted 65,637,011 rows (43,866/86,401 buckets)
[W11]   → Inserted 65,738,009 rows (43,908/86,401 buckets)
[W11]   → Inserted 65,839,307 rows (43,950/86,401 buckets)
[W11]   → Inserted 65,940,487 rows (43,992/86,401 buckets)
[W11]   → Inserted 66,041,823 rows (44,034/86,401 buckets)
[W11]   → Inserted 66,143,101 rows (44,076/86,401 buckets)
[W11]   → Inserted 66,244,102 rows (44,118/86,401 buckets)
[W11]   → Inserted 66,345,010 rows (44,160/86,401 buckets)
[W11]   → Inserted 66,445,807 rows (44,202/86,401 buckets)
[W11]   → Inserted 66,546,445 rows (44,244/86,401 buckets)
[W11]   → Inserted 66,646,944 rows (44,286/86,401 buckets)
[W11]   → Inserted 66,747,941 rows (44,328/86,401 buckets)
[W11]   → Inserted 66,848,874 rows (44,370/86,401 buckets)
[W11]   → Inserted 66,949,870 rows (44,412/86,401 buckets)
[W11]   → Inserted 67,051,260 rows (44,454/86,401 buckets)
[W11]   → Inserted 67,152,647 rows (44,496/86,401 buckets)
[W11]   → Inserted 67,252,908 rows (44,538/86,401 buckets)
[W11]   → Inserted 67,353,673 rows (44,580/86,401 buckets)
[W11]   → Inserted 67,454,839 rows (44,622/86,401 buckets)
[W11]   → Inserted 67,556,334 rows (44,664/86,401 buckets)
[W11]   → Inserted 67,657,884 rows (44,706/86,401 buckets)
[W11]   → Inserted 67,759,484 rows (44,748/86,401 buckets)
[W11]   → Inserted 67,861,532 rows (44,790/86,401 buckets)
[W11]   → Inserted 67,961,796 rows (44,831/86,401 buckets)
[W11]   → Inserted 68,062,209 rows (44,872/86,401 buckets)
[W11]   → Inserted 68,162,962 rows (44,913/86,401 buckets)
[W11]   → Inserted 68,264,249 rows (44,954/86,401 buckets)
[W11]   → Inserted 68,366,039 rows (44,995/86,401 buckets)
[W11]   → Inserted 68,467,848 rows (45,036/86,401 buckets)
[W11]   → Inserted 68,570,160 rows (45,077/86,401 buckets)
[W11]   → Inserted 68,670,479 rows (45,117/86,401 buckets)
[W11]   → Inserted 68,771,269 rows (45,157/86,401 buckets)
[W11]   → Inserted 68,873,255 rows (45,197/86,401 buckets)
[W11]   → Inserted 68,975,320 rows (45,237/86,401 buckets)
[W11]   → Inserted 69,075,532 rows (45,276/86,401 buckets)
[W11]   → Inserted 69,175,544 rows (45,315/86,401 buckets)
[W11]   → Inserted 69,276,785 rows (45,355/86,401 buckets)
