[W0] Starting worker for 2 dates
[W0] Rebuilding 2025-09-21...
[W0]   Fetching MBO events...
[W0]   Loaded 3,615 events
[W0]   Processing 57,131 time buckets
[W0]   → Inserted 100,358 rows (138/57,131 buckets)
[W0]   → Inserted 200,716 rows (277/57,131 buckets)
[W0]   → Inserted 301,074 rows (416/57,131 buckets)
[W0]   → Inserted 401,432 rows (555/57,131 buckets)
[W0]   → Inserted 501,790 rows (694/57,131 buckets)
[W0]   → Inserted 602,148 rows (833/57,131 buckets)
[W0]   → Inserted 702,506 rows (972/57,131 buckets)
[W0]   → Inserted 802,864 rows (1,111/57,131 buckets)
[W0]   → Inserted 903,222 rows (1,250/57,131 buckets)
[W0]   → Inserted 1,003,580 rows (1,389/57,131 buckets)
[W0]   → Inserted 1,103,938 rows (1,528/57,131 buckets)
[W0]   → Inserted 1,204,296 rows (1,667/57,131 buckets)
[W0]   → Inserted 1,304,654 rows (1,806/57,131 buckets)
[W0]   → Inserted 1,405,012 rows (1,945/57,131 buckets)
[W0]   → Inserted 1,505,370 rows (2,084/57,131 buckets)
[W0]   → Inserted 1,605,728 rows (2,223/57,131 buckets)
[W0]   → Inserted 1,706,086 rows (2,362/57,131 buckets)
[W0]   → Inserted 1,806,444 rows (2,501/57,131 buckets)
[W0]   → Inserted 1,906,802 rows (2,640/57,131 buckets)
[W0]   → Inserted 2,007,160 rows (2,779/57,131 buckets)
[W0]   → Inserted 2,107,518 rows (2,918/57,131 buckets)
[W0]   → Inserted 2,207,876 rows (3,057/57,131 buckets)
[W0]   → Inserted 2,308,234 rows (3,196/57,131 buckets)
[W0]   → Inserted 2,408,592 rows (3,335/57,131 buckets)
[W0]   → Inserted 2,508,950 rows (3,474/57,131 buckets)
[W0]   → Inserted 2,609,308 rows (3,613/57,131 buckets)
[W0]   → Inserted 2,709,666 rows (3,752/57,131 buckets)
[W0]   → Inserted 2,810,024 rows (3,891/57,131 buckets)
[W0]   → Inserted 2,910,382 rows (4,030/57,131 buckets)
[W0]   → Inserted 3,010,740 rows (4,169/57,131 buckets)
[W0]   → Inserted 3,111,098 rows (4,308/57,131 buckets)
[W0]   → Inserted 3,211,456 rows (4,447/57,131 buckets)
[W0]   → Inserted 3,311,814 rows (4,586/57,131 buckets)
[W0]   → Inserted 3,412,172 rows (4,725/57,131 buckets)
[W0]   → Inserted 3,512,530 rows (4,864/57,131 buckets)
[W0]   → Inserted 3,612,888 rows (5,003/57,131 buckets)
[W0]   → Inserted 3,713,246 rows (5,142/57,131 buckets)
[W0]   → Inserted 3,813,604 rows (5,281/57,131 buckets)
[W0]   → Inserted 3,913,962 rows (5,420/57,131 buckets)
[W0]   → Inserted 4,014,320 rows (5,559/57,131 buckets)
[W0]   → Inserted 4,114,678 rows (5,698/57,131 buckets)
[W0]   → Inserted 4,215,036 rows (5,837/57,131 buckets)
[W0]   → Inserted 4,315,394 rows (5,976/57,131 buckets)
[W0]   → Inserted 4,415,752 rows (6,115/57,131 buckets)
[W0]   → Inserted 4,516,110 rows (6,254/57,131 buckets)
[W0]   → Inserted 4,616,468 rows (6,393/57,131 buckets)
[W0]   → Inserted 4,716,826 rows (6,532/57,131 buckets)
[W0]   → Inserted 4,817,184 rows (6,671/57,131 buckets)
[W0]   → Inserted 4,917,542 rows (6,810/57,131 buckets)
[W0]   → Inserted 5,017,900 rows (6,949/57,131 buckets)
[W0]   → Inserted 5,118,258 rows (7,088/57,131 buckets)
[W0]   → Inserted 5,218,616 rows (7,227/57,131 buckets)
[W0]   → Inserted 5,318,974 rows (7,366/57,131 buckets)
[W0]   → Inserted 5,419,332 rows (7,505/57,131 buckets)
[W0]   → Inserted 5,519,690 rows (7,644/57,131 buckets)
[W0]   → Inserted 5,620,048 rows (7,783/57,131 buckets)
[W0]   → Inserted 5,720,406 rows (7,922/57,131 buckets)
[W0]   → Inserted 5,820,764 rows (8,061/57,131 buckets)
[W0]   → Inserted 5,921,122 rows (8,200/57,131 buckets)
[W0]   → Inserted 6,021,480 rows (8,339/57,131 buckets)
[W0]   → Inserted 6,121,838 rows (8,478/57,131 buckets)
[W0]   → Inserted 6,222,196 rows (8,617/57,131 buckets)
[W0]   → Inserted 6,322,554 rows (8,756/57,131 buckets)
[W0]   → Inserted 6,422,912 rows (8,895/57,131 buckets)
[W0]   → Inserted 6,523,270 rows (9,034/57,131 buckets)
[W0]   → Inserted 6,623,628 rows (9,173/57,131 buckets)
[W0]   → Inserted 6,723,986 rows (9,312/57,131 buckets)
[W0]   → Inserted 6,824,344 rows (9,451/57,131 buckets)
[W0]   → Inserted 6,924,702 rows (9,590/57,131 buckets)
[W0]   → Inserted 7,025,060 rows (9,729/57,131 buckets)
[W0]   → Inserted 7,125,418 rows (9,868/57,131 buckets)
[W0]   10,000/57,131 buckets, 3,374/3,615 events, 7,220,722 rows
[W0]   → Inserted 7,225,776 rows (10,007/57,131 buckets)
[W0]   → Inserted 7,326,134 rows (10,146/57,131 buckets)
[W0]   → Inserted 7,426,492 rows (10,285/57,131 buckets)
[W0]   → Inserted 7,526,850 rows (10,424/57,131 buckets)
[W0]   → Inserted 7,627,208 rows (10,563/57,131 buckets)
[W0]   → Inserted 7,727,566 rows (10,702/57,131 buckets)
[W0]   → Inserted 7,827,924 rows (10,841/57,131 buckets)
[W0]   → Inserted 7,928,282 rows (10,980/57,131 buckets)
[W0]   → Inserted 8,028,640 rows (11,119/57,131 buckets)
[W0]   → Inserted 8,128,998 rows (11,258/57,131 buckets)
[W0]   → Inserted 8,229,356 rows (11,397/57,131 buckets)
[W0]   → Inserted 8,329,714 rows (11,536/57,131 buckets)
[W0]   → Inserted 8,430,072 rows (11,675/57,131 buckets)
[W0]   → Inserted 8,530,430 rows (11,814/57,131 buckets)
[W0]   → Inserted 8,630,788 rows (11,953/57,131 buckets)
[W0]   → Inserted 8,731,146 rows (12,092/57,131 buckets)
[W0]   → Inserted 8,831,504 rows (12,231/57,131 buckets)
[W0]   → Inserted 8,931,862 rows (12,370/57,131 buckets)
[W0]   → Inserted 9,032,220 rows (12,509/57,131 buckets)
[W0]   → Inserted 9,132,578 rows (12,648/57,131 buckets)
[W0]   → Inserted 9,232,936 rows (12,787/57,131 buckets)
[W0]   → Inserted 9,333,294 rows (12,926/57,131 buckets)
[W0]   → Inserted 9,433,652 rows (13,065/57,131 buckets)
[W0]   → Inserted 9,534,010 rows (13,204/57,131 buckets)
[W0]   → Inserted 9,634,368 rows (13,343/57,131 buckets)
[W0]   → Inserted 9,734,726 rows (13,482/57,131 buckets)
[W0]   → Inserted 9,835,084 rows (13,621/57,131 buckets)
[W0]   → Inserted 9,935,442 rows (13,760/57,131 buckets)
[W0]   → Inserted 10,035,800 rows (13,899/57,131 buckets)
[W0]   → Inserted 10,136,158 rows (14,038/57,131 buckets)
[W0]   → Inserted 10,236,516 rows (14,177/57,131 buckets)
[W0]   → Inserted 10,336,874 rows (14,316/57,131 buckets)
[W0]   → Inserted 10,437,232 rows (14,455/57,131 buckets)
[W0]   → Inserted 10,537,590 rows (14,594/57,131 buckets)
[W0]   → Inserted 10,637,948 rows (14,733/57,131 buckets)
[W0]   → Inserted 10,738,306 rows (14,872/57,131 buckets)
[W0]   → Inserted 10,838,664 rows (15,011/57,131 buckets)
[W0]   → Inserted 10,939,022 rows (15,150/57,131 buckets)
[W0]   → Inserted 11,039,380 rows (15,289/57,131 buckets)
[W0]   → Inserted 11,139,738 rows (15,428/57,131 buckets)
[W0]   → Inserted 11,240,096 rows (15,567/57,131 buckets)
[W0]   → Inserted 11,340,454 rows (15,706/57,131 buckets)
[W0]   → Inserted 11,440,812 rows (15,845/57,131 buckets)
[W0]   → Inserted 11,541,170 rows (15,984/57,131 buckets)
[W0]   → Inserted 11,641,528 rows (16,123/57,131 buckets)
[W0]   → Inserted 11,741,886 rows (16,262/57,131 buckets)
[W0]   → Inserted 11,842,244 rows (16,401/57,131 buckets)
[W0]   → Inserted 11,942,602 rows (16,540/57,131 buckets)
[W0]   → Inserted 12,042,960 rows (16,679/57,131 buckets)
[W0]   → Inserted 12,143,318 rows (16,818/57,131 buckets)
[W0]   → Inserted 12,243,676 rows (16,957/57,131 buckets)
[W0]   → Inserted 12,344,034 rows (17,096/57,131 buckets)
[W0]   → Inserted 12,444,392 rows (17,235/57,131 buckets)
[W0]   → Inserted 12,544,750 rows (17,374/57,131 buckets)
[W0]   → Inserted 12,645,108 rows (17,513/57,131 buckets)
[W0]   → Inserted 12,745,466 rows (17,652/57,131 buckets)
[W0]   → Inserted 12,845,824 rows (17,791/57,131 buckets)
[W0]   → Inserted 12,946,182 rows (17,930/57,131 buckets)
[W0]   → Inserted 13,046,540 rows (18,069/57,131 buckets)
[W0]   → Inserted 13,146,898 rows (18,208/57,131 buckets)
[W0]   → Inserted 13,247,256 rows (18,347/57,131 buckets)
[W0]   → Inserted 13,347,614 rows (18,486/57,131 buckets)
[W0]   → Inserted 13,447,972 rows (18,625/57,131 buckets)
[W0]   → Inserted 13,548,330 rows (18,764/57,131 buckets)
[W0]   → Inserted 13,648,688 rows (18,903/57,131 buckets)
[W0]   → Inserted 13,749,046 rows (19,042/57,131 buckets)
[W0]   → Inserted 13,849,404 rows (19,181/57,131 buckets)
[W0]   → Inserted 13,949,762 rows (19,320/57,131 buckets)
[W0]   → Inserted 14,050,120 rows (19,459/57,131 buckets)
[W0]   → Inserted 14,150,478 rows (19,598/57,131 buckets)
[W0]   → Inserted 14,250,836 rows (19,737/57,131 buckets)
[W0]   → Inserted 14,351,194 rows (19,876/57,131 buckets)
[W0]   20,000/57,131 buckets, 3,374/3,615 events, 14,440,722 rows
[W0]   → Inserted 14,451,552 rows (20,015/57,131 buckets)
[W0]   → Inserted 14,551,910 rows (20,154/57,131 buckets)
[W0]   → Inserted 14,652,268 rows (20,293/57,131 buckets)
[W0]   → Inserted 14,752,626 rows (20,432/57,131 buckets)
[W0]   → Inserted 14,852,984 rows (20,571/57,131 buckets)
[W0]   → Inserted 14,953,342 rows (20,710/57,131 buckets)
[W0]   → Inserted 15,053,700 rows (20,849/57,131 buckets)
[W0]   → Inserted 15,154,058 rows (20,988/57,131 buckets)
[W0]   → Inserted 15,254,416 rows (21,127/57,131 buckets)
[W0]   → Inserted 15,354,774 rows (21,266/57,131 buckets)
[W0]   → Inserted 15,455,132 rows (21,405/57,131 buckets)
[W0]   → Inserted 15,555,490 rows (21,544/57,131 buckets)
[W0]   → Inserted 15,655,848 rows (21,683/57,131 buckets)
[W0]   → Inserted 15,756,206 rows (21,822/57,131 buckets)
[W0]   → Inserted 15,856,564 rows (21,961/57,131 buckets)
[W0]   → Inserted 15,956,922 rows (22,100/57,131 buckets)
[W0]   → Inserted 16,057,280 rows (22,239/57,131 buckets)
[W0]   → Inserted 16,157,638 rows (22,378/57,131 buckets)
[W0]   → Inserted 16,257,996 rows (22,517/57,131 buckets)
[W0]   → Inserted 16,358,354 rows (22,656/57,131 buckets)
[W0]   → Inserted 16,458,712 rows (22,795/57,131 buckets)
[W0]   → Inserted 16,559,070 rows (22,934/57,131 buckets)
[W0]   → Inserted 16,659,428 rows (23,073/57,131 buckets)
[W0]   → Inserted 16,759,786 rows (23,212/57,131 buckets)
[W0]   → Inserted 16,860,144 rows (23,351/57,131 buckets)
[W0]   → Inserted 16,960,502 rows (23,490/57,131 buckets)
[W0]   → Inserted 17,060,860 rows (23,629/57,131 buckets)
[W0]   → Inserted 17,161,218 rows (23,768/57,131 buckets)
[W0]   → Inserted 17,261,576 rows (23,907/57,131 buckets)
[W0]   → Inserted 17,361,934 rows (24,046/57,131 buckets)
[W0]   → Inserted 17,462,292 rows (24,185/57,131 buckets)
[W0]   → Inserted 17,562,650 rows (24,324/57,131 buckets)
[W0]   → Inserted 17,663,008 rows (24,463/57,131 buckets)
[W0]   → Inserted 17,763,366 rows (24,602/57,131 buckets)
[W0]   → Inserted 17,863,724 rows (24,741/57,131 buckets)
[W0]   → Inserted 17,964,082 rows (24,880/57,131 buckets)
[W0]   → Inserted 18,064,440 rows (25,019/57,131 buckets)
[W0]   → Inserted 18,164,798 rows (25,158/57,131 buckets)
[W0]   → Inserted 18,265,156 rows (25,297/57,131 buckets)
[W0]   → Inserted 18,365,514 rows (25,436/57,131 buckets)
[W0]   → Inserted 18,465,872 rows (25,575/57,131 buckets)
[W0]   → Inserted 18,566,230 rows (25,714/57,131 buckets)
[W0]   → Inserted 18,666,588 rows (25,853/57,131 buckets)
[W0]   → Inserted 18,766,946 rows (25,992/57,131 buckets)
[W0]   → Inserted 18,867,304 rows (26,131/57,131 buckets)
[W0]   → Inserted 18,967,662 rows (26,270/57,131 buckets)
[W0]   → Inserted 19,068,020 rows (26,409/57,131 buckets)
[W0]   → Inserted 19,168,378 rows (26,548/57,131 buckets)
[W0]   → Inserted 19,268,736 rows (26,687/57,131 buckets)
[W0]   → Inserted 19,369,094 rows (26,826/57,131 buckets)
[W0]   → Inserted 19,469,452 rows (26,965/57,131 buckets)
[W0]   → Inserted 19,569,810 rows (27,104/57,131 buckets)
[W0]   → Inserted 19,670,168 rows (27,243/57,131 buckets)
[W0]   → Inserted 19,770,526 rows (27,382/57,131 buckets)
[W0]   → Inserted 19,870,884 rows (27,521/57,131 buckets)
[W0]   → Inserted 19,971,242 rows (27,660/57,131 buckets)
[W0]   → Inserted 20,071,600 rows (27,799/57,131 buckets)
[W0]   → Inserted 20,171,958 rows (27,938/57,131 buckets)
[W0]   → Inserted 20,272,316 rows (28,077/57,131 buckets)
[W0]   → Inserted 20,372,674 rows (28,216/57,131 buckets)
[W0]   → Inserted 20,473,032 rows (28,355/57,131 buckets)
[W0]   → Inserted 20,573,390 rows (28,494/57,131 buckets)
[W0]   → Inserted 20,673,748 rows (28,633/57,131 buckets)
[W0]   → Inserted 20,774,106 rows (28,772/57,131 buckets)
[W0]   → Inserted 20,874,464 rows (28,911/57,131 buckets)
[W0]   → Inserted 20,974,822 rows (29,050/57,131 buckets)
[W0]   → Inserted 21,075,180 rows (29,189/57,131 buckets)
[W0]   → Inserted 21,175,538 rows (29,328/57,131 buckets)
[W0]   → Inserted 21,275,896 rows (29,467/57,131 buckets)
[W0]   → Inserted 21,376,254 rows (29,606/57,131 buckets)
[W0]   → Inserted 21,476,612 rows (29,745/57,131 buckets)
[W0]   → Inserted 21,576,970 rows (29,884/57,131 buckets)
[W0]   30,000/57,131 buckets, 3,374/3,615 events, 21,660,722 rows
[W0]   → Inserted 21,677,328 rows (30,023/57,131 buckets)
[W0]   → Inserted 21,777,686 rows (30,162/57,131 buckets)
[W0]   → Inserted 21,878,044 rows (30,301/57,131 buckets)
[W0]   → Inserted 21,978,402 rows (30,440/57,131 buckets)
[W0]   → Inserted 22,078,760 rows (30,579/57,131 buckets)
[W0]   → Inserted 22,179,118 rows (30,718/57,131 buckets)
[W0]   → Inserted 22,279,476 rows (30,857/57,131 buckets)
[W0]   → Inserted 22,379,834 rows (30,996/57,131 buckets)
[W0]   → Inserted 22,480,192 rows (31,135/57,131 buckets)
[W0]   → Inserted 22,580,550 rows (31,274/57,131 buckets)
[W0]   → Inserted 22,680,908 rows (31,413/57,131 buckets)
[W0]   → Inserted 22,781,266 rows (31,552/57,131 buckets)
[W0]   → Inserted 22,881,624 rows (31,691/57,131 buckets)
[W0]   → Inserted 22,981,982 rows (31,830/57,131 buckets)
[W0]   → Inserted 23,082,340 rows (31,969/57,131 buckets)
[W0]   → Inserted 23,182,698 rows (32,108/57,131 buckets)
[W0]   → Inserted 23,283,056 rows (32,247/57,131 buckets)
[W0]   → Inserted 23,383,414 rows (32,386/57,131 buckets)
[W0]   → Inserted 23,483,772 rows (32,525/57,131 buckets)
[W0]   → Inserted 23,584,130 rows (32,664/57,131 buckets)
[W0]   → Inserted 23,684,488 rows (32,803/57,131 buckets)
[W0]   → Inserted 23,784,846 rows (32,942/57,131 buckets)
[W0]   → Inserted 23,885,204 rows (33,081/57,131 buckets)
[W0]   → Inserted 23,985,562 rows (33,220/57,131 buckets)
[W0]   → Inserted 24,085,920 rows (33,359/57,131 buckets)
[W0]   → Inserted 24,186,278 rows (33,498/57,131 buckets)
[W0]   → Inserted 24,286,636 rows (33,637/57,131 buckets)
[W0]   → Inserted 24,386,994 rows (33,776/57,131 buckets)
[W0]   → Inserted 24,487,352 rows (33,915/57,131 buckets)
[W0]   → Inserted 24,587,710 rows (34,054/57,131 buckets)
[W0]   → Inserted 24,688,068 rows (34,193/57,131 buckets)
[W0]   → Inserted 24,788,426 rows (34,332/57,131 buckets)
[W0]   → Inserted 24,888,784 rows (34,471/57,131 buckets)
[W0]   → Inserted 24,989,142 rows (34,610/57,131 buckets)
[W0]   → Inserted 25,089,500 rows (34,749/57,131 buckets)
[W0]   → Inserted 25,189,858 rows (34,888/57,131 buckets)
[W0]   → Inserted 25,290,216 rows (35,027/57,131 buckets)
[W0]   → Inserted 25,390,801 rows (35,165/57,131 buckets)
[W0]   → Inserted 25,491,496 rows (35,302/57,131 buckets)
[W0]   → Inserted 25,592,191 rows (35,439/57,131 buckets)
[W0]   → Inserted 25,692,886 rows (35,576/57,131 buckets)
[W0]   → Inserted 25,793,217 rows (35,712/57,131 buckets)
[W0]   → Inserted 25,893,632 rows (35,845/57,131 buckets)
[W0]   → Inserted 25,994,047 rows (35,978/57,131 buckets)
[W0]   → Inserted 26,094,462 rows (36,111/57,131 buckets)
[W0]   → Inserted 26,195,034 rows (36,244/57,131 buckets)
[W0]   → Inserted 26,295,313 rows (36,376/57,131 buckets)
[W0]   → Inserted 26,395,633 rows (36,508/57,131 buckets)
[W0]   → Inserted 26,495,953 rows (36,640/57,131 buckets)
[W0]   → Inserted 26,596,395 rows (36,772/57,131 buckets)
[W0]   → Inserted 26,696,959 rows (36,904/57,131 buckets)
[W0]   → Inserted 26,797,649 rows (37,036/57,131 buckets)
[W0]   → Inserted 26,898,372 rows (37,168/57,131 buckets)
[W0]   → Inserted 26,998,456 rows (37,299/57,131 buckets)
[W0]   → Inserted 27,098,540 rows (37,430/57,131 buckets)
[W0]   → Inserted 27,198,624 rows (37,561/57,131 buckets)
[W0]   → Inserted 27,298,787 rows (37,692/57,131 buckets)
[W0]   → Inserted 27,399,002 rows (37,823/57,131 buckets)
[W0]   → Inserted 27,499,217 rows (37,954/57,131 buckets)
[W0]   → Inserted 27,599,432 rows (38,085/57,131 buckets)
[W0]   → Inserted 27,699,766 rows (38,216/57,131 buckets)
[W0]   → Inserted 27,800,112 rows (38,347/57,131 buckets)
[W0]   → Inserted 27,900,458 rows (38,478/57,131 buckets)
[W0]   → Inserted 28,000,804 rows (38,609/57,131 buckets)
[W0]   → Inserted 28,101,150 rows (38,740/57,131 buckets)
[W0]   → Inserted 28,201,496 rows (38,871/57,131 buckets)
[W0]   → Inserted 28,301,842 rows (39,002/57,131 buckets)
[W0]   → Inserted 28,402,188 rows (39,133/57,131 buckets)
[W0]   → Inserted 28,502,534 rows (39,264/57,131 buckets)
[W0]   → Inserted 28,602,880 rows (39,395/57,131 buckets)
[W0]   → Inserted 28,703,323 rows (39,526/57,131 buckets)
[W0]   → Inserted 28,803,800 rows (39,657/57,131 buckets)
[W0]   → Inserted 28,904,277 rows (39,788/57,131 buckets)
[W0]   → Inserted 29,004,754 rows (39,919/57,131 buckets)
[W0]   40,000/57,131 buckets, 3,558/3,615 events, 29,066,881 rows
[W0]   → Inserted 29,105,231 rows (40,050/57,131 buckets)
[W0]   → Inserted 29,205,708 rows (40,181/57,131 buckets)
[W0]   → Inserted 29,306,185 rows (40,312/57,131 buckets)
[W0]   → Inserted 29,406,662 rows (40,443/57,131 buckets)
[W0]   → Inserted 29,507,139 rows (40,574/57,131 buckets)
[W0]   → Inserted 29,607,616 rows (40,705/57,131 buckets)
[W0]   → Inserted 29,708,093 rows (40,836/57,131 buckets)
[W0]   → Inserted 29,808,570 rows (40,967/57,131 buckets)
[W0]   → Inserted 29,909,106 rows (41,098/57,131 buckets)
[W0]   → Inserted 30,009,714 rows (41,229/57,131 buckets)
[W0]   → Inserted 30,110,322 rows (41,360/57,131 buckets)
[W0]   → Inserted 30,210,930 rows (41,491/57,131 buckets)
[W0]   → Inserted 30,311,538 rows (41,622/57,131 buckets)
[W0]   → Inserted 30,412,146 rows (41,753/57,131 buckets)
[W0]   → Inserted 30,512,754 rows (41,884/57,131 buckets)
[W0]   → Inserted 30,613,362 rows (42,015/57,131 buckets)
[W0]   → Inserted 30,713,970 rows (42,146/57,131 buckets)
[W0]   → Inserted 30,814,578 rows (42,277/57,131 buckets)
[W0]   → Inserted 30,915,186 rows (42,408/57,131 buckets)
[W0]   → Inserted 31,015,794 rows (42,539/57,131 buckets)
[W0]   → Inserted 31,116,491 rows (42,670/57,131 buckets)
[W0]   → Inserted 31,217,230 rows (42,801/57,131 buckets)
[W0]   → Inserted 31,317,982 rows (42,932/57,131 buckets)
[W0]   → Inserted 31,418,082 rows (43,062/57,131 buckets)
[W0]   → Inserted 31,518,182 rows (43,192/57,131 buckets)
[W0]   → Inserted 31,618,282 rows (43,322/57,131 buckets)
[W0]   → Inserted 31,718,382 rows (43,452/57,131 buckets)
[W0]   → Inserted 31,818,676 rows (43,582/57,131 buckets)
[W0]   → Inserted 31,919,036 rows (43,712/57,131 buckets)
[W0]   → Inserted 32,019,396 rows (43,842/57,131 buckets)
[W0]   → Inserted 32,119,756 rows (43,972/57,131 buckets)
[W0]   → Inserted 32,220,116 rows (44,102/57,131 buckets)
[W0]   → Inserted 32,320,476 rows (44,232/57,131 buckets)
[W0]   → Inserted 32,420,836 rows (44,362/57,131 buckets)
[W0]   → Inserted 32,521,196 rows (44,492/57,131 buckets)
[W0]   → Inserted 32,621,556 rows (44,622/57,131 buckets)
[W0]   → Inserted 32,721,927 rows (44,752/57,131 buckets)
[W0]   → Inserted 32,822,417 rows (44,882/57,131 buckets)
[W0]   → Inserted 32,922,907 rows (45,012/57,131 buckets)
[W0]   → Inserted 33,023,397 rows (45,142/57,131 buckets)
[W0]   → Inserted 33,123,887 rows (45,272/57,131 buckets)
[W0]   → Inserted 33,224,421 rows (45,402/57,131 buckets)
[W0]   → Inserted 33,325,041 rows (45,532/57,131 buckets)
[W0]   → Inserted 33,425,661 rows (45,662/57,131 buckets)
[W0]   → Inserted 33,526,281 rows (45,792/57,131 buckets)
[W0]   → Inserted 33,626,901 rows (45,922/57,131 buckets)
[W0]   → Inserted 33,727,521 rows (46,052/57,131 buckets)
[W0]   → Inserted 33,828,141 rows (46,182/57,131 buckets)
[W0]   → Inserted 33,928,761 rows (46,312/57,131 buckets)
[W0]   → Inserted 34,029,381 rows (46,442/57,131 buckets)
[W0]   → Inserted 34,130,001 rows (46,572/57,131 buckets)
[W0]   → Inserted 34,230,632 rows (46,702/57,131 buckets)
[W0]   → Inserted 34,331,382 rows (46,832/57,131 buckets)
[W0]   → Inserted 34,431,419 rows (46,961/57,131 buckets)
[W0]   → Inserted 34,531,537 rows (47,090/57,131 buckets)
[W0]   → Inserted 34,631,891 rows (47,219/57,131 buckets)
[W0]   → Inserted 34,732,294 rows (47,348/57,131 buckets)
[W0]   → Inserted 34,832,785 rows (47,477/57,131 buckets)
[W0]   → Inserted 34,933,276 rows (47,606/57,131 buckets)
[W0]   → Inserted 35,033,767 rows (47,735/57,131 buckets)
[W0]   → Inserted 35,134,258 rows (47,864/57,131 buckets)
[W0]   → Inserted 35,234,749 rows (47,993/57,131 buckets)
[W0]   → Inserted 35,335,240 rows (48,122/57,131 buckets)
[W0]   → Inserted 35,435,731 rows (48,251/57,131 buckets)
[W0]   → Inserted 35,536,222 rows (48,380/57,131 buckets)
[W0]   → Inserted 35,636,713 rows (48,509/57,131 buckets)
[W0]   → Inserted 35,737,204 rows (48,638/57,131 buckets)
[W0]   → Inserted 35,837,695 rows (48,767/57,131 buckets)
[W0]   → Inserted 35,938,186 rows (48,896/57,131 buckets)
[W0]   → Inserted 36,038,677 rows (49,025/57,131 buckets)
[W0]   → Inserted 36,139,168 rows (49,154/57,131 buckets)
[W0]   → Inserted 36,239,659 rows (49,283/57,131 buckets)
[W0]   → Inserted 36,340,150 rows (49,412/57,131 buckets)
[W0]   → Inserted 36,440,641 rows (49,541/57,131 buckets)
[W0]   → Inserted 36,541,132 rows (49,670/57,131 buckets)
[W0]   → Inserted 36,641,738 rows (49,799/57,131 buckets)
[W0]   → Inserted 36,742,358 rows (49,928/57,131 buckets)
[W0]   50,000/57,131 buckets, 3,597/3,615 events, 36,798,518 rows
[W0]   → Inserted 36,842,978 rows (50,057/57,131 buckets)
[W0]   → Inserted 36,943,598 rows (50,186/57,131 buckets)
[W0]   → Inserted 37,044,218 rows (50,315/57,131 buckets)
[W0]   → Inserted 37,144,838 rows (50,444/57,131 buckets)
[W0]   → Inserted 37,245,458 rows (50,573/57,131 buckets)
[W0]   → Inserted 37,346,078 rows (50,702/57,131 buckets)
[W0]   → Inserted 37,446,698 rows (50,831/57,131 buckets)
[W0]   → Inserted 37,547,349 rows (50,960/57,131 buckets)
[W0]   → Inserted 37,648,098 rows (51,089/57,131 buckets)
[W0]   → Inserted 37,748,847 rows (51,218/57,131 buckets)
[W0]   → Inserted 37,849,596 rows (51,347/57,131 buckets)
[W0]   → Inserted 37,950,345 rows (51,476/57,131 buckets)
[W0]   → Inserted 38,051,094 rows (51,605/57,131 buckets)
[W0]   → Inserted 38,151,843 rows (51,734/57,131 buckets)
[W0]   → Inserted 38,252,592 rows (51,863/57,131 buckets)
[W0]   → Inserted 38,353,341 rows (51,992/57,131 buckets)
[W0]   → Inserted 38,454,090 rows (52,121/57,131 buckets)
[W0]   → Inserted 38,554,863 rows (52,250/57,131 buckets)
[W0]   → Inserted 38,654,959 rows (52,378/57,131 buckets)
[W0]   → Inserted 38,755,055 rows (52,506/57,131 buckets)
[W0]   → Inserted 38,855,262 rows (52,634/57,131 buckets)
[W0]   → Inserted 38,955,486 rows (52,762/57,131 buckets)
[W0]   → Inserted 39,055,710 rows (52,890/57,131 buckets)
[W0]   → Inserted 39,155,934 rows (53,018/57,131 buckets)
[W0]   → Inserted 39,256,158 rows (53,146/57,131 buckets)
[W0]   → Inserted 39,356,500 rows (53,274/57,131 buckets)
[W0]   → Inserted 39,456,852 rows (53,402/57,131 buckets)
[W0]   → Inserted 39,557,204 rows (53,530/57,131 buckets)
[W0]   → Inserted 39,657,556 rows (53,658/57,131 buckets)
[W0]   → Inserted 39,757,908 rows (53,786/57,131 buckets)
[W0]   → Inserted 39,858,260 rows (53,914/57,131 buckets)
[W0]   → Inserted 39,958,612 rows (54,042/57,131 buckets)
[W0]   → Inserted 40,058,964 rows (54,170/57,131 buckets)
[W0]   → Inserted 40,159,316 rows (54,298/57,131 buckets)
[W0]   → Inserted 40,259,668 rows (54,426/57,131 buckets)
[W0]   → Inserted 40,360,020 rows (54,554/57,131 buckets)
[W0]   → Inserted 40,460,372 rows (54,682/57,131 buckets)
[W0]   → Inserted 40,560,724 rows (54,810/57,131 buckets)
[W0]   → Inserted 40,661,076 rows (54,938/57,131 buckets)
[W0]   → Inserted 40,761,495 rows (55,066/57,131 buckets)
[W0]   → Inserted 40,861,975 rows (55,194/57,131 buckets)
[W0]   → Inserted 40,962,455 rows (55,322/57,131 buckets)
[W0]   → Inserted 41,062,935 rows (55,450/57,131 buckets)
[W0]   → Inserted 41,163,415 rows (55,578/57,131 buckets)
[W0]   → Inserted 41,263,895 rows (55,706/57,131 buckets)
[W0]   → Inserted 41,364,375 rows (55,834/57,131 buckets)
[W0]   → Inserted 41,464,855 rows (55,962/57,131 buckets)
[W0]   → Inserted 41,565,335 rows (56,090/57,131 buckets)
[W0]   → Inserted 41,665,815 rows (56,218/57,131 buckets)
[W0]   → Inserted 41,766,295 rows (56,346/57,131 buckets)
[W0]   → Inserted 41,866,775 rows (56,474/57,131 buckets)
[W0]   → Inserted 41,967,266 rows (56,602/57,131 buckets)
[W0]   → Inserted 42,067,874 rows (56,730/57,131 buckets)
[W0]   → Inserted 42,168,482 rows (56,858/57,131 buckets)
[W0]   → Inserted 42,269,090 rows (56,986/57,131 buckets)
[W0]   → Inserted 42,369,698 rows (57,114/57,131 buckets)
[W0]   Complete: 42,382,274 heatmap rows, 1,274 active orders
[W0] Rebuilding 2025-09-22...
[W0]   Fetching MBO events...
[W0]   Loaded 391,220 events
[W0]   Processing 86,017 time buckets
[W0]   10,000/86,017 buckets, 41/391,220 events, 98,817 rows
[W0]   → Inserted 100,017 rows (10,060/86,017 buckets)
[W0]   → Inserted 200,058 rows (13,018/86,017 buckets)
[W0]   → Inserted 300,103 rows (14,736/86,017 buckets)
[W0]   → Inserted 400,129 rows (16,358/86,017 buckets)
[W0]   → Inserted 500,191 rows (17,914/86,017 buckets)
[W0]   → Inserted 600,263 rows (19,340/86,017 buckets)
[W0]   20,000/86,017 buckets, 177/391,220 events, 648,443 rows
[W0]   → Inserted 700,273 rows (20,710/86,017 buckets)
[W0]   → Inserted 800,292 rows (22,034/86,017 buckets)
[W0]   → Inserted 900,304 rows (23,308/86,017 buckets)
[W0]   → Inserted 1,000,348 rows (24,517/86,017 buckets)
[W0]   → Inserted 1,100,437 rows (25,643/86,017 buckets)
[W0]   → Inserted 1,200,458 rows (26,718/86,017 buckets)
[W0]   → Inserted 1,300,504 rows (27,767/86,017 buckets)
[W0]   → Inserted 1,400,535 rows (28,782/86,017 buckets)
[W0]   → Inserted 1,500,559 rows (29,744/86,017 buckets)
[W0]   30,000/86,017 buckets, 297/391,220 events, 1,528,243 rows
[W0]   → Inserted 1,600,597 rows (30,620/86,017 buckets)
[W0]   → Inserted 1,700,649 rows (31,427/86,017 buckets)
[W0]   → Inserted 1,800,671 rows (32,164/86,017 buckets)
[W0]   → Inserted 1,900,821 rows (32,827/86,017 buckets)
[W0]   → Inserted 2,000,899 rows (33,458/86,017 buckets)
[W0]   → Inserted 2,100,918 rows (34,055/86,017 buckets)
[W0]   → Inserted 2,201,050 rows (34,609/86,017 buckets)
[W0]   → Inserted 2,301,089 rows (35,123/86,017 buckets)
[W0]   → Inserted 2,401,241 rows (35,594/86,017 buckets)
[W0]   → Inserted 2,501,399 rows (36,045/86,017 buckets)
[W0]   → Inserted 2,601,606 rows (36,475/86,017 buckets)
[W0]   → Inserted 2,701,613 rows (36,877/86,017 buckets)
[W0]   → Inserted 2,801,793 rows (37,271/86,017 buckets)
[W0]   → Inserted 2,902,025 rows (37,648/86,017 buckets)
[W0]   → Inserted 3,002,156 rows (38,005/86,017 buckets)
[W0]   → Inserted 3,102,382 rows (38,343/86,017 buckets)
[W0]   → Inserted 3,202,499 rows (38,671/86,017 buckets)
[W0]   → Inserted 3,302,814 rows (38,991/86,017 buckets)
[W0]   → Inserted 3,402,943 rows (39,302/86,017 buckets)
[W0]   → Inserted 3,503,217 rows (39,608/86,017 buckets)
[W0]   → Inserted 3,603,413 rows (39,906/86,017 buckets)
[W0]   40,000/86,017 buckets, 772/391,220 events, 3,635,446 rows
[W0]   → Inserted 3,703,646 rows (40,200/86,017 buckets)
[W0]   → Inserted 3,803,834 rows (40,491/86,017 buckets)
[W0]   → Inserted 3,904,104 rows (40,775/86,017 buckets)
[W0]   → Inserted 4,004,257 rows (41,055/86,017 buckets)
[W0]   → Inserted 4,104,497 rows (41,335/86,017 buckets)
[W0]   → Inserted 4,204,637 rows (41,613/86,017 buckets)
[W0]   → Inserted 4,304,749 rows (41,889/86,017 buckets)
[W0]   → Inserted 4,405,003 rows (42,164/86,017 buckets)
[W0]   → Inserted 4,505,267 rows (42,437/86,017 buckets)
[W0]   → Inserted 4,605,423 rows (42,706/86,017 buckets)
[W0]   → Inserted 4,705,593 rows (42,970/86,017 buckets)
[W0]   → Inserted 4,805,684 rows (43,231/86,017 buckets)
[W0]   → Inserted 4,905,704 rows (43,487/86,017 buckets)
[W0]   → Inserted 5,006,038 rows (43,735/86,017 buckets)
[W0]   → Inserted 5,106,421 rows (43,974/86,017 buckets)
[W0]   → Inserted 5,206,716 rows (44,207/86,017 buckets)
[W0]   → Inserted 5,307,006 rows (44,437/86,017 buckets)
[W0]   → Inserted 5,407,172 rows (44,663/86,017 buckets)
[W0]   → Inserted 5,507,187 rows (44,884/86,017 buckets)
[W0]   → Inserted 5,607,331 rows (45,102/86,017 buckets)
[W0]   → Inserted 5,707,431 rows (45,316/86,017 buckets)
[W0]   → Inserted 5,807,879 rows (45,528/86,017 buckets)
[W0]   → Inserted 5,908,242 rows (45,737/86,017 buckets)
[W0]   → Inserted 6,008,358 rows (45,944/86,017 buckets)
[W0]   → Inserted 6,108,580 rows (46,150/86,017 buckets)
[W0]   → Inserted 6,208,629 rows (46,354/86,017 buckets)
[W0]   → Inserted 6,308,952 rows (46,557/86,017 buckets)
[W0]   → Inserted 6,409,228 rows (46,759/86,017 buckets)
[W0]   → Inserted 6,509,228 rows (46,959/86,017 buckets)
[W0]   → Inserted 6,609,499 rows (47,159/86,017 buckets)
[W0]   → Inserted 6,709,933 rows (47,358/86,017 buckets)
[W0]   → Inserted 6,810,317 rows (47,555/86,017 buckets)
[W0]   → Inserted 6,910,338 rows (47,749/86,017 buckets)
[W0]   → Inserted 7,010,400 rows (47,942/86,017 buckets)
[W0]   → Inserted 7,110,567 rows (48,135/86,017 buckets)
[W0]   → Inserted 7,210,734 rows (48,328/86,017 buckets)
[W0]   → Inserted 7,310,735 rows (48,520/86,017 buckets)
[W0]   → Inserted 7,411,188 rows (48,712/86,017 buckets)
[W0]   → Inserted 7,511,363 rows (48,902/86,017 buckets)
[W0]   → Inserted 7,611,686 rows (49,092/86,017 buckets)
[W0]   → Inserted 7,711,715 rows (49,279/86,017 buckets)
[W0]   → Inserted 7,812,034 rows (49,464/86,017 buckets)
[W0]   → Inserted 7,912,396 rows (49,648/86,017 buckets)
[W0]   → Inserted 8,012,670 rows (49,831/86,017 buckets)
[W0]   50,000/86,017 buckets, 1,269/391,220 events, 8,105,826 rows
[W0]   → Inserted 8,113,015 rows (50,013/86,017 buckets)
[W0]   → Inserted 8,213,121 rows (50,194/86,017 buckets)
[W0]   → Inserted 8,313,650 rows (50,373/86,017 buckets)
[W0]   → Inserted 8,414,021 rows (50,551/86,017 buckets)
[W0]   → Inserted 8,514,258 rows (50,728/86,017 buckets)
[W0]   → Inserted 8,614,617 rows (50,905/86,017 buckets)
[W0]   → Inserted 8,715,092 rows (51,082/86,017 buckets)
[W0]   → Inserted 8,815,277 rows (51,257/86,017 buckets)
[W0]   → Inserted 8,915,310 rows (51,431/86,017 buckets)
[W0]   → Inserted 9,015,580 rows (51,605/86,017 buckets)
[W0]   → Inserted 9,115,747 rows (51,778/86,017 buckets)
[W0]   → Inserted 9,215,823 rows (51,950/86,017 buckets)
[W0]   → Inserted 9,316,154 rows (52,121/86,017 buckets)
[W0]   → Inserted 9,416,625 rows (52,291/86,017 buckets)
[W0]   → Inserted 9,516,713 rows (52,457/86,017 buckets)
[W0]   → Inserted 9,617,101 rows (52,622/86,017 buckets)
[W0]   → Inserted 9,717,256 rows (52,786/86,017 buckets)
[W0]   → Inserted 9,817,624 rows (52,950/86,017 buckets)
[W0]   → Inserted 9,917,733 rows (53,113/86,017 buckets)
[W0]   → Inserted 10,017,978 rows (53,276/86,017 buckets)
[W0]   → Inserted 10,118,477 rows (53,439/86,017 buckets)
[W0]   → Inserted 10,218,818 rows (53,595/86,017 buckets)
[W0]   → Inserted 10,319,136 rows (53,750/86,017 buckets)
[W0]   → Inserted 10,419,327 rows (53,904/86,017 buckets)
[W0]   → Inserted 10,519,581 rows (54,058/86,017 buckets)
[W0]   → Inserted 10,619,950 rows (54,212/86,017 buckets)
[W0]   → Inserted 10,720,358 rows (54,366/86,017 buckets)
[W0]   → Inserted 10,820,378 rows (54,519/86,017 buckets)
[W0]   → Inserted 10,920,664 rows (54,671/86,017 buckets)
[W0]   → Inserted 11,020,777 rows (54,822/86,017 buckets)
[W0]   → Inserted 11,121,238 rows (54,973/86,017 buckets)
[W0]   → Inserted 11,221,633 rows (55,123/86,017 buckets)
[W0]   → Inserted 11,322,233 rows (55,273/86,017 buckets)
[W0]   → Inserted 11,422,412 rows (55,422/86,017 buckets)
[W0]   → Inserted 11,522,689 rows (55,571/86,017 buckets)
[W0]   → Inserted 11,623,058 rows (55,720/86,017 buckets)
[W0]   → Inserted 11,723,129 rows (55,868/86,017 buckets)
[W0]   → Inserted 11,823,427 rows (56,016/86,017 buckets)
[W0]   → Inserted 11,923,450 rows (56,163/86,017 buckets)
[W0]   → Inserted 12,023,522 rows (56,309/86,017 buckets)
[W0]   → Inserted 12,124,169 rows (56,455/86,017 buckets)
[W0]   → Inserted 12,224,270 rows (56,600/86,017 buckets)
[W0]   → Inserted 12,324,850 rows (56,745/86,017 buckets)
[W0]   → Inserted 12,425,512 rows (56,889/86,017 buckets)
[W0]   → Inserted 12,526,174 rows (57,032/86,017 buckets)
[W0]   → Inserted 12,626,687 rows (57,174/86,017 buckets)
[W0]   → Inserted 12,727,158 rows (57,315/86,017 buckets)
[W0]   → Inserted 12,827,646 rows (57,452/86,017 buckets)
[W0]   → Inserted 12,927,688 rows (57,586/86,017 buckets)
[W0]   → Inserted 13,028,128 rows (57,719/86,017 buckets)
[W0]   → Inserted 13,128,797 rows (57,851/86,017 buckets)
[W0]   → Inserted 13,229,548 rows (57,982/86,017 buckets)
[W0]   → Inserted 13,329,625 rows (58,111/86,017 buckets)
[W0]   → Inserted 13,430,281 rows (58,240/86,017 buckets)
[W0]   → Inserted 13,530,568 rows (58,368/86,017 buckets)
[W0]   → Inserted 13,630,917 rows (58,495/86,017 buckets)
[W0]   → Inserted 13,730,962 rows (58,621/86,017 buckets)
[W0]   → Inserted 13,831,508 rows (58,747/86,017 buckets)
[W0]   → Inserted 13,931,674 rows (58,872/86,017 buckets)
[W0]   → Inserted 14,032,152 rows (58,997/86,017 buckets)
[W0]   → Inserted 14,132,842 rows (59,122/86,017 buckets)
[W0]   → Inserted 14,233,043 rows (59,246/86,017 buckets)
[W0]   → Inserted 14,333,629 rows (59,370/86,017 buckets)
[W0]   → Inserted 14,434,441 rows (59,494/86,017 buckets)
[W0]   → Inserted 14,534,598 rows (59,617/86,017 buckets)
[W0]   → Inserted 14,635,129 rows (59,740/86,017 buckets)
[W0]   → Inserted 14,735,866 rows (59,863/86,017 buckets)
[W0]   → Inserted 14,835,919 rows (59,985/86,017 buckets)
[W0]   60,000/86,017 buckets, 2,001/391,220 events, 14,848,249 rows
[W0]   → Inserted 14,936,203 rows (60,107/86,017 buckets)
[W0]   → Inserted 15,036,487 rows (60,229/86,017 buckets)
[W0]   → Inserted 15,136,771 rows (60,351/86,017 buckets)
[W0]   → Inserted 15,237,066 rows (60,473/86,017 buckets)
[W0]   → Inserted 15,337,539 rows (60,595/86,017 buckets)
[W0]   → Inserted 15,438,330 rows (60,717/86,017 buckets)
[W0]   → Inserted 15,538,444 rows (60,838/86,017 buckets)
[W0]   → Inserted 15,638,632 rows (60,959/86,017 buckets)
[W0]   → Inserted 15,738,820 rows (61,080/86,017 buckets)
[W0]   → Inserted 15,839,008 rows (61,201/86,017 buckets)
[W0]   → Inserted 15,939,196 rows (61,322/86,017 buckets)
[W0]   → Inserted 16,039,384 rows (61,443/86,017 buckets)
[W0]   → Inserted 16,139,572 rows (61,564/86,017 buckets)
[W0]   → Inserted 16,239,760 rows (61,685/86,017 buckets)
[W0]   → Inserted 16,339,948 rows (61,806/86,017 buckets)
[W0]   → Inserted 16,440,136 rows (61,927/86,017 buckets)
[W0]   → Inserted 16,540,324 rows (62,048/86,017 buckets)
[W0]   → Inserted 16,640,512 rows (62,169/86,017 buckets)
[W0]   → Inserted 16,740,700 rows (62,290/86,017 buckets)
[W0]   → Inserted 16,840,888 rows (62,411/86,017 buckets)
[W0]   → Inserted 16,941,076 rows (62,532/86,017 buckets)
[W0]   → Inserted 17,041,264 rows (62,653/86,017 buckets)
[W0]   → Inserted 17,141,452 rows (62,774/86,017 buckets)
[W0]   → Inserted 17,241,640 rows (62,895/86,017 buckets)
[W0]   → Inserted 17,341,828 rows (63,016/86,017 buckets)
[W0]   → Inserted 17,442,016 rows (63,137/86,017 buckets)
[W0]   → Inserted 17,542,204 rows (63,258/86,017 buckets)
[W0]   → Inserted 17,642,392 rows (63,379/86,017 buckets)
[W0]   → Inserted 17,742,580 rows (63,500/86,017 buckets)
[W0]   → Inserted 17,842,705 rows (63,613/86,017 buckets)
[W0]   → Inserted 17,943,564 rows (63,725/86,017 buckets)
[W0]   → Inserted 18,043,905 rows (63,836/86,017 buckets)
[W0]   → Inserted 18,144,323 rows (63,947/86,017 buckets)
[W0]   → Inserted 18,244,996 rows (64,058/86,017 buckets)
[W0]   → Inserted 18,345,588 rows (64,167/86,017 buckets)
[W0]   → Inserted 18,446,314 rows (64,274/86,017 buckets)
[W0]   → Inserted 18,547,108 rows (64,381/86,017 buckets)
[W0]   → Inserted 18,648,257 rows (64,469/86,017 buckets)
[W0]   → Inserted 18,749,637 rows (64,541/86,017 buckets)
[W0]   → Inserted 18,850,316 rows (64,612/86,017 buckets)
[W0]   → Inserted 18,951,568 rows (64,683/86,017 buckets)
[W0]   → Inserted 19,052,217 rows (64,753/86,017 buckets)
[W0]   → Inserted 19,153,113 rows (64,823/86,017 buckets)
[W0]   → Inserted 19,254,246 rows (64,893/86,017 buckets)
[W0]   → Inserted 19,354,277 rows (64,962/86,017 buckets)
[W0]   → Inserted 19,454,885 rows (65,031/86,017 buckets)
[W0]   → Inserted 19,555,789 rows (65,100/86,017 buckets)
[W0]   → Inserted 19,656,944 rows (65,169/86,017 buckets)
[W0]   → Inserted 19,758,167 rows (65,238/86,017 buckets)
[W0]   → Inserted 19,859,499 rows (65,307/86,017 buckets)
[W0]   → Inserted 19,959,766 rows (65,375/86,017 buckets)
[W0]   → Inserted 20,060,248 rows (65,443/86,017 buckets)
[W0]   → Inserted 20,160,963 rows (65,511/86,017 buckets)
[W0]   → Inserted 20,261,748 rows (65,579/86,017 buckets)
[W0]   → Inserted 20,362,602 rows (65,647/86,017 buckets)
[W0]   → Inserted 20,463,659 rows (65,715/86,017 buckets)
[W0]   → Inserted 20,564,914 rows (65,783/86,017 buckets)
[W0]   → Inserted 20,666,319 rows (65,851/86,017 buckets)
[W0]   → Inserted 20,767,776 rows (65,919/86,017 buckets)
[W0]   → Inserted 20,867,852 rows (65,986/86,017 buckets)
[W0]   → Inserted 20,968,102 rows (66,053/86,017 buckets)
[W0]   → Inserted 21,068,721 rows (66,120/86,017 buckets)
[W0]   → Inserted 21,169,542 rows (66,187/86,017 buckets)
[W0]   → Inserted 21,270,395 rows (66,254/86,017 buckets)
[W0]   → Inserted 21,371,297 rows (66,321/86,017 buckets)
[W0]   → Inserted 21,472,258 rows (66,388/86,017 buckets)
[W0]   → Inserted 21,573,342 rows (66,455/86,017 buckets)
[W0]   → Inserted 21,674,477 rows (66,522/86,017 buckets)
[W0]   → Inserted 21,775,842 rows (66,589/86,017 buckets)
[W0]   → Inserted 21,876,040 rows (66,655/86,017 buckets)
[W0]   → Inserted 21,976,426 rows (66,721/86,017 buckets)
[W0]   → Inserted 22,076,945 rows (66,787/86,017 buckets)
[W0]   → Inserted 22,177,579 rows (66,853/86,017 buckets)
[W0]   → Inserted 22,278,499 rows (66,919/86,017 buckets)
[W0]   → Inserted 22,379,838 rows (66,985/86,017 buckets)
[W0]   → Inserted 22,481,347 rows (67,051/86,017 buckets)
[W0]   → Inserted 22,581,426 rows (67,116/86,017 buckets)
[W0]   → Inserted 22,681,703 rows (67,181/86,017 buckets)
[W0]   → Inserted 22,782,113 rows (67,246/86,017 buckets)
[W0]   → Inserted 22,882,749 rows (67,311/86,017 buckets)
[W0]   → Inserted 22,983,683 rows (67,376/86,017 buckets)
[W0]   → Inserted 23,084,889 rows (67,441/86,017 buckets)
[W0]   → Inserted 23,185,412 rows (67,505/86,017 buckets)
[W0]   → Inserted 23,286,741 rows (67,569/86,017 buckets)
[W0]   → Inserted 23,388,181 rows (67,633/86,017 buckets)
[W0]   → Inserted 23,488,205 rows (67,696/86,017 buckets)
[W0]   → Inserted 23,589,011 rows (67,759/86,017 buckets)
[W0]   → Inserted 23,689,648 rows (67,821/86,017 buckets)
[W0]   → Inserted 23,790,548 rows (67,883/86,017 buckets)
[W0]   → Inserted 23,891,974 rows (67,945/86,017 buckets)
[W0]   → Inserted 23,993,478 rows (68,007/86,017 buckets)
[W0]   → Inserted 24,093,762 rows (68,068/86,017 buckets)
[W0]   → Inserted 24,194,327 rows (68,129/86,017 buckets)
[W0]   → Inserted 24,294,978 rows (68,190/86,017 buckets)
[W0]   → Inserted 24,395,852 rows (68,251/86,017 buckets)
[W0]   → Inserted 24,497,034 rows (68,312/86,017 buckets)
[W0]   → Inserted 24,598,234 rows (68,373/86,017 buckets)
[W0]   → Inserted 24,699,494 rows (68,434/86,017 buckets)
[W0]   → Inserted 24,800,793 rows (68,495/86,017 buckets)
[W0]   → Inserted 24,902,219 rows (68,556/86,017 buckets)
[W0]   → Inserted 25,003,737 rows (68,617/86,017 buckets)
[W0]   → Inserted 25,105,302 rows (68,678/86,017 buckets)
[W0]   → Inserted 25,206,871 rows (68,739/86,017 buckets)
[W0]   → Inserted 25,308,497 rows (68,800/86,017 buckets)
[W0]   → Inserted 25,408,575 rows (68,860/86,017 buckets)
[W0]   → Inserted 25,508,855 rows (68,920/86,017 buckets)
[W0]   → Inserted 25,609,235 rows (68,980/86,017 buckets)
[W0]   → Inserted 25,709,652 rows (69,040/86,017 buckets)
[W0]   → Inserted 25,810,152 rows (69,100/86,017 buckets)
[W0]   → Inserted 25,910,652 rows (69,160/86,017 buckets)
[W0]   → Inserted 26,011,165 rows (69,220/86,017 buckets)
[W0]   → Inserted 26,111,807 rows (69,280/86,017 buckets)
[W0]   → Inserted 26,212,507 rows (69,340/86,017 buckets)
[W0]   → Inserted 26,313,301 rows (69,400/86,017 buckets)
[W0]   → Inserted 26,414,148 rows (69,460/86,017 buckets)
[W0]   → Inserted 26,515,646 rows (69,520/86,017 buckets)
[W0]   → Inserted 26,615,824 rows (69,579/86,017 buckets)
[W0]   → Inserted 26,716,680 rows (69,638/86,017 buckets)
[W0]   → Inserted 26,817,970 rows (69,697/86,017 buckets)
[W0]   → Inserted 26,919,347 rows (69,756/86,017 buckets)
[W0]   → Inserted 27,020,852 rows (69,815/86,017 buckets)
[W0]   → Inserted 27,122,557 rows (69,874/86,017 buckets)
[W0]   → Inserted 27,222,607 rows (69,932/86,017 buckets)
[W0]   → Inserted 27,322,807 rows (69,990/86,017 buckets)
[W0]   70,000/86,017 buckets, 5,003/391,220 events, 27,340,107 rows
[W0]   → Inserted 27,423,272 rows (70,048/86,017 buckets)
[W0]   → Inserted 27,523,815 rows (70,106/86,017 buckets)
[W0]   → Inserted 27,624,445 rows (70,164/86,017 buckets)
[W0]   → Inserted 27,725,116 rows (70,222/86,017 buckets)
[W0]   → Inserted 27,825,993 rows (70,280/86,017 buckets)
[W0]   → Inserted 27,927,008 rows (70,338/86,017 buckets)
[W0]   → Inserted 28,028,176 rows (70,396/86,017 buckets)
[W0]   → Inserted 28,129,664 rows (70,454/86,017 buckets)
[W0]   → Inserted 28,230,042 rows (70,511/86,017 buckets)
[W0]   → Inserted 28,330,758 rows (70,568/86,017 buckets)
[W0]   → Inserted 28,431,699 rows (70,625/86,017 buckets)
[W0]   → Inserted 28,532,759 rows (70,682/86,017 buckets)
[W0]   → Inserted 28,633,853 rows (70,739/86,017 buckets)
[W0]   → Inserted 28,735,025 rows (70,796/86,017 buckets)
[W0]   → Inserted 28,836,220 rows (70,853/86,017 buckets)
[W0]   → Inserted 28,936,274 rows (70,909/86,017 buckets)
[W0]   → Inserted 29,037,064 rows (70,965/86,017 buckets)
[W0]   → Inserted 29,138,141 rows (71,021/86,017 buckets)
[W0]   → Inserted 29,239,386 rows (71,077/86,017 buckets)
[W0]   → Inserted 29,340,772 rows (71,133/86,017 buckets)
[W0]   → Inserted 29,442,292 rows (71,189/86,017 buckets)
[W0]   → Inserted 29,543,876 rows (71,245/86,017 buckets)
[W0]   → Inserted 29,645,501 rows (71,301/86,017 buckets)
[W0]   → Inserted 29,747,301 rows (71,357/86,017 buckets)
[W0]   → Inserted 29,847,408 rows (71,412/86,017 buckets)
[W0]   → Inserted 29,947,613 rows (71,467/86,017 buckets)
[W0]   → Inserted 30,047,892 rows (71,522/86,017 buckets)
[W0]   → Inserted 30,148,368 rows (71,577/86,017 buckets)
[W0]   → Inserted 30,249,315 rows (71,632/86,017 buckets)
[W0]   → Inserted 30,350,291 rows (71,687/86,017 buckets)
[W0]   → Inserted 30,451,412 rows (71,742/86,017 buckets)
[W0]   → Inserted 30,552,338 rows (71,797/86,017 buckets)
[W0]   → Inserted 30,653,409 rows (71,852/86,017 buckets)
[W0]   → Inserted 30,754,399 rows (71,907/86,017 buckets)
[W0]   → Inserted 30,855,305 rows (71,962/86,017 buckets)
[W0]   → Inserted 30,956,121 rows (72,017/86,017 buckets)
[W0]   → Inserted 31,057,001 rows (72,072/86,017 buckets)
[W0]   → Inserted 31,157,756 rows (72,127/86,017 buckets)
[W0]   → Inserted 31,258,503 rows (72,182/86,017 buckets)
[W0]   → Inserted 31,359,025 rows (72,237/86,017 buckets)
[W0]   → Inserted 31,459,354 rows (72,292/86,017 buckets)
[W0]   → Inserted 31,559,566 rows (72,347/86,017 buckets)
[W0]   → Inserted 31,659,783 rows (72,402/86,017 buckets)
[W0]   → Inserted 31,760,033 rows (72,457/86,017 buckets)
[W0]   → Inserted 31,860,344 rows (72,512/86,017 buckets)
[W0]   → Inserted 31,961,009 rows (72,567/86,017 buckets)
[W0]   → Inserted 32,061,835 rows (72,622/86,017 buckets)
[W0]   → Inserted 32,162,594 rows (72,677/86,017 buckets)
[W0]   → Inserted 32,263,576 rows (72,732/86,017 buckets)
[W0]   → Inserted 32,364,515 rows (72,787/86,017 buckets)
[W0]   → Inserted 32,465,491 rows (72,842/86,017 buckets)
[W0]   → Inserted 32,566,252 rows (72,897/86,017 buckets)
[W0]   → Inserted 32,666,740 rows (72,952/86,017 buckets)
[W0]   → Inserted 32,767,116 rows (73,007/86,017 buckets)
[W0]   → Inserted 32,867,446 rows (73,062/86,017 buckets)
[W0]   → Inserted 32,967,760 rows (73,117/86,017 buckets)
[W0]   → Inserted 33,068,042 rows (73,172/86,017 buckets)
[W0]   → Inserted 33,168,372 rows (73,227/86,017 buckets)
[W0]   → Inserted 33,268,753 rows (73,282/86,017 buckets)
[W0]   → Inserted 33,369,156 rows (73,337/86,017 buckets)
[W0]   → Inserted 33,469,514 rows (73,392/86,017 buckets)
[W0]   → Inserted 33,570,308 rows (73,447/86,017 buckets)
[W0]   → Inserted 33,671,321 rows (73,502/86,017 buckets)
[W0]   → Inserted 33,772,323 rows (73,557/86,017 buckets)
[W0]   → Inserted 33,873,411 rows (73,612/86,017 buckets)
[W0]   → Inserted 33,974,531 rows (73,667/86,017 buckets)
[W0]   → Inserted 34,075,598 rows (73,722/86,017 buckets)
[W0]   → Inserted 34,176,823 rows (73,777/86,017 buckets)
[W0]   → Inserted 34,277,927 rows (73,832/86,017 buckets)
[W0]   → Inserted 34,379,126 rows (73,887/86,017 buckets)
[W0]   → Inserted 34,480,358 rows (73,942/86,017 buckets)
[W0]   → Inserted 34,581,659 rows (73,997/86,017 buckets)
[W0]   → Inserted 34,682,957 rows (74,052/86,017 buckets)
[W0]   → Inserted 34,784,359 rows (74,107/86,017 buckets)
[W0]   → Inserted 34,885,892 rows (74,162/86,017 buckets)
[W0]   → Inserted 34,987,473 rows (74,217/86,017 buckets)
[W0]   → Inserted 35,089,154 rows (74,272/86,017 buckets)
[W0]   → Inserted 35,190,886 rows (74,327/86,017 buckets)
[W0]   → Inserted 35,292,675 rows (74,382/86,017 buckets)
[W0]   → Inserted 35,392,716 rows (74,436/86,017 buckets)
[W0]   → Inserted 35,492,889 rows (74,490/86,017 buckets)
[W0]   → Inserted 35,593,154 rows (74,544/86,017 buckets)
[W0]   → Inserted 35,693,619 rows (74,598/86,017 buckets)
[W0]   → Inserted 35,794,085 rows (74,652/86,017 buckets)
[W0]   → Inserted 35,894,601 rows (74,706/86,017 buckets)
[W0]   → Inserted 35,995,058 rows (74,760/86,017 buckets)
[W0]   → Inserted 36,095,693 rows (74,814/86,017 buckets)
[W0]   → Inserted 36,196,077 rows (74,868/86,017 buckets)
[W0]   → Inserted 36,296,311 rows (74,922/86,017 buckets)
[W0]   → Inserted 36,396,423 rows (74,976/86,017 buckets)
[W0]   → Inserted 36,498,201 rows (75,031/86,017 buckets)
[W0]   → Inserted 36,598,272 rows (75,085/86,017 buckets)
[W0]   → Inserted 36,698,512 rows (75,139/86,017 buckets)
[W0]   → Inserted 36,798,734 rows (75,193/86,017 buckets)
[W0]   → Inserted 36,898,969 rows (75,247/86,017 buckets)
[W0]   → Inserted 36,999,229 rows (75,301/86,017 buckets)
[W0]   → Inserted 37,099,327 rows (75,355/86,017 buckets)
[W0]   → Inserted 37,199,567 rows (75,409/86,017 buckets)
[W0]   → Inserted 37,300,008 rows (75,463/86,017 buckets)
[W0]   → Inserted 37,400,697 rows (75,517/86,017 buckets)
[W0]   → Inserted 37,501,349 rows (75,571/86,017 buckets)
[W0]   → Inserted 37,602,050 rows (75,625/86,017 buckets)
[W0]   → Inserted 37,702,762 rows (75,679/86,017 buckets)
[W0]   → Inserted 37,803,706 rows (75,733/86,017 buckets)
[W0]   → Inserted 37,904,656 rows (75,787/86,017 buckets)
[W0]   → Inserted 38,005,769 rows (75,841/86,017 buckets)
[W0]   → Inserted 38,107,092 rows (75,895/86,017 buckets)
[W0]   → Inserted 38,208,405 rows (75,949/86,017 buckets)
[W0]   → Inserted 38,309,955 rows (76,003/86,017 buckets)
[W0]   → Inserted 38,411,641 rows (76,057/86,017 buckets)
[W0]   → Inserted 38,513,226 rows (76,111/86,017 buckets)
[W0]   → Inserted 38,614,889 rows (76,165/86,017 buckets)
[W0]   → Inserted 38,716,628 rows (76,219/86,017 buckets)
[W0]   → Inserted 38,818,456 rows (76,273/86,017 buckets)
[W0]   → Inserted 38,918,462 rows (76,326/86,017 buckets)
[W0]   → Inserted 39,018,517 rows (76,379/86,017 buckets)
[W0]   → Inserted 39,120,374 rows (76,433/86,017 buckets)
[W0]   → Inserted 39,220,441 rows (76,486/86,017 buckets)
[W0]   → Inserted 39,320,542 rows (76,539/86,017 buckets)
[W0]   → Inserted 39,420,563 rows (76,592/86,017 buckets)
[W0]   → Inserted 39,522,408 rows (76,646/86,017 buckets)
[W0]   → Inserted 39,622,483 rows (76,699/86,017 buckets)
[W0]   → Inserted 39,722,617 rows (76,752/86,017 buckets)
[W0]   → Inserted 39,822,692 rows (76,805/86,017 buckets)
[W0]   → Inserted 39,924,564 rows (76,859/86,017 buckets)
[W0]   → Inserted 40,024,621 rows (76,912/86,017 buckets)
[W0]   → Inserted 40,124,882 rows (76,965/86,017 buckets)
[W0]   → Inserted 40,225,150 rows (77,018/86,017 buckets)
[W0]   → Inserted 40,325,367 rows (77,071/86,017 buckets)
[W0]   → Inserted 40,425,704 rows (77,124/86,017 buckets)
[W0]   → Inserted 40,526,130 rows (77,177/86,017 buckets)
[W0]   → Inserted 40,626,734 rows (77,230/86,017 buckets)
[W0]   → Inserted 40,727,030 rows (77,283/86,017 buckets)
[W0]   → Inserted 40,827,475 rows (77,336/86,017 buckets)
[W0]   → Inserted 40,927,993 rows (77,389/86,017 buckets)
[W0]   → Inserted 41,028,537 rows (77,442/86,017 buckets)
[W0]   → Inserted 41,129,262 rows (77,495/86,017 buckets)
[W0]   → Inserted 41,229,984 rows (77,548/86,017 buckets)
[W0]   → Inserted 41,330,555 rows (77,601/86,017 buckets)
[W0]   → Inserted 41,431,344 rows (77,654/86,017 buckets)
[W0]   → Inserted 41,532,152 rows (77,707/86,017 buckets)
[W0]   → Inserted 41,632,889 rows (77,760/86,017 buckets)
[W0]   → Inserted 41,733,391 rows (77,813/86,017 buckets)
[W0]   → Inserted 41,833,950 rows (77,866/86,017 buckets)
[W0]   → Inserted 41,934,617 rows (77,919/86,017 buckets)
[W0]   → Inserted 42,035,409 rows (77,972/86,017 buckets)
[W0]   → Inserted 42,136,229 rows (78,025/86,017 buckets)
[W0]   → Inserted 42,237,229 rows (78,078/86,017 buckets)
[W0]   → Inserted 42,338,295 rows (78,131/86,017 buckets)
[W0]   → Inserted 42,439,349 rows (78,184/86,017 buckets)
[W0]   → Inserted 42,540,357 rows (78,237/86,017 buckets)
[W0]   → Inserted 42,641,194 rows (78,290/86,017 buckets)
[W0]   → Inserted 42,742,100 rows (78,343/86,017 buckets)
[W0]   → Inserted 42,842,926 rows (78,396/86,017 buckets)
[W0]   → Inserted 42,943,700 rows (78,449/86,017 buckets)
[W0]   → Inserted 43,044,648 rows (78,502/86,017 buckets)
[W0]   → Inserted 43,145,602 rows (78,555/86,017 buckets)
[W0]   → Inserted 43,246,623 rows (78,608/86,017 buckets)
[W0]   → Inserted 43,347,788 rows (78,661/86,017 buckets)
[W0]   → Inserted 43,449,047 rows (78,714/86,017 buckets)
[W0]   → Inserted 43,550,000 rows (78,767/86,017 buckets)
[W0]   → Inserted 43,651,144 rows (78,820/86,017 buckets)
[W0]   → Inserted 43,752,294 rows (78,873/86,017 buckets)
[W0]   → Inserted 43,853,453 rows (78,926/86,017 buckets)
[W0]   → Inserted 43,954,684 rows (78,979/86,017 buckets)
[W0]   → Inserted 44,055,921 rows (79,032/86,017 buckets)
[W0]   → Inserted 44,157,325 rows (79,085/86,017 buckets)
[W0]   → Inserted 44,258,750 rows (79,138/86,017 buckets)
[W0]   → Inserted 44,360,192 rows (79,191/86,017 buckets)
[W0]   → Inserted 44,461,679 rows (79,244/86,017 buckets)
[W0]   → Inserted 44,563,297 rows (79,297/86,017 buckets)
[W0]   → Inserted 44,664,850 rows (79,350/86,017 buckets)
[W0]   → Inserted 44,766,388 rows (79,403/86,017 buckets)
[W0]   → Inserted 44,868,010 rows (79,456/86,017 buckets)
[W0]   → Inserted 44,969,706 rows (79,509/86,017 buckets)
[W0]   → Inserted 45,071,459 rows (79,562/86,017 buckets)
[W0]   → Inserted 45,172,974 rows (79,615/86,017 buckets)
[W0]   → Inserted 45,274,622 rows (79,668/86,017 buckets)
[W0]   → Inserted 45,376,356 rows (79,721/86,017 buckets)
[W0]   → Inserted 45,478,076 rows (79,774/86,017 buckets)
[W0]   → Inserted 45,579,617 rows (79,827/86,017 buckets)
[W0]   → Inserted 45,681,175 rows (79,880/86,017 buckets)
[W0]   → Inserted 45,782,737 rows (79,933/86,017 buckets)
[W0]   → Inserted 45,884,302 rows (79,986/86,017 buckets)
[W0]   80,000/86,017 buckets, 276,279/391,220 events, 45,911,140 rows
[W0]   → Inserted 45,985,969 rows (80,039/86,017 buckets)
[W0]   → Inserted 46,087,725 rows (80,092/86,017 buckets)
[W0]   → Inserted 46,189,501 rows (80,145/86,017 buckets)
[W0]   → Inserted 46,291,284 rows (80,198/86,017 buckets)
[W0]   → Inserted 46,393,017 rows (80,251/86,017 buckets)
[W0]   → Inserted 46,494,526 rows (80,304/86,017 buckets)
[W0]   → Inserted 46,596,086 rows (80,357/86,017 buckets)
[W0]   → Inserted 46,697,651 rows (80,410/86,017 buckets)
[W0]   → Inserted 46,799,075 rows (80,463/86,017 buckets)
[W0]   → Inserted 46,900,545 rows (80,516/86,017 buckets)
[W0]   → Inserted 47,002,032 rows (80,569/86,017 buckets)
[W0]   → Inserted 47,103,587 rows (80,622/86,017 buckets)
[W0]   → Inserted 47,205,355 rows (80,675/86,017 buckets)
[W0]   → Inserted 47,307,126 rows (80,728/86,017 buckets)
[W0]   → Inserted 47,408,869 rows (80,781/86,017 buckets)
[W0]   → Inserted 47,510,686 rows (80,834/86,017 buckets)
[W0]   → Inserted 47,612,457 rows (80,887/86,017 buckets)
[W0]   → Inserted 47,714,259 rows (80,940/86,017 buckets)
[W0]   → Inserted 47,816,135 rows (80,993/86,017 buckets)
[W0]   → Inserted 47,918,057 rows (81,046/86,017 buckets)
[W0]   → Inserted 48,018,079 rows (81,098/86,017 buckets)
[W0]   → Inserted 48,118,121 rows (81,150/86,017 buckets)
[W0]   → Inserted 48,218,138 rows (81,202/86,017 buckets)
[W0]   → Inserted 48,320,038 rows (81,255/86,017 buckets)
[W0]   → Inserted 48,420,039 rows (81,307/86,017 buckets)
[W0]   → Inserted 48,520,244 rows (81,359/86,017 buckets)
[W0]   → Inserted 48,620,539 rows (81,411/86,017 buckets)
[W0]   → Inserted 48,720,895 rows (81,463/86,017 buckets)
[W0]   → Inserted 48,821,377 rows (81,515/86,017 buckets)
[W0]   → Inserted 48,921,702 rows (81,567/86,017 buckets)
[W0]   → Inserted 49,021,843 rows (81,619/86,017 buckets)
[W0]   → Inserted 49,121,845 rows (81,671/86,017 buckets)
[W0]   → Inserted 49,221,865 rows (81,723/86,017 buckets)
[W0]   → Inserted 49,321,965 rows (81,775/86,017 buckets)
[W0]   → Inserted 49,422,044 rows (81,827/86,017 buckets)
[W0]   → Inserted 49,522,132 rows (81,879/86,017 buckets)
[W0]   → Inserted 49,623,944 rows (81,932/86,017 buckets)
[W0]   → Inserted 49,725,758 rows (81,985/86,017 buckets)
[W0]   → Inserted 49,827,481 rows (82,038/86,017 buckets)
[W0]   → Inserted 49,929,245 rows (82,091/86,017 buckets)
[W0]   → Inserted 50,029,486 rows (82,143/86,017 buckets)
[W0]   → Inserted 50,129,817 rows (82,195/86,017 buckets)
[W0]   → Inserted 50,230,244 rows (82,247/86,017 buckets)
[W0]   → Inserted 50,330,798 rows (82,299/86,017 buckets)
[W0]   → Inserted 50,431,409 rows (82,351/86,017 buckets)
[W0]   → Inserted 50,532,039 rows (82,403/86,017 buckets)
[W0]   → Inserted 50,632,720 rows (82,455/86,017 buckets)
[W0]   → Inserted 50,733,409 rows (82,507/86,017 buckets)
[W0]   → Inserted 50,834,167 rows (82,559/86,017 buckets)
[W0]   → Inserted 50,934,958 rows (82,611/86,017 buckets)
[W0]   → Inserted 51,035,736 rows (82,663/86,017 buckets)
[W0]   → Inserted 51,136,470 rows (82,715/86,017 buckets)
[W0]   → Inserted 51,237,161 rows (82,767/86,017 buckets)
[W0]   → Inserted 51,337,850 rows (82,819/86,017 buckets)
[W0]   → Inserted 51,438,552 rows (82,871/86,017 buckets)
[W0]   → Inserted 51,539,235 rows (82,923/86,017 buckets)
[W0]   → Inserted 51,639,909 rows (82,975/86,017 buckets)
[W0]   → Inserted 51,740,558 rows (83,027/86,017 buckets)
[W0]   → Inserted 51,841,301 rows (83,079/86,017 buckets)
[W0]   → Inserted 51,942,146 rows (83,131/86,017 buckets)
[W0]   → Inserted 52,042,953 rows (83,183/86,017 buckets)
[W0]   → Inserted 52,143,712 rows (83,235/86,017 buckets)
[W0]   → Inserted 52,244,494 rows (83,287/86,017 buckets)
[W0]   → Inserted 52,345,347 rows (83,339/86,017 buckets)
[W0]   → Inserted 52,446,275 rows (83,391/86,017 buckets)
[W0]   → Inserted 52,547,248 rows (83,443/86,017 buckets)
[W0]   → Inserted 52,648,283 rows (83,495/86,017 buckets)
[W0]   → Inserted 52,749,487 rows (83,547/86,017 buckets)
[W0]   → Inserted 52,850,808 rows (83,599/86,017 buckets)
[W0]   → Inserted 52,952,151 rows (83,651/86,017 buckets)
[W0]   → Inserted 53,053,272 rows (83,703/86,017 buckets)
[W0]   → Inserted 53,154,503 rows (83,755/86,017 buckets)
[W0]   → Inserted 53,255,660 rows (83,807/86,017 buckets)
[W0]   → Inserted 53,356,852 rows (83,859/86,017 buckets)
[W0]   → Inserted 53,458,038 rows (83,911/86,017 buckets)
[W0]   → Inserted 53,559,227 rows (83,963/86,017 buckets)
[W0]   → Inserted 53,660,448 rows (84,015/86,017 buckets)
[W0]   → Inserted 53,761,641 rows (84,067/86,017 buckets)
[W0]   → Inserted 53,862,815 rows (84,119/86,017 buckets)
[W0]   → Inserted 53,963,907 rows (84,171/86,017 buckets)
[W0]   → Inserted 54,065,102 rows (84,223/86,017 buckets)
[W0]   → Inserted 54,166,271 rows (84,275/86,017 buckets)
[W0]   → Inserted 54,267,305 rows (84,327/86,017 buckets)
[W0]   → Inserted 54,368,337 rows (84,379/86,017 buckets)
[W0]   → Inserted 54,469,372 rows (84,431/86,017 buckets)
[W0]   → Inserted 54,570,475 rows (84,483/86,017 buckets)
[W0]   → Inserted 54,671,502 rows (84,535/86,017 buckets)
[W0]   → Inserted 54,772,639 rows (84,587/86,017 buckets)
[W0]   → Inserted 54,873,834 rows (84,639/86,017 buckets)
[W0]   → Inserted 54,975,026 rows (84,691/86,017 buckets)
[W0]   → Inserted 55,076,233 rows (84,743/86,017 buckets)
[W0]   → Inserted 55,177,497 rows (84,795/86,017 buckets)
[W0]   → Inserted 55,278,780 rows (84,847/86,017 buckets)
[W0]   → Inserted 55,380,038 rows (84,899/86,017 buckets)
[W0]   → Inserted 55,481,296 rows (84,951/86,017 buckets)
[W0]   → Inserted 55,582,631 rows (85,003/86,017 buckets)
[W0]   → Inserted 55,684,195 rows (85,055/86,017 buckets)
[W0]   → Inserted 55,785,712 rows (85,107/86,017 buckets)
[W0]   → Inserted 55,887,298 rows (85,159/86,017 buckets)
[W0]   → Inserted 55,988,888 rows (85,211/86,017 buckets)
[W0]   → Inserted 56,090,468 rows (85,263/86,017 buckets)
[W0]   → Inserted 56,192,074 rows (85,315/86,017 buckets)
[W0]   → Inserted 56,293,703 rows (85,367/86,017 buckets)
[W0]   → Inserted 56,395,366 rows (85,419/86,017 buckets)
[W0]   → Inserted 56,497,018 rows (85,471/86,017 buckets)
[W0]   → Inserted 56,598,899 rows (85,523/86,017 buckets)
[W0]   → Inserted 56,700,736 rows (85,575/86,017 buckets)
[W0]   → Inserted 56,802,484 rows (85,627/86,017 buckets)
[W0]   → Inserted 56,904,352 rows (85,679/86,017 buckets)
[W0]   → Inserted 57,006,135 rows (85,731/86,017 buckets)
[W0]   → Inserted 57,108,000 rows (85,783/86,017 buckets)
[W0]   → Inserted 57,209,918 rows (85,835/86,017 buckets)
[W0]   → Inserted 57,311,878 rows (85,887/86,017 buckets)
[W0]   → Inserted 57,411,883 rows (85,938/86,017 buckets)
[W0]   → Inserted 57,511,902 rows (85,989/86,017 buckets)
[W0]   Complete: 57,564,836 heatmap rows, 6,575 active orders
[W0] Worker complete: 99,947,110 total rows
