[W9] Starting worker for 2 dates
[W9] Rebuilding 2025-10-12...
[W9]   Fetching MBO events...
[W9]   Loaded 3,243,240 events
[W9]   Processing 57,596 time buckets
[W9]   → Inserted 100,409 rows (78/57,596 buckets)
[W9]   → Inserted 200,818 rows (157/57,596 buckets)
[W9]   → Inserted 301,227 rows (236/57,596 buckets)
[W9]   → Inserted 401,636 rows (315/57,596 buckets)
[W9]   → Inserted 502,045 rows (394/57,596 buckets)
[W9]   → Inserted 602,454 rows (473/57,596 buckets)
[W9]   → Inserted 702,863 rows (552/57,596 buckets)
[W9]   → Inserted 803,272 rows (631/57,596 buckets)
[W9]   → Inserted 903,681 rows (710/57,596 buckets)
[W9]   → Inserted 1,004,090 rows (789/57,596 buckets)
[W9]   → Inserted 1,104,499 rows (868/57,596 buckets)
[W9]   → Inserted 1,204,908 rows (947/57,596 buckets)
[W9]   → Inserted 1,305,317 rows (1,026/57,596 buckets)
[W9]   → Inserted 1,405,726 rows (1,105/57,596 buckets)
[W9]   → Inserted 1,506,135 rows (1,184/57,596 buckets)
[W9]   → Inserted 1,606,544 rows (1,263/57,596 buckets)
[W9]   → Inserted 1,706,953 rows (1,342/57,596 buckets)
[W9]   → Inserted 1,807,362 rows (1,421/57,596 buckets)
[W9]   → Inserted 1,907,771 rows (1,500/57,596 buckets)
[W9]   → Inserted 2,008,180 rows (1,579/57,596 buckets)
[W9]   → Inserted 2,108,589 rows (1,658/57,596 buckets)
[W9]   → Inserted 2,208,998 rows (1,737/57,596 buckets)
[W9]   → Inserted 2,309,407 rows (1,816/57,596 buckets)
[W9]   → Inserted 2,409,816 rows (1,895/57,596 buckets)
[W9]   → Inserted 2,510,225 rows (1,974/57,596 buckets)
[W9]   → Inserted 2,610,634 rows (2,053/57,596 buckets)
[W9]   → Inserted 2,711,043 rows (2,132/57,596 buckets)
[W9]   → Inserted 2,811,452 rows (2,211/57,596 buckets)
[W9]   → Inserted 2,911,861 rows (2,290/57,596 buckets)
[W9]   → Inserted 3,012,270 rows (2,369/57,596 buckets)
[W9]   → Inserted 3,112,679 rows (2,448/57,596 buckets)
[W9]   → Inserted 3,213,088 rows (2,527/57,596 buckets)
[W9]   → Inserted 3,313,497 rows (2,606/57,596 buckets)
[W9]   → Inserted 3,413,906 rows (2,685/57,596 buckets)
[W9]   → Inserted 3,514,315 rows (2,764/57,596 buckets)
[W9]   → Inserted 3,614,724 rows (2,843/57,596 buckets)
[W9]   → Inserted 3,715,133 rows (2,922/57,596 buckets)
[W9]   → Inserted 3,815,542 rows (3,001/57,596 buckets)
[W9]   → Inserted 3,915,951 rows (3,080/57,596 buckets)
[W9]   → Inserted 4,016,360 rows (3,159/57,596 buckets)
[W9]   → Inserted 4,116,769 rows (3,238/57,596 buckets)
[W9]   → Inserted 4,217,178 rows (3,317/57,596 buckets)
[W9]   → Inserted 4,317,587 rows (3,396/57,596 buckets)
[W9]   → Inserted 4,417,996 rows (3,475/57,596 buckets)
[W9]   → Inserted 4,518,405 rows (3,554/57,596 buckets)
[W9]   → Inserted 4,618,814 rows (3,633/57,596 buckets)
[W9]   → Inserted 4,719,223 rows (3,712/57,596 buckets)
[W9]   → Inserted 4,819,632 rows (3,791/57,596 buckets)
[W9]   → Inserted 4,920,041 rows (3,870/57,596 buckets)
[W9]   → Inserted 5,020,450 rows (3,949/57,596 buckets)
[W9]   → Inserted 5,120,859 rows (4,028/57,596 buckets)
[W9]   → Inserted 5,221,268 rows (4,107/57,596 buckets)
[W9]   → Inserted 5,321,677 rows (4,186/57,596 buckets)
[W9]   → Inserted 5,422,086 rows (4,265/57,596 buckets)
[W9]   → Inserted 5,522,495 rows (4,344/57,596 buckets)
[W9]   → Inserted 5,622,904 rows (4,423/57,596 buckets)
[W9]   → Inserted 5,723,313 rows (4,502/57,596 buckets)
[W9]   → Inserted 5,823,722 rows (4,581/57,596 buckets)
[W9]   → Inserted 5,924,131 rows (4,660/57,596 buckets)
[W9]   → Inserted 6,024,540 rows (4,739/57,596 buckets)
[W9]   → Inserted 6,124,949 rows (4,818/57,596 buckets)
[W9]   → Inserted 6,225,358 rows (4,897/57,596 buckets)
[W9]   → Inserted 6,325,767 rows (4,976/57,596 buckets)
[W9]   → Inserted 6,426,176 rows (5,055/57,596 buckets)
[W9]   → Inserted 6,526,585 rows (5,134/57,596 buckets)
[W9]   → Inserted 6,626,994 rows (5,213/57,596 buckets)
[W9]   → Inserted 6,727,403 rows (5,292/57,596 buckets)
[W9]   → Inserted 6,827,812 rows (5,371/57,596 buckets)
[W9]   → Inserted 6,928,221 rows (5,450/57,596 buckets)
[W9]   → Inserted 7,028,630 rows (5,529/57,596 buckets)
[W9]   → Inserted 7,129,039 rows (5,608/57,596 buckets)
[W9]   → Inserted 7,229,448 rows (5,687/57,596 buckets)
[W9]   → Inserted 7,329,857 rows (5,766/57,596 buckets)
[W9]   → Inserted 7,430,266 rows (5,845/57,596 buckets)
[W9]   → Inserted 7,530,675 rows (5,924/57,596 buckets)
[W9]   → Inserted 7,631,084 rows (6,003/57,596 buckets)
[W9]   → Inserted 7,731,493 rows (6,082/57,596 buckets)
[W9]   → Inserted 7,831,902 rows (6,161/57,596 buckets)
[W9]   → Inserted 7,932,311 rows (6,240/57,596 buckets)
[W9]   → Inserted 8,032,720 rows (6,319/57,596 buckets)
[W9]   → Inserted 8,133,129 rows (6,398/57,596 buckets)
[W9]   → Inserted 8,233,538 rows (6,477/57,596 buckets)
[W9]   → Inserted 8,333,947 rows (6,556/57,596 buckets)
[W9]   → Inserted 8,434,356 rows (6,635/57,596 buckets)
[W9]   → Inserted 8,534,765 rows (6,714/57,596 buckets)
[W9]   → Inserted 8,635,174 rows (6,793/57,596 buckets)
[W9]   → Inserted 8,735,583 rows (6,872/57,596 buckets)
[W9]   → Inserted 8,835,992 rows (6,951/57,596 buckets)
[W9]   → Inserted 8,936,401 rows (7,030/57,596 buckets)
[W9]   → Inserted 9,036,810 rows (7,109/57,596 buckets)
[W9]   → Inserted 9,137,219 rows (7,188/57,596 buckets)
[W9]   → Inserted 9,237,628 rows (7,267/57,596 buckets)
[W9]   → Inserted 9,338,037 rows (7,346/57,596 buckets)
[W9]   → Inserted 9,438,446 rows (7,425/57,596 buckets)
[W9]   → Inserted 9,538,855 rows (7,504/57,596 buckets)
[W9]   → Inserted 9,639,264 rows (7,583/57,596 buckets)
[W9]   → Inserted 9,739,673 rows (7,662/57,596 buckets)
[W9]   → Inserted 9,840,082 rows (7,741/57,596 buckets)
[W9]   → Inserted 9,940,491 rows (7,820/57,596 buckets)
[W9]   → Inserted 10,040,900 rows (7,899/57,596 buckets)
[W9]   → Inserted 10,141,309 rows (7,978/57,596 buckets)
[W9]   → Inserted 10,241,718 rows (8,057/57,596 buckets)
[W9]   → Inserted 10,342,127 rows (8,136/57,596 buckets)
[W9]   → Inserted 10,442,536 rows (8,215/57,596 buckets)
[W9]   → Inserted 10,542,945 rows (8,294/57,596 buckets)
[W9]   → Inserted 10,643,354 rows (8,373/57,596 buckets)
[W9]   → Inserted 10,743,763 rows (8,452/57,596 buckets)
[W9]   → Inserted 10,844,172 rows (8,531/57,596 buckets)
[W9]   → Inserted 10,944,581 rows (8,610/57,596 buckets)
[W9]   → Inserted 11,044,990 rows (8,689/57,596 buckets)
[W9]   → Inserted 11,145,399 rows (8,768/57,596 buckets)
[W9]   → Inserted 11,245,808 rows (8,847/57,596 buckets)
[W9]   → Inserted 11,346,217 rows (8,926/57,596 buckets)
[W9]   → Inserted 11,446,626 rows (9,005/57,596 buckets)
[W9]   → Inserted 11,547,035 rows (9,084/57,596 buckets)
[W9]   → Inserted 11,647,444 rows (9,163/57,596 buckets)
[W9]   → Inserted 11,747,853 rows (9,242/57,596 buckets)
[W9]   → Inserted 11,848,262 rows (9,321/57,596 buckets)
[W9]   → Inserted 11,948,671 rows (9,400/57,596 buckets)
[W9]   → Inserted 12,049,080 rows (9,479/57,596 buckets)
[W9]   → Inserted 12,149,489 rows (9,558/57,596 buckets)
[W9]   → Inserted 12,249,898 rows (9,637/57,596 buckets)
[W9]   → Inserted 12,350,307 rows (9,716/57,596 buckets)
[W9]   → Inserted 12,450,716 rows (9,795/57,596 buckets)
[W9]   → Inserted 12,551,125 rows (9,874/57,596 buckets)
[W9]   → Inserted 12,651,534 rows (9,953/57,596 buckets)
[W9]   10,000/57,596 buckets, 5,575/3,243,240 events, 12,711,271 rows
[W9]   → Inserted 12,751,943 rows (10,032/57,596 buckets)
[W9]   → Inserted 12,852,352 rows (10,111/57,596 buckets)
[W9]   → Inserted 12,952,761 rows (10,190/57,596 buckets)
[W9]   → Inserted 13,053,170 rows (10,269/57,596 buckets)
[W9]   → Inserted 13,153,579 rows (10,348/57,596 buckets)
[W9]   → Inserted 13,253,988 rows (10,427/57,596 buckets)
[W9]   → Inserted 13,354,397 rows (10,506/57,596 buckets)
[W9]   → Inserted 13,454,806 rows (10,585/57,596 buckets)
[W9]   → Inserted 13,555,215 rows (10,664/57,596 buckets)
[W9]   → Inserted 13,655,624 rows (10,743/57,596 buckets)
[W9]   → Inserted 13,756,033 rows (10,822/57,596 buckets)
[W9]   → Inserted 13,856,442 rows (10,901/57,596 buckets)
[W9]   → Inserted 13,956,851 rows (10,980/57,596 buckets)
[W9]   → Inserted 14,057,260 rows (11,059/57,596 buckets)
[W9]   → Inserted 14,157,669 rows (11,138/57,596 buckets)
[W9]   → Inserted 14,258,078 rows (11,217/57,596 buckets)
[W9]   → Inserted 14,358,487 rows (11,296/57,596 buckets)
[W9]   → Inserted 14,458,896 rows (11,375/57,596 buckets)
[W9]   → Inserted 14,559,305 rows (11,454/57,596 buckets)
[W9]   → Inserted 14,659,714 rows (11,533/57,596 buckets)
[W9]   → Inserted 14,760,123 rows (11,612/57,596 buckets)
[W9]   → Inserted 14,860,532 rows (11,691/57,596 buckets)
[W9]   → Inserted 14,960,941 rows (11,770/57,596 buckets)
[W9]   → Inserted 15,061,350 rows (11,849/57,596 buckets)
[W9]   → Inserted 15,161,759 rows (11,928/57,596 buckets)
[W9]   → Inserted 15,262,168 rows (12,007/57,596 buckets)
[W9]   → Inserted 15,362,577 rows (12,086/57,596 buckets)
[W9]   → Inserted 15,462,986 rows (12,165/57,596 buckets)
[W9]   → Inserted 15,563,395 rows (12,244/57,596 buckets)
[W9]   → Inserted 15,663,804 rows (12,323/57,596 buckets)
[W9]   → Inserted 15,764,213 rows (12,402/57,596 buckets)
[W9]   → Inserted 15,864,622 rows (12,481/57,596 buckets)
[W9]   → Inserted 15,965,031 rows (12,560/57,596 buckets)
[W9]   → Inserted 16,065,440 rows (12,639/57,596 buckets)
[W9]   → Inserted 16,165,849 rows (12,718/57,596 buckets)
[W9]   → Inserted 16,266,258 rows (12,797/57,596 buckets)
[W9]   → Inserted 16,366,667 rows (12,876/57,596 buckets)
[W9]   → Inserted 16,467,076 rows (12,955/57,596 buckets)
[W9]   → Inserted 16,567,485 rows (13,034/57,596 buckets)
[W9]   → Inserted 16,667,894 rows (13,113/57,596 buckets)
[W9]   → Inserted 16,768,303 rows (13,192/57,596 buckets)
[W9]   → Inserted 16,868,712 rows (13,271/57,596 buckets)
[W9]   → Inserted 16,969,121 rows (13,350/57,596 buckets)
[W9]   → Inserted 17,069,530 rows (13,429/57,596 buckets)
[W9]   → Inserted 17,169,939 rows (13,508/57,596 buckets)
[W9]   → Inserted 17,270,348 rows (13,587/57,596 buckets)
[W9]   → Inserted 17,370,757 rows (13,666/57,596 buckets)
[W9]   → Inserted 17,471,166 rows (13,745/57,596 buckets)
[W9]   → Inserted 17,571,575 rows (13,824/57,596 buckets)
[W9]   → Inserted 17,671,984 rows (13,903/57,596 buckets)
[W9]   → Inserted 17,772,393 rows (13,982/57,596 buckets)
[W9]   → Inserted 17,872,802 rows (14,061/57,596 buckets)
[W9]   → Inserted 17,973,211 rows (14,140/57,596 buckets)
[W9]   → Inserted 18,073,620 rows (14,219/57,596 buckets)
[W9]   → Inserted 18,174,029 rows (14,298/57,596 buckets)
[W9]   → Inserted 18,274,438 rows (14,377/57,596 buckets)
[W9]   → Inserted 18,374,847 rows (14,456/57,596 buckets)
[W9]   → Inserted 18,475,256 rows (14,535/57,596 buckets)
[W9]   → Inserted 18,575,665 rows (14,614/57,596 buckets)
[W9]   → Inserted 18,676,074 rows (14,693/57,596 buckets)
[W9]   → Inserted 18,776,483 rows (14,772/57,596 buckets)
[W9]   → Inserted 18,876,892 rows (14,851/57,596 buckets)
[W9]   → Inserted 18,977,301 rows (14,930/57,596 buckets)
[W9]   → Inserted 19,077,710 rows (15,009/57,596 buckets)
[W9]   → Inserted 19,178,119 rows (15,088/57,596 buckets)
[W9]   → Inserted 19,278,528 rows (15,167/57,596 buckets)
[W9]   → Inserted 19,378,937 rows (15,246/57,596 buckets)
[W9]   → Inserted 19,479,346 rows (15,325/57,596 buckets)
[W9]   → Inserted 19,579,755 rows (15,404/57,596 buckets)
[W9]   → Inserted 19,680,164 rows (15,483/57,596 buckets)
[W9]   → Inserted 19,780,573 rows (15,562/57,596 buckets)
[W9]   → Inserted 19,880,982 rows (15,641/57,596 buckets)
[W9]   → Inserted 19,981,391 rows (15,720/57,596 buckets)
[W9]   → Inserted 20,081,800 rows (15,799/57,596 buckets)
[W9]   → Inserted 20,182,209 rows (15,878/57,596 buckets)
[W9]   → Inserted 20,282,618 rows (15,957/57,596 buckets)
[W9]   → Inserted 20,383,027 rows (16,036/57,596 buckets)
[W9]   → Inserted 20,483,436 rows (16,115/57,596 buckets)
[W9]   → Inserted 20,583,845 rows (16,194/57,596 buckets)
[W9]   → Inserted 20,684,254 rows (16,273/57,596 buckets)
[W9]   → Inserted 20,784,663 rows (16,352/57,596 buckets)
[W9]   → Inserted 20,885,072 rows (16,431/57,596 buckets)
[W9]   → Inserted 20,985,481 rows (16,510/57,596 buckets)
[W9]   → Inserted 21,085,890 rows (16,589/57,596 buckets)
[W9]   → Inserted 21,186,299 rows (16,668/57,596 buckets)
[W9]   → Inserted 21,286,708 rows (16,747/57,596 buckets)
[W9]   → Inserted 21,387,117 rows (16,826/57,596 buckets)
[W9]   → Inserted 21,487,526 rows (16,905/57,596 buckets)
[W9]   → Inserted 21,587,935 rows (16,984/57,596 buckets)
[W9]   → Inserted 21,688,344 rows (17,063/57,596 buckets)
[W9]   → Inserted 21,788,753 rows (17,142/57,596 buckets)
[W9]   → Inserted 21,889,162 rows (17,221/57,596 buckets)
[W9]   → Inserted 21,989,571 rows (17,300/57,596 buckets)
[W9]   → Inserted 22,089,980 rows (17,379/57,596 buckets)
[W9]   → Inserted 22,190,389 rows (17,458/57,596 buckets)
[W9]   → Inserted 22,290,798 rows (17,537/57,596 buckets)
[W9]   → Inserted 22,391,207 rows (17,616/57,596 buckets)
[W9]   → Inserted 22,491,616 rows (17,695/57,596 buckets)
[W9]   → Inserted 22,592,025 rows (17,774/57,596 buckets)
[W9]   → Inserted 22,692,434 rows (17,853/57,596 buckets)
[W9]   → Inserted 22,792,843 rows (17,932/57,596 buckets)
[W9]   → Inserted 22,893,252 rows (18,011/57,596 buckets)
[W9]   → Inserted 22,993,661 rows (18,090/57,596 buckets)
[W9]   → Inserted 23,094,070 rows (18,169/57,596 buckets)
[W9]   → Inserted 23,194,479 rows (18,248/57,596 buckets)
[W9]   → Inserted 23,294,888 rows (18,327/57,596 buckets)
[W9]   → Inserted 23,395,297 rows (18,406/57,596 buckets)
[W9]   → Inserted 23,495,706 rows (18,485/57,596 buckets)
[W9]   → Inserted 23,596,115 rows (18,564/57,596 buckets)
[W9]   → Inserted 23,696,524 rows (18,643/57,596 buckets)
[W9]   → Inserted 23,796,933 rows (18,722/57,596 buckets)
[W9]   → Inserted 23,897,342 rows (18,801/57,596 buckets)
[W9]   → Inserted 23,997,751 rows (18,880/57,596 buckets)
[W9]   → Inserted 24,098,160 rows (18,959/57,596 buckets)
[W9]   → Inserted 24,198,569 rows (19,038/57,596 buckets)
[W9]   → Inserted 24,298,978 rows (19,117/57,596 buckets)
[W9]   → Inserted 24,399,387 rows (19,196/57,596 buckets)
[W9]   → Inserted 24,499,796 rows (19,275/57,596 buckets)
[W9]   → Inserted 24,600,205 rows (19,354/57,596 buckets)
[W9]   → Inserted 24,700,614 rows (19,433/57,596 buckets)
[W9]   → Inserted 24,801,023 rows (19,512/57,596 buckets)
[W9]   → Inserted 24,901,432 rows (19,591/57,596 buckets)
[W9]   → Inserted 25,001,841 rows (19,670/57,596 buckets)
[W9]   → Inserted 25,102,250 rows (19,749/57,596 buckets)
[W9]   → Inserted 25,202,659 rows (19,828/57,596 buckets)
[W9]   → Inserted 25,303,068 rows (19,907/57,596 buckets)
[W9]   → Inserted 25,403,477 rows (19,986/57,596 buckets)
[W9]   20,000/57,596 buckets, 5,575/3,243,240 events, 25,421,271 rows
[W9]   → Inserted 25,503,886 rows (20,065/57,596 buckets)
[W9]   → Inserted 25,604,295 rows (20,144/57,596 buckets)
[W9]   → Inserted 25,704,704 rows (20,223/57,596 buckets)
[W9]   → Inserted 25,805,113 rows (20,302/57,596 buckets)
[W9]   → Inserted 25,905,522 rows (20,381/57,596 buckets)
[W9]   → Inserted 26,005,931 rows (20,460/57,596 buckets)
[W9]   → Inserted 26,106,340 rows (20,539/57,596 buckets)
[W9]   → Inserted 26,206,749 rows (20,618/57,596 buckets)
[W9]   → Inserted 26,307,158 rows (20,697/57,596 buckets)
[W9]   → Inserted 26,407,567 rows (20,776/57,596 buckets)
[W9]   → Inserted 26,507,976 rows (20,855/57,596 buckets)
[W9]   → Inserted 26,608,385 rows (20,934/57,596 buckets)
[W9]   → Inserted 26,708,794 rows (21,013/57,596 buckets)
[W9]   → Inserted 26,809,203 rows (21,092/57,596 buckets)
[W9]   → Inserted 26,909,612 rows (21,171/57,596 buckets)
[W9]   → Inserted 27,010,021 rows (21,250/57,596 buckets)
[W9]   → Inserted 27,110,430 rows (21,329/57,596 buckets)
[W9]   → Inserted 27,210,839 rows (21,408/57,596 buckets)
[W9]   → Inserted 27,311,248 rows (21,487/57,596 buckets)
[W9]   → Inserted 27,411,657 rows (21,566/57,596 buckets)
[W9]   → Inserted 27,512,066 rows (21,645/57,596 buckets)
[W9]   → Inserted 27,612,475 rows (21,724/57,596 buckets)
[W9]   → Inserted 27,712,884 rows (21,803/57,596 buckets)
[W9]   → Inserted 27,813,293 rows (21,882/57,596 buckets)
[W9]   → Inserted 27,913,702 rows (21,961/57,596 buckets)
[W9]   → Inserted 28,014,111 rows (22,040/57,596 buckets)
[W9]   → Inserted 28,114,520 rows (22,119/57,596 buckets)
[W9]   → Inserted 28,214,929 rows (22,198/57,596 buckets)
[W9]   → Inserted 28,315,338 rows (22,277/57,596 buckets)
[W9]   → Inserted 28,415,747 rows (22,356/57,596 buckets)
[W9]   → Inserted 28,516,156 rows (22,435/57,596 buckets)
[W9]   → Inserted 28,616,565 rows (22,514/57,596 buckets)
[W9]   → Inserted 28,716,974 rows (22,593/57,596 buckets)
[W9]   → Inserted 28,817,383 rows (22,672/57,596 buckets)
[W9]   → Inserted 28,917,792 rows (22,751/57,596 buckets)
[W9]   → Inserted 29,018,201 rows (22,830/57,596 buckets)
[W9]   → Inserted 29,118,610 rows (22,909/57,596 buckets)
[W9]   → Inserted 29,219,019 rows (22,988/57,596 buckets)
[W9]   → Inserted 29,319,428 rows (23,067/57,596 buckets)
[W9]   → Inserted 29,419,837 rows (23,146/57,596 buckets)
[W9]   → Inserted 29,520,246 rows (23,225/57,596 buckets)
[W9]   → Inserted 29,620,655 rows (23,304/57,596 buckets)
[W9]   → Inserted 29,721,064 rows (23,383/57,596 buckets)
[W9]   → Inserted 29,821,473 rows (23,462/57,596 buckets)
[W9]   → Inserted 29,921,882 rows (23,541/57,596 buckets)
[W9]   → Inserted 30,022,291 rows (23,620/57,596 buckets)
[W9]   → Inserted 30,122,700 rows (23,699/57,596 buckets)
[W9]   → Inserted 30,223,109 rows (23,778/57,596 buckets)
[W9]   → Inserted 30,323,518 rows (23,857/57,596 buckets)
[W9]   → Inserted 30,423,927 rows (23,936/57,596 buckets)
[W9]   → Inserted 30,524,336 rows (24,015/57,596 buckets)
[W9]   → Inserted 30,624,745 rows (24,094/57,596 buckets)
[W9]   → Inserted 30,725,154 rows (24,173/57,596 buckets)
[W9]   → Inserted 30,825,563 rows (24,252/57,596 buckets)
[W9]   → Inserted 30,925,972 rows (24,331/57,596 buckets)
[W9]   → Inserted 31,026,381 rows (24,410/57,596 buckets)
[W9]   → Inserted 31,126,790 rows (24,489/57,596 buckets)
[W9]   → Inserted 31,227,199 rows (24,568/57,596 buckets)
[W9]   → Inserted 31,327,608 rows (24,647/57,596 buckets)
[W9]   → Inserted 31,428,017 rows (24,726/57,596 buckets)
[W9]   → Inserted 31,528,426 rows (24,805/57,596 buckets)
[W9]   → Inserted 31,628,835 rows (24,884/57,596 buckets)
[W9]   → Inserted 31,729,244 rows (24,963/57,596 buckets)
[W9]   → Inserted 31,829,653 rows (25,042/57,596 buckets)
[W9]   → Inserted 31,930,062 rows (25,121/57,596 buckets)
[W9]   → Inserted 32,030,471 rows (25,200/57,596 buckets)
[W9]   → Inserted 32,130,880 rows (25,279/57,596 buckets)
[W9]   → Inserted 32,231,289 rows (25,358/57,596 buckets)
[W9]   → Inserted 32,331,698 rows (25,437/57,596 buckets)
[W9]   → Inserted 32,432,107 rows (25,516/57,596 buckets)
[W9]   → Inserted 32,532,516 rows (25,595/57,596 buckets)
[W9]   → Inserted 32,632,925 rows (25,674/57,596 buckets)
[W9]   → Inserted 32,733,334 rows (25,753/57,596 buckets)
[W9]   → Inserted 32,833,743 rows (25,832/57,596 buckets)
[W9]   → Inserted 32,934,152 rows (25,911/57,596 buckets)
[W9]   → Inserted 33,034,561 rows (25,990/57,596 buckets)
[W9]   → Inserted 33,134,970 rows (26,069/57,596 buckets)
[W9]   → Inserted 33,235,379 rows (26,148/57,596 buckets)
[W9]   → Inserted 33,335,788 rows (26,227/57,596 buckets)
[W9]   → Inserted 33,436,197 rows (26,306/57,596 buckets)
[W9]   → Inserted 33,536,606 rows (26,385/57,596 buckets)
[W9]   → Inserted 33,637,015 rows (26,464/57,596 buckets)
[W9]   → Inserted 33,737,424 rows (26,543/57,596 buckets)
[W9]   → Inserted 33,837,833 rows (26,622/57,596 buckets)
[W9]   → Inserted 33,938,242 rows (26,701/57,596 buckets)
[W9]   → Inserted 34,038,651 rows (26,780/57,596 buckets)
[W9]   → Inserted 34,139,060 rows (26,859/57,596 buckets)
[W9]   → Inserted 34,239,469 rows (26,938/57,596 buckets)
[W9]   → Inserted 34,339,878 rows (27,017/57,596 buckets)
[W9]   → Inserted 34,440,287 rows (27,096/57,596 buckets)
[W9]   → Inserted 34,540,696 rows (27,175/57,596 buckets)
[W9]   → Inserted 34,641,105 rows (27,254/57,596 buckets)
[W9]   → Inserted 34,741,514 rows (27,333/57,596 buckets)
[W9]   → Inserted 34,841,923 rows (27,412/57,596 buckets)
[W9]   → Inserted 34,942,332 rows (27,491/57,596 buckets)
[W9]   → Inserted 35,042,741 rows (27,570/57,596 buckets)
[W9]   → Inserted 35,143,150 rows (27,649/57,596 buckets)
[W9]   → Inserted 35,243,559 rows (27,728/57,596 buckets)
[W9]   → Inserted 35,343,968 rows (27,807/57,596 buckets)
[W9]   → Inserted 35,444,377 rows (27,886/57,596 buckets)
[W9]   → Inserted 35,544,786 rows (27,965/57,596 buckets)
[W9]   → Inserted 35,645,195 rows (28,044/57,596 buckets)
[W9]   → Inserted 35,745,604 rows (28,123/57,596 buckets)
[W9]   → Inserted 35,846,013 rows (28,202/57,596 buckets)
[W9]   → Inserted 35,946,422 rows (28,281/57,596 buckets)
[W9]   → Inserted 36,046,831 rows (28,360/57,596 buckets)
[W9]   → Inserted 36,147,240 rows (28,439/57,596 buckets)
[W9]   → Inserted 36,247,649 rows (28,518/57,596 buckets)
[W9]   → Inserted 36,348,058 rows (28,597/57,596 buckets)
[W9]   → Inserted 36,448,467 rows (28,676/57,596 buckets)
[W9]   → Inserted 36,548,876 rows (28,755/57,596 buckets)
[W9]   → Inserted 36,649,285 rows (28,834/57,596 buckets)
[W9]   → Inserted 36,749,694 rows (28,913/57,596 buckets)
[W9]   → Inserted 36,850,103 rows (28,992/57,596 buckets)
[W9]   → Inserted 36,950,512 rows (29,071/57,596 buckets)
[W9]   → Inserted 37,050,921 rows (29,150/57,596 buckets)
[W9]   → Inserted 37,151,330 rows (29,229/57,596 buckets)
[W9]   → Inserted 37,251,739 rows (29,308/57,596 buckets)
[W9]   → Inserted 37,352,148 rows (29,387/57,596 buckets)
[W9]   → Inserted 37,452,557 rows (29,466/57,596 buckets)
[W9]   → Inserted 37,552,966 rows (29,545/57,596 buckets)
[W9]   → Inserted 37,653,375 rows (29,624/57,596 buckets)
[W9]   → Inserted 37,753,784 rows (29,703/57,596 buckets)
[W9]   → Inserted 37,854,193 rows (29,782/57,596 buckets)
[W9]   → Inserted 37,954,602 rows (29,861/57,596 buckets)
[W9]   → Inserted 38,055,011 rows (29,940/57,596 buckets)
[W9]   30,000/57,596 buckets, 5,575/3,243,240 events, 38,131,271 rows
[W9]   → Inserted 38,155,420 rows (30,019/57,596 buckets)
[W9]   → Inserted 38,255,829 rows (30,098/57,596 buckets)
[W9]   → Inserted 38,356,238 rows (30,177/57,596 buckets)
[W9]   → Inserted 38,456,647 rows (30,256/57,596 buckets)
[W9]   → Inserted 38,557,056 rows (30,335/57,596 buckets)
[W9]   → Inserted 38,657,465 rows (30,414/57,596 buckets)
[W9]   → Inserted 38,757,874 rows (30,493/57,596 buckets)
[W9]   → Inserted 38,858,283 rows (30,572/57,596 buckets)
[W9]   → Inserted 38,958,692 rows (30,651/57,596 buckets)
[W9]   → Inserted 39,059,101 rows (30,730/57,596 buckets)
[W9]   → Inserted 39,159,510 rows (30,809/57,596 buckets)
[W9]   → Inserted 39,259,919 rows (30,888/57,596 buckets)
[W9]   → Inserted 39,360,328 rows (30,967/57,596 buckets)
[W9]   → Inserted 39,460,737 rows (31,046/57,596 buckets)
[W9]   → Inserted 39,561,146 rows (31,125/57,596 buckets)
[W9]   → Inserted 39,661,555 rows (31,204/57,596 buckets)
[W9]   → Inserted 39,761,964 rows (31,283/57,596 buckets)
[W9]   → Inserted 39,862,373 rows (31,362/57,596 buckets)
[W9]   → Inserted 39,962,782 rows (31,441/57,596 buckets)
[W9]   → Inserted 40,063,191 rows (31,520/57,596 buckets)
[W9]   → Inserted 40,163,600 rows (31,599/57,596 buckets)
[W9]   → Inserted 40,264,009 rows (31,678/57,596 buckets)
[W9]   → Inserted 40,364,418 rows (31,757/57,596 buckets)
[W9]   → Inserted 40,464,827 rows (31,836/57,596 buckets)
[W9]   → Inserted 40,565,236 rows (31,915/57,596 buckets)
[W9]   → Inserted 40,665,645 rows (31,994/57,596 buckets)
[W9]   → Inserted 40,766,054 rows (32,073/57,596 buckets)
[W9]   → Inserted 40,866,463 rows (32,152/57,596 buckets)
[W9]   → Inserted 40,966,872 rows (32,231/57,596 buckets)
[W9]   → Inserted 41,067,281 rows (32,310/57,596 buckets)
[W9]   → Inserted 41,167,690 rows (32,389/57,596 buckets)
[W9]   → Inserted 41,268,379 rows (32,468/57,596 buckets)
[W9]   → Inserted 41,369,183 rows (32,547/57,596 buckets)
[W9]   → Inserted 41,469,987 rows (32,626/57,596 buckets)
[W9]   → Inserted 41,570,791 rows (32,705/57,596 buckets)
[W9]   → Inserted 41,671,595 rows (32,784/57,596 buckets)
[W9]   → Inserted 41,772,403 rows (32,863/57,596 buckets)
[W9]   → Inserted 41,873,286 rows (32,942/57,596 buckets)
[W9]   → Inserted 41,974,169 rows (33,021/57,596 buckets)
[W9]   → Inserted 42,075,052 rows (33,100/57,596 buckets)
[W9]   → Inserted 42,176,130 rows (33,179/57,596 buckets)
[W9]   → Inserted 42,277,329 rows (33,258/57,596 buckets)
[W9]   → Inserted 42,377,698 rows (33,336/57,596 buckets)
[W9]   → Inserted 42,478,552 rows (33,414/57,596 buckets)
[W9]   → Inserted 42,579,346 rows (33,492/57,596 buckets)
[W9]   → Inserted 42,680,122 rows (33,570/57,596 buckets)
[W9]   → Inserted 42,780,898 rows (33,648/57,596 buckets)
[W9]   → Inserted 42,881,625 rows (33,726/57,596 buckets)
[W9]   → Inserted 42,982,241 rows (33,804/57,596 buckets)
[W9]   → Inserted 43,082,861 rows (33,882/57,596 buckets)
[W9]   → Inserted 43,183,481 rows (33,960/57,596 buckets)
[W9]   → Inserted 43,284,101 rows (34,038/57,596 buckets)
[W9]   → Inserted 43,384,762 rows (34,116/57,596 buckets)
[W9]   → Inserted 43,485,372 rows (34,194/57,596 buckets)
[W9]   → Inserted 43,586,125 rows (34,272/57,596 buckets)
[W9]   → Inserted 43,686,880 rows (34,350/57,596 buckets)
[W9]   → Inserted 43,787,596 rows (34,428/57,596 buckets)
[W9]   → Inserted 43,888,208 rows (34,506/57,596 buckets)
[W9]   → Inserted 43,988,565 rows (34,584/57,596 buckets)
[W9]   → Inserted 44,088,988 rows (34,663/57,596 buckets)
[W9]   → Inserted 44,189,160 rows (34,742/57,596 buckets)
[W9]   → Inserted 44,289,385 rows (34,821/57,596 buckets)
[W9]   → Inserted 44,389,781 rows (34,900/57,596 buckets)
[W9]   → Inserted 44,490,247 rows (34,979/57,596 buckets)
[W9]   → Inserted 44,590,735 rows (35,058/57,596 buckets)
[W9]   → Inserted 44,691,379 rows (35,134/57,596 buckets)
[W9]   → Inserted 44,792,088 rows (35,207/57,596 buckets)
[W9]   → Inserted 44,893,452 rows (35,280/57,596 buckets)
[W9]   → Inserted 44,994,349 rows (35,352/57,596 buckets)
[W9]   → Inserted 45,094,505 rows (35,423/57,596 buckets)
[W9]   → Inserted 45,195,241 rows (35,494/57,596 buckets)
[W9]   → Inserted 45,296,483 rows (35,565/57,596 buckets)
[W9]   → Inserted 45,396,706 rows (35,635/57,596 buckets)
[W9]   → Inserted 45,497,172 rows (35,704/57,596 buckets)
[W9]   → Inserted 45,597,675 rows (35,768/57,596 buckets)
[W9]   → Inserted 45,698,573 rows (35,831/57,596 buckets)
[W9]   → Inserted 45,799,430 rows (35,893/57,596 buckets)
[W9]   → Inserted 45,899,509 rows (35,953/57,596 buckets)
[W9]   → Inserted 46,000,228 rows (36,012/57,596 buckets)
[W9]   → Inserted 46,101,714 rows (36,074/57,596 buckets)
[W9]   → Inserted 46,202,460 rows (36,133/57,596 buckets)
[W9]   → Inserted 46,303,281 rows (36,189/57,596 buckets)
[W9]   → Inserted 46,404,619 rows (36,243/57,596 buckets)
[W9]   → Inserted 46,505,990 rows (36,297/57,596 buckets)
[W9]   → Inserted 46,607,086 rows (36,350/57,596 buckets)
[W9]   → Inserted 46,707,832 rows (36,402/57,596 buckets)
[W9]   → Inserted 46,809,272 rows (36,453/57,596 buckets)
[W9]   → Inserted 46,910,245 rows (36,502/57,596 buckets)
[W9]   → Inserted 47,012,340 rows (36,550/57,596 buckets)
[W9]   → Inserted 47,114,123 rows (36,597/57,596 buckets)
[W9]   → Inserted 47,215,321 rows (36,643/57,596 buckets)
[W9]   → Inserted 47,316,940 rows (36,689/57,596 buckets)
[W9]   → Inserted 47,419,164 rows (36,735/57,596 buckets)
[W9]   → Inserted 47,520,268 rows (36,780/57,596 buckets)
[W9]   → Inserted 47,621,151 rows (36,825/57,596 buckets)
[W9]   → Inserted 47,722,237 rows (36,870/57,596 buckets)
[W9]   → Inserted 47,823,485 rows (36,914/57,596 buckets)
[W9]   → Inserted 47,923,730 rows (36,956/57,596 buckets)
[W9]   → Inserted 48,025,746 rows (36,998/57,596 buckets)
[W9]   → Inserted 48,126,886 rows (37,039/57,596 buckets)
[W9]   → Inserted 48,227,263 rows (37,080/57,596 buckets)
[W9]   → Inserted 48,327,523 rows (37,121/57,596 buckets)
[W9]   → Inserted 48,428,342 rows (37,161/57,596 buckets)
[W9]   → Inserted 48,529,623 rows (37,201/57,596 buckets)
[W9]   → Inserted 48,632,117 rows (37,241/57,596 buckets)
[W9]   → Inserted 48,733,037 rows (37,280/57,596 buckets)
[W9]   → Inserted 48,834,632 rows (37,319/57,596 buckets)
[W9]   → Inserted 48,936,431 rows (37,358/57,596 buckets)
[W9]   → Inserted 49,038,043 rows (37,397/57,596 buckets)
[W9]   → Inserted 49,140,387 rows (37,436/57,596 buckets)
[W9]   → Inserted 49,242,077 rows (37,475/57,596 buckets)
[W9]   → Inserted 49,343,895 rows (37,514/57,596 buckets)
[W9]   → Inserted 49,446,407 rows (37,553/57,596 buckets)
[W9]   → Inserted 49,548,865 rows (37,592/57,596 buckets)
[W9]   → Inserted 49,650,081 rows (37,631/57,596 buckets)
[W9]   → Inserted 49,752,152 rows (37,670/57,596 buckets)
[W9]   → Inserted 49,854,393 rows (37,709/57,596 buckets)
[W9]   → Inserted 49,955,993 rows (37,748/57,596 buckets)
[W9]   → Inserted 50,058,272 rows (37,787/57,596 buckets)
[W9]   → Inserted 50,158,857 rows (37,825/57,596 buckets)
[W9]   → Inserted 50,259,507 rows (37,863/57,596 buckets)
[W9]   → Inserted 50,360,798 rows (37,901/57,596 buckets)
[W9]   → Inserted 50,462,398 rows (37,939/57,596 buckets)
[W9]   → Inserted 50,564,135 rows (37,977/57,596 buckets)
[W9]   → Inserted 50,666,374 rows (38,015/57,596 buckets)
[W9]   → Inserted 50,768,438 rows (38,053/57,596 buckets)
[W9]   → Inserted 50,870,203 rows (38,091/57,596 buckets)
[W9]   → Inserted 50,972,375 rows (38,129/57,596 buckets)
[W9]   → Inserted 51,074,648 rows (38,167/57,596 buckets)
[W9]   → Inserted 51,174,677 rows (38,204/57,596 buckets)
[W9]   → Inserted 51,274,840 rows (38,241/57,596 buckets)
[W9]   → Inserted 51,377,138 rows (38,279/57,596 buckets)
[W9]   → Inserted 51,477,148 rows (38,316/57,596 buckets)
[W9]   → Inserted 51,577,573 rows (38,353/57,596 buckets)
[W9]   → Inserted 51,677,880 rows (38,390/57,596 buckets)
[W9]   → Inserted 51,780,520 rows (38,428/57,596 buckets)
[W9]   → Inserted 51,880,589 rows (38,465/57,596 buckets)
[W9]   → Inserted 51,980,745 rows (38,502/57,596 buckets)
[W9]   → Inserted 52,081,209 rows (38,539/57,596 buckets)
[W9]   → Inserted 52,181,542 rows (38,576/57,596 buckets)
[W9]   → Inserted 52,281,893 rows (38,613/57,596 buckets)
[W9]   → Inserted 52,382,642 rows (38,650/57,596 buckets)
[W9]   → Inserted 52,483,433 rows (38,687/57,596 buckets)
[W9]   → Inserted 52,584,225 rows (38,724/57,596 buckets)
[W9]   → Inserted 52,685,020 rows (38,761/57,596 buckets)
[W9]   → Inserted 52,785,986 rows (38,798/57,596 buckets)
[W9]   → Inserted 52,886,846 rows (38,835/57,596 buckets)
[W9]   → Inserted 52,987,716 rows (38,872/57,596 buckets)
[W9]   → Inserted 53,087,842 rows (38,909/57,596 buckets)
[W9]   → Inserted 53,190,387 rows (38,947/57,596 buckets)
[W9]   → Inserted 53,292,164 rows (38,985/57,596 buckets)
[W9]   → Inserted 53,393,928 rows (39,023/57,596 buckets)
[W9]   → Inserted 53,494,297 rows (39,060/57,596 buckets)
[W9]   → Inserted 53,594,927 rows (39,097/57,596 buckets)
[W9]   → Inserted 53,695,773 rows (39,134/57,596 buckets)
[W9]   → Inserted 53,796,560 rows (39,171/57,596 buckets)
[W9]   → Inserted 53,897,142 rows (39,208/57,596 buckets)
[W9]   → Inserted 53,998,324 rows (39,245/57,596 buckets)
[W9]   → Inserted 54,099,547 rows (39,282/57,596 buckets)
[W9]   → Inserted 54,200,811 rows (39,319/57,596 buckets)
[W9]   → Inserted 54,301,998 rows (39,356/57,596 buckets)
[W9]   → Inserted 54,403,188 rows (39,393/57,596 buckets)
[W9]   → Inserted 54,504,134 rows (39,430/57,596 buckets)
[W9]   → Inserted 54,605,032 rows (39,467/57,596 buckets)
[W9]   → Inserted 54,706,149 rows (39,504/57,596 buckets)
[W9]   → Inserted 54,807,308 rows (39,541/57,596 buckets)
[W9]   → Inserted 54,908,635 rows (39,578/57,596 buckets)
[W9]   → Inserted 55,009,943 rows (39,615/57,596 buckets)
[W9]   → Inserted 55,111,522 rows (39,652/57,596 buckets)
[W9]   → Inserted 55,213,150 rows (39,689/57,596 buckets)
[W9]   → Inserted 55,314,759 rows (39,726/57,596 buckets)
[W9]   → Inserted 55,416,450 rows (39,763/57,596 buckets)
[W9]   → Inserted 55,517,290 rows (39,800/57,596 buckets)
[W9]   → Inserted 55,619,125 rows (39,837/57,596 buckets)
[W9]   → Inserted 55,721,016 rows (39,874/57,596 buckets)
[W9]   → Inserted 55,823,645 rows (39,911/57,596 buckets)
[W9]   → Inserted 55,924,115 rows (39,947/57,596 buckets)
[W9]   → Inserted 56,024,627 rows (39,983/57,596 buckets)
[W9]   40,000/57,596 buckets, 788,769/3,243,240 events, 56,072,134 rows
[W9]   → Inserted 56,125,129 rows (40,019/57,596 buckets)
[W9]   → Inserted 56,225,395 rows (40,055/57,596 buckets)
[W9]   → Inserted 56,326,082 rows (40,091/57,596 buckets)
[W9]   → Inserted 56,426,646 rows (40,127/57,596 buckets)
[W9]   → Inserted 56,528,775 rows (40,164/57,596 buckets)
[W9]   → Inserted 56,630,840 rows (40,201/57,596 buckets)
[W9]   → Inserted 56,732,731 rows (40,238/57,596 buckets)
[W9]   → Inserted 56,834,727 rows (40,275/57,596 buckets)
[W9]   → Inserted 56,936,729 rows (40,312/57,596 buckets)
[W9]   → Inserted 57,038,706 rows (40,349/57,596 buckets)
[W9]   → Inserted 57,141,054 rows (40,386/57,596 buckets)
[W9]   → Inserted 57,243,675 rows (40,423/57,596 buckets)
[W9]   → Inserted 57,343,833 rows (40,459/57,596 buckets)
[W9]   → Inserted 57,444,186 rows (40,495/57,596 buckets)
[W9]   → Inserted 57,544,620 rows (40,531/57,596 buckets)
[W9]   → Inserted 57,645,096 rows (40,567/57,596 buckets)
[W9]   → Inserted 57,745,638 rows (40,603/57,596 buckets)
[W9]   → Inserted 57,846,200 rows (40,639/57,596 buckets)
[W9]   → Inserted 57,946,823 rows (40,675/57,596 buckets)
[W9]   → Inserted 58,046,861 rows (40,711/57,596 buckets)
[W9]   → Inserted 58,148,975 rows (40,748/57,596 buckets)
[W9]   → Inserted 58,251,290 rows (40,785/57,596 buckets)
[W9]   → Inserted 58,353,938 rows (40,822/57,596 buckets)
[W9]   → Inserted 58,456,456 rows (40,859/57,596 buckets)
[W9]   → Inserted 58,559,020 rows (40,896/57,596 buckets)
[W9]   → Inserted 58,661,292 rows (40,933/57,596 buckets)
[W9]   → Inserted 58,763,732 rows (40,970/57,596 buckets)
[W9]   → Inserted 58,866,464 rows (41,007/57,596 buckets)
[W9]   → Inserted 58,966,618 rows (41,043/57,596 buckets)
[W9]   → Inserted 59,066,789 rows (41,079/57,596 buckets)
[W9]   → Inserted 59,169,460 rows (41,116/57,596 buckets)
[W9]   → Inserted 59,272,065 rows (41,153/57,596 buckets)
[W9]   → Inserted 59,374,823 rows (41,190/57,596 buckets)
[W9]   → Inserted 59,474,843 rows (41,226/57,596 buckets)
[W9]   → Inserted 59,577,594 rows (41,263/57,596 buckets)
[W9]   → Inserted 59,677,623 rows (41,299/57,596 buckets)
[W9]   → Inserted 59,777,997 rows (41,335/57,596 buckets)
[W9]   → Inserted 59,878,510 rows (41,371/57,596 buckets)
[W9]   → Inserted 59,979,307 rows (41,407/57,596 buckets)
[W9]   → Inserted 60,079,984 rows (41,443/57,596 buckets)
[W9]   → Inserted 60,180,447 rows (41,479/57,596 buckets)
[W9]   → Inserted 60,281,075 rows (41,515/57,596 buckets)
[W9]   → Inserted 60,381,870 rows (41,551/57,596 buckets)
[W9]   → Inserted 60,482,874 rows (41,587/57,596 buckets)
[W9]   → Inserted 60,583,588 rows (41,623/57,596 buckets)
[W9]   → Inserted 60,684,630 rows (41,659/57,596 buckets)
[W9]   → Inserted 60,785,705 rows (41,695/57,596 buckets)
[W9]   → Inserted 60,886,125 rows (41,731/57,596 buckets)
[W9]   → Inserted 60,986,994 rows (41,767/57,596 buckets)
[W9]   → Inserted 61,088,039 rows (41,803/57,596 buckets)
[W9]   → Inserted 61,189,180 rows (41,839/57,596 buckets)
[W9]   → Inserted 61,290,151 rows (41,875/57,596 buckets)
[W9]   → Inserted 61,391,229 rows (41,911/57,596 buckets)
[W9]   → Inserted 61,492,140 rows (41,947/57,596 buckets)
[W9]   → Inserted 61,593,202 rows (41,983/57,596 buckets)
[W9]   → Inserted 61,694,357 rows (42,019/57,596 buckets)
[W9]   → Inserted 61,795,649 rows (42,055/57,596 buckets)
[W9]   → Inserted 61,896,892 rows (42,091/57,596 buckets)
[W9]   → Inserted 61,997,578 rows (42,127/57,596 buckets)
[W9]   → Inserted 62,098,598 rows (42,163/57,596 buckets)
[W9]   → Inserted 62,199,803 rows (42,199/57,596 buckets)
[W9]   → Inserted 62,301,066 rows (42,235/57,596 buckets)
[W9]   → Inserted 62,402,150 rows (42,271/57,596 buckets)
[W9]   → Inserted 62,503,281 rows (42,307/57,596 buckets)
[W9]   → Inserted 62,604,442 rows (42,343/57,596 buckets)
[W9]   → Inserted 62,705,619 rows (42,379/57,596 buckets)
[W9]   → Inserted 62,806,892 rows (42,415/57,596 buckets)
[W9]   → Inserted 62,908,280 rows (42,451/57,596 buckets)
[W9]   → Inserted 63,009,731 rows (42,487/57,596 buckets)
[W9]   → Inserted 63,111,076 rows (42,523/57,596 buckets)
[W9]   → Inserted 63,212,421 rows (42,559/57,596 buckets)
[W9]   → Inserted 63,313,986 rows (42,595/57,596 buckets)
[W9]   → Inserted 63,415,759 rows (42,631/57,596 buckets)
[W9]   → Inserted 63,517,508 rows (42,667/57,596 buckets)
[W9]   → Inserted 63,619,161 rows (42,703/57,596 buckets)
[W9]   → Inserted 63,721,042 rows (42,739/57,596 buckets)
[W9]   → Inserted 63,822,900 rows (42,775/57,596 buckets)
[W9]   → Inserted 63,924,700 rows (42,811/57,596 buckets)
[W9]   → Inserted 64,026,271 rows (42,847/57,596 buckets)
[W9]   → Inserted 64,127,345 rows (42,883/57,596 buckets)
[W9]   → Inserted 64,228,637 rows (42,919/57,596 buckets)
[W9]   → Inserted 64,329,927 rows (42,955/57,596 buckets)
[W9]   → Inserted 64,431,353 rows (42,991/57,596 buckets)
[W9]   → Inserted 64,532,817 rows (43,027/57,596 buckets)
[W9]   → Inserted 64,634,240 rows (43,063/57,596 buckets)
[W9]   → Inserted 64,735,711 rows (43,099/57,596 buckets)
[W9]   → Inserted 64,837,174 rows (43,135/57,596 buckets)
[W9]   → Inserted 64,939,024 rows (43,171/57,596 buckets)
[W9]   → Inserted 65,040,986 rows (43,207/57,596 buckets)
[W9]   → Inserted 65,143,559 rows (43,243/57,596 buckets)
[W9]   → Inserted 65,243,631 rows (43,278/57,596 buckets)
[W9]   → Inserted 65,343,902 rows (43,313/57,596 buckets)
[W9]   → Inserted 65,444,379 rows (43,348/57,596 buckets)
[W9]   → Inserted 65,545,063 rows (43,383/57,596 buckets)
[W9]   → Inserted 65,645,934 rows (43,418/57,596 buckets)
[W9]   → Inserted 65,746,883 rows (43,453/57,596 buckets)
[W9]   → Inserted 65,847,844 rows (43,488/57,596 buckets)
[W9]   → Inserted 65,948,917 rows (43,523/57,596 buckets)
[W9]   → Inserted 66,050,226 rows (43,558/57,596 buckets)
[W9]   → Inserted 66,151,527 rows (43,593/57,596 buckets)
[W9]   → Inserted 66,252,798 rows (43,628/57,596 buckets)
[W9]   → Inserted 66,354,059 rows (43,663/57,596 buckets)
[W9]   → Inserted 66,455,424 rows (43,698/57,596 buckets)
[W9]   → Inserted 66,557,004 rows (43,733/57,596 buckets)
[W9]   → Inserted 66,658,722 rows (43,768/57,596 buckets)
[W9]   → Inserted 66,760,594 rows (43,803/57,596 buckets)
[W9]   → Inserted 66,862,512 rows (43,838/57,596 buckets)
[W9]   → Inserted 66,964,572 rows (43,873/57,596 buckets)
[W9]   → Inserted 67,066,711 rows (43,908/57,596 buckets)
[W9]   → Inserted 67,168,749 rows (43,943/57,596 buckets)
[W9]   → Inserted 67,270,753 rows (43,978/57,596 buckets)
[W9]   → Inserted 67,372,930 rows (44,013/57,596 buckets)
[W9]   → Inserted 67,475,167 rows (44,048/57,596 buckets)
[W9]   → Inserted 67,577,448 rows (44,083/57,596 buckets)
[W9]   → Inserted 67,679,811 rows (44,118/57,596 buckets)
[W9]   → Inserted 67,782,238 rows (44,153/57,596 buckets)
[W9]   → Inserted 67,884,680 rows (44,188/57,596 buckets)
[W9]   → Inserted 67,987,208 rows (44,223/57,596 buckets)
[W9]   → Inserted 68,089,766 rows (44,258/57,596 buckets)
[W9]   → Inserted 68,192,448 rows (44,293/57,596 buckets)
[W9]   → Inserted 68,295,364 rows (44,328/57,596 buckets)
[W9]   → Inserted 68,395,469 rows (44,362/57,596 buckets)
[W9]   → Inserted 68,496,025 rows (44,396/57,596 buckets)
[W9]   → Inserted 68,596,908 rows (44,430/57,596 buckets)
[W9]   → Inserted 68,697,929 rows (44,464/57,596 buckets)
[W9]   → Inserted 68,798,952 rows (44,498/57,596 buckets)
[W9]   → Inserted 68,900,024 rows (44,532/57,596 buckets)
[W9]   → Inserted 69,001,185 rows (44,566/57,596 buckets)
[W9]   → Inserted 69,102,402 rows (44,600/57,596 buckets)
[W9]   → Inserted 69,203,659 rows (44,634/57,596 buckets)
[W9]   → Inserted 69,304,982 rows (44,668/57,596 buckets)
[W9]   → Inserted 69,406,443 rows (44,702/57,596 buckets)
[W9]   → Inserted 69,508,021 rows (44,736/57,596 buckets)
[W9]   → Inserted 69,609,677 rows (44,770/57,596 buckets)
[W9]   → Inserted 69,711,383 rows (44,804/57,596 buckets)
[W9]   → Inserted 69,813,265 rows (44,838/57,596 buckets)
[W9]   → Inserted 69,915,216 rows (44,872/57,596 buckets)
[W9]   → Inserted 70,017,232 rows (44,906/57,596 buckets)
[W9]   → Inserted 70,119,256 rows (44,940/57,596 buckets)
[W9]   → Inserted 70,221,228 rows (44,974/57,596 buckets)
[W9]   → Inserted 70,323,350 rows (45,008/57,596 buckets)
[W9]   → Inserted 70,425,595 rows (45,042/57,596 buckets)
[W9]   → Inserted 70,527,919 rows (45,076/57,596 buckets)
[W9]   → Inserted 70,630,300 rows (45,110/57,596 buckets)
[W9]   → Inserted 70,732,652 rows (45,144/57,596 buckets)
[W9]   → Inserted 70,834,988 rows (45,178/57,596 buckets)
[W9]   → Inserted 70,937,396 rows (45,212/57,596 buckets)
[W9]   → Inserted 71,039,815 rows (45,246/57,596 buckets)
[W9]   → Inserted 71,142,342 rows (45,280/57,596 buckets)
[W9]   → Inserted 71,244,906 rows (45,314/57,596 buckets)
[W9]   → Inserted 71,347,396 rows (45,348/57,596 buckets)
[W9]   → Inserted 71,449,912 rows (45,382/57,596 buckets)
[W9]   → Inserted 71,552,484 rows (45,416/57,596 buckets)
[W9]   → Inserted 71,655,184 rows (45,450/57,596 buckets)
[W9]   → Inserted 71,757,959 rows (45,484/57,596 buckets)
[W9]   → Inserted 71,860,843 rows (45,518/57,596 buckets)
[W9]   → Inserted 71,963,750 rows (45,552/57,596 buckets)
[W9]   → Inserted 72,066,560 rows (45,586/57,596 buckets)
[W9]   → Inserted 72,169,463 rows (45,620/57,596 buckets)
[W9]   → Inserted 72,272,431 rows (45,654/57,596 buckets)
[W9]   → Inserted 72,375,406 rows (45,688/57,596 buckets)
[W9]   → Inserted 72,475,436 rows (45,721/57,596 buckets)
[W9]   → Inserted 72,575,476 rows (45,754/57,596 buckets)
[W9]   → Inserted 72,675,558 rows (45,787/57,596 buckets)
[W9]   → Inserted 72,775,668 rows (45,820/57,596 buckets)
[W9]   → Inserted 72,875,858 rows (45,853/57,596 buckets)
[W9]   → Inserted 72,976,001 rows (45,886/57,596 buckets)
[W9]   → Inserted 73,076,231 rows (45,919/57,596 buckets)
[W9]   → Inserted 73,176,584 rows (45,952/57,596 buckets)
[W9]   → Inserted 73,276,991 rows (45,985/57,596 buckets)
[W9]   → Inserted 73,377,468 rows (46,018/57,596 buckets)
[W9]   → Inserted 73,477,976 rows (46,051/57,596 buckets)
[W9]   → Inserted 73,578,628 rows (46,084/57,596 buckets)
[W9]   → Inserted 73,679,351 rows (46,117/57,596 buckets)
[W9]   → Inserted 73,780,017 rows (46,150/57,596 buckets)
[W9]   → Inserted 73,880,617 rows (46,183/57,596 buckets)
[W9]   → Inserted 73,981,295 rows (46,216/57,596 buckets)
[W9]   → Inserted 74,082,017 rows (46,249/57,596 buckets)
[W9]   → Inserted 74,182,723 rows (46,282/57,596 buckets)
[W9]   → Inserted 74,283,366 rows (46,315/57,596 buckets)
[W9]   → Inserted 74,384,174 rows (46,348/57,596 buckets)
[W9]   → Inserted 74,485,412 rows (46,381/57,596 buckets)
[W9]   → Inserted 74,586,863 rows (46,414/57,596 buckets)
[W9]   → Inserted 74,688,354 rows (46,447/57,596 buckets)
[W9]   → Inserted 74,789,928 rows (46,480/57,596 buckets)
[W9]   → Inserted 74,891,504 rows (46,513/57,596 buckets)
[W9]   → Inserted 74,993,279 rows (46,546/57,596 buckets)
[W9]   → Inserted 75,095,373 rows (46,579/57,596 buckets)
[W9]   → Inserted 75,197,667 rows (46,612/57,596 buckets)
[W9]   → Inserted 75,300,161 rows (46,645/57,596 buckets)
[W9]   → Inserted 75,402,721 rows (46,678/57,596 buckets)
[W9]   → Inserted 75,505,467 rows (46,711/57,596 buckets)
[W9]   → Inserted 75,608,267 rows (46,744/57,596 buckets)
[W9]   → Inserted 75,711,128 rows (46,777/57,596 buckets)
[W9]   → Inserted 75,814,147 rows (46,810/57,596 buckets)
[W9]   → Inserted 75,917,115 rows (46,843/57,596 buckets)
[W9]   → Inserted 76,020,179 rows (46,876/57,596 buckets)
[W9]   → Inserted 76,123,286 rows (46,909/57,596 buckets)
[W9]   → Inserted 76,223,303 rows (46,941/57,596 buckets)
[W9]   → Inserted 76,323,360 rows (46,973/57,596 buckets)
[W9]   → Inserted 76,423,482 rows (47,005/57,596 buckets)
[W9]   → Inserted 76,523,708 rows (47,037/57,596 buckets)
[W9]   → Inserted 76,624,059 rows (47,069/57,596 buckets)
[W9]   → Inserted 76,724,364 rows (47,101/57,596 buckets)
[W9]   → Inserted 76,824,629 rows (47,133/57,596 buckets)
[W9]   → Inserted 76,925,195 rows (47,165/57,596 buckets)
[W9]   → Inserted 77,025,948 rows (47,197/57,596 buckets)
[W9]   → Inserted 77,127,083 rows (47,229/57,596 buckets)
[W9]   → Inserted 77,228,248 rows (47,261/57,596 buckets)
[W9]   → Inserted 77,329,417 rows (47,293/57,596 buckets)
[W9]   → Inserted 77,430,735 rows (47,325/57,596 buckets)
[W9]   → Inserted 77,532,183 rows (47,357/57,596 buckets)
[W9]   → Inserted 77,633,732 rows (47,389/57,596 buckets)
[W9]   → Inserted 77,735,263 rows (47,421/57,596 buckets)
[W9]   → Inserted 77,836,763 rows (47,453/57,596 buckets)
[W9]   → Inserted 77,938,264 rows (47,485/57,596 buckets)
[W9]   → Inserted 78,039,825 rows (47,517/57,596 buckets)
[W9]   → Inserted 78,141,332 rows (47,549/57,596 buckets)
[W9]   → Inserted 78,242,715 rows (47,581/57,596 buckets)
[W9]   → Inserted 78,344,108 rows (47,613/57,596 buckets)
[W9]   → Inserted 78,445,526 rows (47,645/57,596 buckets)
[W9]   → Inserted 78,546,920 rows (47,677/57,596 buckets)
[W9]   → Inserted 78,648,363 rows (47,709/57,596 buckets)
[W9]   → Inserted 78,749,963 rows (47,741/57,596 buckets)
[W9]   → Inserted 78,851,587 rows (47,773/57,596 buckets)
[W9]   → Inserted 78,953,315 rows (47,805/57,596 buckets)
[W9]   → Inserted 79,055,147 rows (47,837/57,596 buckets)
[W9]   → Inserted 79,157,026 rows (47,869/57,596 buckets)
[W9]   → Inserted 79,258,859 rows (47,901/57,596 buckets)
[W9]   → Inserted 79,360,766 rows (47,933/57,596 buckets)
[W9]   → Inserted 79,462,759 rows (47,965/57,596 buckets)
[W9]   → Inserted 79,564,807 rows (47,997/57,596 buckets)
[W9]   → Inserted 79,666,799 rows (48,029/57,596 buckets)
[W9]   → Inserted 79,768,839 rows (48,061/57,596 buckets)
[W9]   → Inserted 79,870,938 rows (48,093/57,596 buckets)
[W9]   → Inserted 79,973,141 rows (48,125/57,596 buckets)
[W9]   → Inserted 80,075,369 rows (48,157/57,596 buckets)
[W9]   → Inserted 80,177,679 rows (48,189/57,596 buckets)
[W9]   → Inserted 80,279,973 rows (48,221/57,596 buckets)
[W9]   → Inserted 80,382,207 rows (48,253/57,596 buckets)
[W9]   → Inserted 80,484,533 rows (48,285/57,596 buckets)
[W9]   → Inserted 80,586,830 rows (48,317/57,596 buckets)
[W9]   → Inserted 80,689,217 rows (48,349/57,596 buckets)
[W9]   → Inserted 80,791,548 rows (48,381/57,596 buckets)
[W9]   → Inserted 80,893,925 rows (48,413/57,596 buckets)
[W9]   → Inserted 80,996,478 rows (48,445/57,596 buckets)
[W9]   → Inserted 81,099,162 rows (48,477/57,596 buckets)
[W9]   → Inserted 81,201,914 rows (48,509/57,596 buckets)
[W9]   → Inserted 81,304,755 rows (48,541/57,596 buckets)
[W9]   → Inserted 81,407,696 rows (48,573/57,596 buckets)
[W9]   → Inserted 81,510,719 rows (48,605/57,596 buckets)
[W9]   → Inserted 81,613,589 rows (48,637/57,596 buckets)
[W9]   → Inserted 81,716,353 rows (48,669/57,596 buckets)
[W9]   → Inserted 81,819,160 rows (48,701/57,596 buckets)
[W9]   → Inserted 81,922,018 rows (48,733/57,596 buckets)
[W9]   → Inserted 82,025,082 rows (48,765/57,596 buckets)
[W9]   → Inserted 82,128,175 rows (48,797/57,596 buckets)
[W9]   → Inserted 82,231,249 rows (48,829/57,596 buckets)
[W9]   → Inserted 82,334,407 rows (48,861/57,596 buckets)
[W9]   → Inserted 82,437,569 rows (48,893/57,596 buckets)
[W9]   → Inserted 82,537,602 rows (48,924/57,596 buckets)
[W9]   → Inserted 82,637,611 rows (48,955/57,596 buckets)
[W9]   → Inserted 82,737,673 rows (48,986/57,596 buckets)
[W9]   → Inserted 82,837,726 rows (49,017/57,596 buckets)
[W9]   → Inserted 82,937,895 rows (49,048/57,596 buckets)
[W9]   → Inserted 83,038,029 rows (49,079/57,596 buckets)
[W9]   → Inserted 83,138,159 rows (49,110/57,596 buckets)
[W9]   → Inserted 83,238,290 rows (49,141/57,596 buckets)
[W9]   → Inserted 83,338,462 rows (49,172/57,596 buckets)
[W9]   → Inserted 83,438,813 rows (49,203/57,596 buckets)
[W9]   → Inserted 83,539,227 rows (49,234/57,596 buckets)
[W9]   → Inserted 83,639,805 rows (49,265/57,596 buckets)
[W9]   → Inserted 83,740,435 rows (49,296/57,596 buckets)
[W9]   → Inserted 83,841,096 rows (49,327/57,596 buckets)
[W9]   → Inserted 83,941,756 rows (49,358/57,596 buckets)
[W9]   → Inserted 84,042,380 rows (49,389/57,596 buckets)
[W9]   → Inserted 84,142,855 rows (49,420/57,596 buckets)
[W9]   → Inserted 84,243,409 rows (49,451/57,596 buckets)
[W9]   → Inserted 84,343,929 rows (49,482/57,596 buckets)
[W9]   → Inserted 84,444,491 rows (49,513/57,596 buckets)
[W9]   → Inserted 84,545,247 rows (49,544/57,596 buckets)
[W9]   → Inserted 84,645,995 rows (49,575/57,596 buckets)
[W9]   → Inserted 84,746,706 rows (49,606/57,596 buckets)
[W9]   → Inserted 84,847,450 rows (49,637/57,596 buckets)
[W9]   → Inserted 84,948,266 rows (49,668/57,596 buckets)
[W9]   → Inserted 85,049,048 rows (49,699/57,596 buckets)
[W9]   → Inserted 85,149,875 rows (49,730/57,596 buckets)
[W9]   → Inserted 85,250,753 rows (49,761/57,596 buckets)
[W9]   → Inserted 85,351,678 rows (49,792/57,596 buckets)
[W9]   → Inserted 85,452,696 rows (49,823/57,596 buckets)
[W9]   → Inserted 85,553,791 rows (49,854/57,596 buckets)
[W9]   → Inserted 85,654,885 rows (49,885/57,596 buckets)
[W9]   → Inserted 85,755,966 rows (49,916/57,596 buckets)
[W9]   → Inserted 85,856,974 rows (49,947/57,596 buckets)
[W9]   → Inserted 85,958,032 rows (49,978/57,596 buckets)
[W9]   50,000/57,596 buckets, 2,518,201/3,243,240 events, 86,029,752 rows
[W9]   → Inserted 86,059,092 rows (50,009/57,596 buckets)
[W9]   → Inserted 86,160,189 rows (50,040/57,596 buckets)
[W9]   → Inserted 86,261,344 rows (50,071/57,596 buckets)
[W9]   → Inserted 86,362,570 rows (50,102/57,596 buckets)
[W9]   → Inserted 86,463,828 rows (50,133/57,596 buckets)
[W9]   → Inserted 86,565,117 rows (50,164/57,596 buckets)
[W9]   → Inserted 86,666,428 rows (50,195/57,596 buckets)
[W9]   → Inserted 86,767,739 rows (50,226/57,596 buckets)
[W9]   → Inserted 86,869,075 rows (50,257/57,596 buckets)
[W9]   → Inserted 86,970,507 rows (50,288/57,596 buckets)
[W9]   → Inserted 87,071,922 rows (50,319/57,596 buckets)
[W9]   → Inserted 87,173,379 rows (50,350/57,596 buckets)
[W9]   → Inserted 87,274,891 rows (50,381/57,596 buckets)
[W9]   → Inserted 87,376,450 rows (50,412/57,596 buckets)
[W9]   → Inserted 87,477,919 rows (50,443/57,596 buckets)
[W9]   → Inserted 87,579,386 rows (50,474/57,596 buckets)
[W9]   → Inserted 87,680,868 rows (50,505/57,596 buckets)
[W9]   → Inserted 87,782,337 rows (50,536/57,596 buckets)
[W9]   → Inserted 87,883,797 rows (50,567/57,596 buckets)
[W9]   → Inserted 87,985,398 rows (50,598/57,596 buckets)
[W9]   → Inserted 88,086,966 rows (50,629/57,596 buckets)
[W9]   → Inserted 88,188,552 rows (50,660/57,596 buckets)
[W9]   → Inserted 88,290,177 rows (50,691/57,596 buckets)
[W9]   → Inserted 88,391,854 rows (50,722/57,596 buckets)
[W9]   → Inserted 88,493,571 rows (50,753/57,596 buckets)
[W9]   → Inserted 88,595,286 rows (50,784/57,596 buckets)
[W9]   → Inserted 88,697,064 rows (50,815/57,596 buckets)
[W9]   → Inserted 88,798,913 rows (50,846/57,596 buckets)
[W9]   → Inserted 88,900,686 rows (50,877/57,596 buckets)
[W9]   → Inserted 89,002,529 rows (50,908/57,596 buckets)
[W9]   → Inserted 89,104,528 rows (50,939/57,596 buckets)
[W9]   → Inserted 89,206,654 rows (50,970/57,596 buckets)
[W9]   → Inserted 89,308,869 rows (51,001/57,596 buckets)
[W9]   → Inserted 89,411,019 rows (51,032/57,596 buckets)
[W9]   → Inserted 89,513,125 rows (51,063/57,596 buckets)
[W9]   → Inserted 89,615,244 rows (51,094/57,596 buckets)
[W9]   → Inserted 89,717,349 rows (51,125/57,596 buckets)
[W9]   → Inserted 89,819,420 rows (51,156/57,596 buckets)
[W9]   → Inserted 89,921,412 rows (51,187/57,596 buckets)
[W9]   → Inserted 90,023,358 rows (51,218/57,596 buckets)
[W9]   → Inserted 90,125,256 rows (51,249/57,596 buckets)
[W9]   → Inserted 90,227,162 rows (51,280/57,596 buckets)
[W9]   → Inserted 90,329,143 rows (51,311/57,596 buckets)
[W9]   → Inserted 90,431,203 rows (51,342/57,596 buckets)
[W9]   → Inserted 90,533,379 rows (51,373/57,596 buckets)
[W9]   → Inserted 90,635,609 rows (51,404/57,596 buckets)
[W9]   → Inserted 90,737,840 rows (51,435/57,596 buckets)
[W9]   → Inserted 90,840,067 rows (51,466/57,596 buckets)
[W9]   → Inserted 90,942,261 rows (51,497/57,596 buckets)
[W9]   → Inserted 91,044,475 rows (51,528/57,596 buckets)
[W9]   → Inserted 91,146,715 rows (51,559/57,596 buckets)
[W9]   → Inserted 91,248,977 rows (51,590/57,596 buckets)
[W9]   → Inserted 91,351,225 rows (51,621/57,596 buckets)
[W9]   → Inserted 91,453,458 rows (51,652/57,596 buckets)
[W9]   → Inserted 91,555,717 rows (51,683/57,596 buckets)
[W9]   → Inserted 91,658,073 rows (51,714/57,596 buckets)
[W9]   → Inserted 91,760,508 rows (51,745/57,596 buckets)
[W9]   → Inserted 91,862,963 rows (51,776/57,596 buckets)
[W9]   → Inserted 91,965,452 rows (51,807/57,596 buckets)
[W9]   → Inserted 92,067,955 rows (51,838/57,596 buckets)
[W9]   → Inserted 92,170,449 rows (51,869/57,596 buckets)
[W9]   → Inserted 92,272,915 rows (51,900/57,596 buckets)
[W9]   → Inserted 92,375,357 rows (51,931/57,596 buckets)
[W9]   → Inserted 92,477,837 rows (51,962/57,596 buckets)
[W9]   → Inserted 92,580,151 rows (51,993/57,596 buckets)
[W9]   → Inserted 92,682,430 rows (52,024/57,596 buckets)
[W9]   → Inserted 92,784,706 rows (52,055/57,596 buckets)
[W9]   → Inserted 92,886,972 rows (52,086/57,596 buckets)
[W9]   → Inserted 92,989,253 rows (52,117/57,596 buckets)
[W9]   → Inserted 93,091,474 rows (52,148/57,596 buckets)
[W9]   → Inserted 93,193,735 rows (52,179/57,596 buckets)
[W9]   → Inserted 93,295,944 rows (52,210/57,596 buckets)
[W9]   → Inserted 93,398,123 rows (52,241/57,596 buckets)
[W9]   → Inserted 93,500,188 rows (52,272/57,596 buckets)
[W9]   → Inserted 93,602,209 rows (52,303/57,596 buckets)
[W9]   → Inserted 93,704,240 rows (52,334/57,596 buckets)
[W9]   → Inserted 93,806,310 rows (52,365/57,596 buckets)
[W9]   → Inserted 93,908,478 rows (52,396/57,596 buckets)
[W9]   → Inserted 94,010,673 rows (52,427/57,596 buckets)
[W9]   → Inserted 94,112,981 rows (52,458/57,596 buckets)
[W9]   → Inserted 94,215,352 rows (52,489/57,596 buckets)
[W9]   → Inserted 94,317,730 rows (52,520/57,596 buckets)
[W9]   → Inserted 94,420,069 rows (52,551/57,596 buckets)
[W9]   → Inserted 94,522,484 rows (52,582/57,596 buckets)
[W9]   → Inserted 94,624,941 rows (52,613/57,596 buckets)
[W9]   → Inserted 94,727,374 rows (52,644/57,596 buckets)
[W9]   → Inserted 94,829,779 rows (52,675/57,596 buckets)
[W9]   → Inserted 94,932,159 rows (52,706/57,596 buckets)
[W9]   → Inserted 95,034,419 rows (52,737/57,596 buckets)
[W9]   → Inserted 95,136,682 rows (52,768/57,596 buckets)
[W9]   → Inserted 95,239,098 rows (52,799/57,596 buckets)
[W9]   → Inserted 95,341,645 rows (52,830/57,596 buckets)
[W9]   → Inserted 95,444,079 rows (52,861/57,596 buckets)
[W9]   → Inserted 95,546,530 rows (52,892/57,596 buckets)
[W9]   → Inserted 95,648,959 rows (52,923/57,596 buckets)
[W9]   → Inserted 95,751,330 rows (52,954/57,596 buckets)
[W9]   → Inserted 95,853,702 rows (52,985/57,596 buckets)
[W9]   → Inserted 95,956,065 rows (53,016/57,596 buckets)
[W9]   → Inserted 96,058,361 rows (53,047/57,596 buckets)
[W9]   → Inserted 96,160,698 rows (53,078/57,596 buckets)
[W9]   → Inserted 96,262,968 rows (53,109/57,596 buckets)
[W9]   → Inserted 96,365,230 rows (53,140/57,596 buckets)
[W9]   → Inserted 96,467,686 rows (53,171/57,596 buckets)
[W9]   → Inserted 96,570,121 rows (53,202/57,596 buckets)
[W9]   → Inserted 96,672,537 rows (53,233/57,596 buckets)
[W9]   → Inserted 96,775,018 rows (53,264/57,596 buckets)
[W9]   → Inserted 96,877,501 rows (53,295/57,596 buckets)
[W9]   → Inserted 96,980,041 rows (53,326/57,596 buckets)
[W9]   → Inserted 97,082,580 rows (53,357/57,596 buckets)
[W9]   → Inserted 97,185,096 rows (53,388/57,596 buckets)
[W9]   → Inserted 97,287,574 rows (53,419/57,596 buckets)
[W9]   → Inserted 97,389,920 rows (53,450/57,596 buckets)
[W9]   → Inserted 97,492,172 rows (53,481/57,596 buckets)
[W9]   → Inserted 97,594,374 rows (53,512/57,596 buckets)
[W9]   → Inserted 97,696,578 rows (53,543/57,596 buckets)
[W9]   → Inserted 97,798,858 rows (53,574/57,596 buckets)
[W9]   → Inserted 97,901,140 rows (53,605/57,596 buckets)
[W9]   → Inserted 98,003,450 rows (53,636/57,596 buckets)
[W9]   → Inserted 98,105,817 rows (53,667/57,596 buckets)
[W9]   → Inserted 98,208,178 rows (53,698/57,596 buckets)
[W9]   → Inserted 98,310,429 rows (53,729/57,596 buckets)
[W9]   → Inserted 98,412,723 rows (53,760/57,596 buckets)
[W9]   → Inserted 98,515,018 rows (53,791/57,596 buckets)
[W9]   → Inserted 98,617,261 rows (53,822/57,596 buckets)
[W9]   → Inserted 98,719,330 rows (53,853/57,596 buckets)
[W9]   → Inserted 98,821,206 rows (53,884/57,596 buckets)
[W9]   → Inserted 98,923,103 rows (53,915/57,596 buckets)
[W9]   → Inserted 99,025,001 rows (53,946/57,596 buckets)
[W9]   → Inserted 99,126,809 rows (53,977/57,596 buckets)
[W9]   → Inserted 99,228,620 rows (54,008/57,596 buckets)
[W9]   → Inserted 99,330,546 rows (54,039/57,596 buckets)
[W9]   → Inserted 99,432,615 rows (54,070/57,596 buckets)
[W9]   → Inserted 99,534,366 rows (54,101/57,596 buckets)
[W9]   → Inserted 99,636,179 rows (54,132/57,596 buckets)
[W9]   → Inserted 99,737,899 rows (54,163/57,596 buckets)
[W9]   → Inserted 99,839,755 rows (54,194/57,596 buckets)
[W9]   → Inserted 99,941,688 rows (54,225/57,596 buckets)
[W9]   → Inserted 100,043,639 rows (54,256/57,596 buckets)
[W9]   → Inserted 100,145,541 rows (54,287/57,596 buckets)
[W9]   → Inserted 100,247,470 rows (54,318/57,596 buckets)
[W9]   → Inserted 100,349,537 rows (54,349/57,596 buckets)
[W9]   → Inserted 100,451,654 rows (54,380/57,596 buckets)
[W9]   → Inserted 100,553,875 rows (54,411/57,596 buckets)
[W9]   → Inserted 100,656,099 rows (54,442/57,596 buckets)
[W9]   → Inserted 100,758,354 rows (54,473/57,596 buckets)
[W9]   → Inserted 100,860,676 rows (54,504/57,596 buckets)
[W9]   → Inserted 100,963,085 rows (54,535/57,596 buckets)
[W9]   → Inserted 101,065,559 rows (54,566/57,596 buckets)
[W9]   → Inserted 101,168,174 rows (54,597/57,596 buckets)
[W9]   → Inserted 101,270,852 rows (54,628/57,596 buckets)
[W9]   → Inserted 101,373,555 rows (54,659/57,596 buckets)
[W9]   → Inserted 101,476,354 rows (54,690/57,596 buckets)
[W9]   → Inserted 101,579,108 rows (54,721/57,596 buckets)
[W9]   → Inserted 101,681,886 rows (54,752/57,596 buckets)
[W9]   → Inserted 101,784,645 rows (54,783/57,596 buckets)
[W9]   → Inserted 101,887,444 rows (54,814/57,596 buckets)
[W9]   → Inserted 101,990,238 rows (54,845/57,596 buckets)
[W9]   → Inserted 102,093,020 rows (54,876/57,596 buckets)
[W9]   → Inserted 102,195,810 rows (54,907/57,596 buckets)
[W9]   → Inserted 102,298,624 rows (54,938/57,596 buckets)
[W9]   → Inserted 102,401,426 rows (54,969/57,596 buckets)
[W9]   → Inserted 102,504,254 rows (55,000/57,596 buckets)
[W9]   → Inserted 102,607,128 rows (55,031/57,596 buckets)
[W9]   → Inserted 102,709,986 rows (55,062/57,596 buckets)
[W9]   → Inserted 102,812,889 rows (55,093/57,596 buckets)
[W9]   → Inserted 102,915,777 rows (55,124/57,596 buckets)
[W9]   → Inserted 103,018,621 rows (55,155/57,596 buckets)
[W9]   → Inserted 103,121,423 rows (55,186/57,596 buckets)
[W9]   → Inserted 103,224,287 rows (55,217/57,596 buckets)
[W9]   → Inserted 103,327,153 rows (55,248/57,596 buckets)
[W9]   → Inserted 103,429,946 rows (55,279/57,596 buckets)
[W9]   → Inserted 103,532,762 rows (55,310/57,596 buckets)
[W9]   → Inserted 103,635,598 rows (55,341/57,596 buckets)
[W9]   → Inserted 103,738,384 rows (55,372/57,596 buckets)
[W9]   → Inserted 103,841,219 rows (55,403/57,596 buckets)
[W9]   → Inserted 103,944,039 rows (55,434/57,596 buckets)
[W9]   → Inserted 104,046,908 rows (55,465/57,596 buckets)
[W9]   → Inserted 104,149,835 rows (55,496/57,596 buckets)
[W9]   → Inserted 104,252,828 rows (55,527/57,596 buckets)
[W9]   → Inserted 104,355,886 rows (55,558/57,596 buckets)
[W9]   → Inserted 104,459,043 rows (55,589/57,596 buckets)
[W9]   → Inserted 104,562,261 rows (55,620/57,596 buckets)
[W9]   → Inserted 104,665,467 rows (55,651/57,596 buckets)
[W9]   → Inserted 104,768,634 rows (55,682/57,596 buckets)
[W9]   → Inserted 104,871,738 rows (55,713/57,596 buckets)
[W9]   → Inserted 104,974,757 rows (55,744/57,596 buckets)
[W9]   → Inserted 105,077,822 rows (55,775/57,596 buckets)
[W9]   → Inserted 105,180,891 rows (55,806/57,596 buckets)
[W9]   → Inserted 105,283,911 rows (55,837/57,596 buckets)
[W9]   → Inserted 105,386,901 rows (55,868/57,596 buckets)
[W9]   → Inserted 105,489,827 rows (55,899/57,596 buckets)
[W9]   → Inserted 105,592,763 rows (55,930/57,596 buckets)
[W9]   → Inserted 105,695,617 rows (55,961/57,596 buckets)
[W9]   → Inserted 105,798,389 rows (55,992/57,596 buckets)
[W9]   → Inserted 105,901,135 rows (56,023/57,596 buckets)
[W9]   → Inserted 106,004,014 rows (56,054/57,596 buckets)
[W9]   → Inserted 106,106,931 rows (56,085/57,596 buckets)
[W9]   → Inserted 106,209,889 rows (56,116/57,596 buckets)
[W9]   → Inserted 106,312,834 rows (56,147/57,596 buckets)
[W9]   → Inserted 106,415,755 rows (56,178/57,596 buckets)
[W9]   → Inserted 106,518,724 rows (56,209/57,596 buckets)
[W9]   → Inserted 106,621,687 rows (56,240/57,596 buckets)
[W9]   → Inserted 106,724,725 rows (56,271/57,596 buckets)
[W9]   → Inserted 106,827,799 rows (56,302/57,596 buckets)
[W9]   → Inserted 106,930,801 rows (56,333/57,596 buckets)
[W9]   → Inserted 107,033,844 rows (56,364/57,596 buckets)
[W9]   → Inserted 107,136,848 rows (56,395/57,596 buckets)
[W9]   → Inserted 107,239,759 rows (56,426/57,596 buckets)
[W9]   → Inserted 107,342,570 rows (56,457/57,596 buckets)
[W9]   → Inserted 107,445,274 rows (56,488/57,596 buckets)
[W9]   → Inserted 107,548,124 rows (56,519/57,596 buckets)
[W9]   → Inserted 107,651,009 rows (56,550/57,596 buckets)
[W9]   → Inserted 107,753,859 rows (56,581/57,596 buckets)
[W9]   → Inserted 107,856,729 rows (56,612/57,596 buckets)
[W9]   → Inserted 107,959,662 rows (56,643/57,596 buckets)
[W9]   → Inserted 108,062,538 rows (56,674/57,596 buckets)
[W9]   → Inserted 108,165,319 rows (56,705/57,596 buckets)
[W9]   → Inserted 108,268,041 rows (56,736/57,596 buckets)
[W9]   → Inserted 108,370,724 rows (56,767/57,596 buckets)
[W9]   → Inserted 108,473,348 rows (56,798/57,596 buckets)
[W9]   → Inserted 108,575,903 rows (56,829/57,596 buckets)
[W9]   → Inserted 108,678,512 rows (56,860/57,596 buckets)
[W9]   → Inserted 108,781,089 rows (56,891/57,596 buckets)
[W9]   → Inserted 108,883,722 rows (56,922/57,596 buckets)
[W9]   → Inserted 108,986,355 rows (56,953/57,596 buckets)
[W9]   → Inserted 109,088,898 rows (56,984/57,596 buckets)
[W9]   → Inserted 109,191,342 rows (57,015/57,596 buckets)
[W9]   → Inserted 109,293,862 rows (57,046/57,596 buckets)
[W9]   → Inserted 109,396,458 rows (57,077/57,596 buckets)
[W9]   → Inserted 109,499,067 rows (57,108/57,596 buckets)
[W9]   → Inserted 109,601,787 rows (57,139/57,596 buckets)
[W9]   → Inserted 109,704,347 rows (57,170/57,596 buckets)
[W9]   → Inserted 109,806,748 rows (57,201/57,596 buckets)
[W9]   → Inserted 109,909,150 rows (57,232/57,596 buckets)
[W9]   → Inserted 110,011,543 rows (57,263/57,596 buckets)
[W9]   → Inserted 110,113,983 rows (57,294/57,596 buckets)
[W9]   → Inserted 110,216,471 rows (57,325/57,596 buckets)
[W9]   → Inserted 110,318,957 rows (57,356/57,596 buckets)
[W9]   → Inserted 110,421,447 rows (57,387/57,596 buckets)
[W9]   → Inserted 110,523,902 rows (57,418/57,596 buckets)
[W9]   → Inserted 110,626,351 rows (57,449/57,596 buckets)
[W9]   → Inserted 110,728,814 rows (57,480/57,596 buckets)
[W9]   → Inserted 110,831,247 rows (57,511/57,596 buckets)
[W9]   → Inserted 110,933,688 rows (57,542/57,596 buckets)
[W9]   → Inserted 111,036,151 rows (57,573/57,596 buckets)
[W9]   Complete: 111,108,883 heatmap rows, 7,904 active orders
[W9] Rebuilding 2025-10-13...
[W9]   Fetching MBO events...
