2026-05-13 12:53:08,681 [INFO] ============================================================
2026-05-13 12:53:08,681 [INFO] L2 Parquet Importer Started
2026-05-13 12:53:08,681 [INFO] Monitoring: /home/bernard/trading4/CG_MNQ_MarketReplayLab/data/l2_parquet
2026-05-13 12:53:08,681 [INFO] Check interval: 30s
2026-05-13 12:53:08,681 [INFO] ============================================================
2026-05-13 12:53:08,741 [INFO] Current DB: 2,826,878 rows | 2026-03-02 07:40:00.588 → 2026-03-02 10:01:46.176
2026-05-13 12:53:08,742 [INFO] 
2026-05-13 12:56:08,744 [INFO] Importing l2_depth_2026-03-02.parquet...
2026-05-13 12:56:11,486 [INFO]   ✓ Imported 1,480,895 rows
2026-05-13 12:56:11,495 [INFO] Importing l2_depth_2026-02-27.parquet...
2026-05-13 12:56:11,544 [INFO]   ✓ Imported 1,380 rows
2026-05-13 12:57:41,589 [INFO] DB Status: 4,309,153 rows | Latest: 2026-03-02 10:01:49.988
2026-05-13 13:02:41,642 [INFO] DB Status: 4,309,153 rows | Latest: 2026-03-02 10:01:49.988
2026-05-13 13:07:41,692 [INFO] DB Status: 4,309,153 rows | Latest: 2026-03-02 10:01:49.988
2026-05-13 13:12:41,743 [INFO] DB Status: 4,309,153 rows | Latest: 2026-03-02 10:01:49.988
2026-05-13 13:17:41,790 [INFO] DB Status: 4,309,153 rows | Latest: 2026-03-02 10:01:49.988
2026-05-13 13:22:41,838 [INFO] DB Status: 4,309,153 rows | Latest: 2026-03-02 10:01:49.988
2026-05-13 13:27:41,886 [INFO] DB Status: 4,309,153 rows | Latest: 2026-03-02 10:01:49.988
2026-05-13 13:32:41,933 [INFO] DB Status: 4,309,153 rows | Latest: 2026-03-02 10:01:49.988
2026-05-13 13:37:41,980 [INFO] DB Status: 4,309,153 rows | Latest: 2026-03-02 10:01:49.988
2026-05-13 13:42:42,028 [INFO] DB Status: 4,309,153 rows | Latest: 2026-03-02 10:01:49.988
2026-05-13 13:47:42,076 [INFO] DB Status: 4,309,153 rows | Latest: 2026-03-02 10:01:49.988
2026-05-13 13:52:42,124 [INFO] DB Status: 4,309,153 rows | Latest: 2026-03-02 10:01:49.988
2026-05-13 13:57:42,171 [INFO] DB Status: 4,309,153 rows | Latest: 2026-03-02 10:01:49.988
2026-05-13 14:02:42,218 [INFO] DB Status: 4,309,153 rows | Latest: 2026-03-02 10:01:49.988
2026-05-13 14:07:42,263 [INFO] DB Status: 4,309,153 rows | Latest: 2026-03-02 10:01:49.988
2026-05-13 14:12:42,311 [INFO] DB Status: 4,309,153 rows | Latest: 2026-03-02 10:01:49.988
2026-05-13 14:17:42,361 [INFO] DB Status: 4,309,153 rows | Latest: 2026-03-02 10:01:49.988
2026-05-13 14:22:42,409 [INFO] DB Status: 4,309,153 rows | Latest: 2026-03-02 10:01:49.988
2026-05-13 14:27:42,455 [INFO] DB Status: 4,309,153 rows | Latest: 2026-03-02 10:01:49.988
2026-05-13 14:32:42,501 [INFO] DB Status: 4,309,153 rows | Latest: 2026-03-02 10:01:49.988
2026-05-13 14:37:42,546 [INFO] DB Status: 4,309,153 rows | Latest: 2026-03-02 10:01:49.988
2026-05-13 14:42:42,591 [INFO] DB Status: 4,309,153 rows | Latest: 2026-03-02 10:01:49.988
2026-05-13 14:47:42,641 [INFO] DB Status: 4,309,153 rows | Latest: 2026-03-02 10:01:49.988
2026-05-13 14:52:42,690 [INFO] DB Status: 4,309,153 rows | Latest: 2026-03-02 10:01:49.988
2026-05-13 14:57:42,740 [INFO] DB Status: 4,309,153 rows | Latest: 2026-03-02 10:01:49.988
2026-05-13 15:02:42,789 [INFO] DB Status: 4,309,153 rows | Latest: 2026-03-02 10:01:49.988
2026-05-13 15:07:42,842 [INFO] DB Status: 4,309,153 rows | Latest: 2026-03-02 10:01:49.988
2026-05-13 15:12:42,892 [INFO] DB Status: 4,309,153 rows | Latest: 2026-03-02 10:01:49.988
2026-05-13 15:17:42,944 [INFO] DB Status: 4,309,153 rows | Latest: 2026-03-02 10:01:49.988
2026-05-13 15:22:42,992 [INFO] DB Status: 4,309,153 rows | Latest: 2026-03-02 10:01:49.988
2026-05-13 15:27:43,049 [INFO] DB Status: 4,309,153 rows | Latest: 2026-03-02 10:01:49.988
2026-05-13 15:32:43,097 [INFO] DB Status: 4,309,153 rows | Latest: 2026-03-02 10:01:49.988
2026-05-13 15:37:43,146 [INFO] DB Status: 4,309,153 rows | Latest: 2026-03-02 10:01:49.988
2026-05-13 15:42:43,193 [INFO] DB Status: 4,309,153 rows | Latest: 2026-03-02 10:01:49.988
2026-05-13 15:47:43,243 [INFO] DB Status: 4,309,153 rows | Latest: 2026-03-02 10:01:49.988
2026-05-13 15:52:43,291 [INFO] DB Status: 4,309,153 rows | Latest: 2026-03-02 10:01:49.988
2026-05-13 15:57:43,338 [INFO] DB Status: 4,309,153 rows | Latest: 2026-03-02 10:01:49.988
2026-05-13 16:02:43,387 [INFO] DB Status: 4,309,153 rows | Latest: 2026-03-02 10:01:49.988
2026-05-13 16:07:43,433 [INFO] DB Status: 4,309,153 rows | Latest: 2026-03-02 10:01:49.988
2026-05-13 16:12:43,482 [INFO] DB Status: 4,309,153 rows | Latest: 2026-03-02 10:01:49.988
2026-05-13 16:17:43,529 [INFO] DB Status: 4,309,153 rows | Latest: 2026-03-02 10:01:49.988
2026-05-13 16:22:43,587 [INFO] DB Status: 4,309,153 rows | Latest: 2026-03-02 10:01:49.988
2026-05-13 16:27:43,637 [INFO] DB Status: 4,309,153 rows | Latest: 2026-03-02 10:01:49.988
2026-05-13 16:32:43,687 [INFO] DB Status: 4,309,153 rows | Latest: 2026-03-02 10:01:49.988
2026-05-13 16:37:43,736 [INFO] DB Status: 4,309,153 rows | Latest: 2026-03-02 10:01:49.988
